   1              	 .syntax unified
   2              	 .cpu cortex-m4
   3              	 .eabi_attribute 27,3
   4              	 .fpu fpv4-sp-d16
   5              	 .eabi_attribute 20,1
   6              	 .eabi_attribute 21,1
   7              	 .eabi_attribute 23,3
   8              	 .eabi_attribute 24,1
   9              	 .eabi_attribute 25,1
  10              	 .eabi_attribute 26,1
  11              	 .eabi_attribute 30,6
  12              	 .eabi_attribute 34,1
  13              	 .eabi_attribute 18,4
  14              	 .thumb
  15              	 .file "mixer_tricopter.c"
  16              	 .text
  17              	.Ltext0:
  18              	 .cfi_sections .debug_frame
  19              	 .comm tricopterMixerConfig_System,1,4
  20              	 .comm tricopterMixerConfig_Copy,1,4
  21              	 .global tricopterMixerConfig_Registry
  22              	 .section .pg_registry,"a",%progbits
  23              	 .align 2
  26              	tricopterMixerConfig_Registry:
  27 0000 1002     	 .short 528
  28 0002 0100     	 .short 1
  29 0004 00000000 	 .word tricopterMixerConfig_System
  30 0008 00000000 	 .word tricopterMixerConfig_Copy
  31 000c 00000000 	 .word 0
  32 0010 00000000 	 .word pgResetTemplate_tricopterMixerConfig
  33              	 .global pgResetTemplate_tricopterMixerConfig
  34              	 .section .pg_resetdata,"a",%progbits
  35              	 .align 1
  38              	pgResetTemplate_tricopterMixerConfig:
  39 0000 00       	 .space 1
  40 0001 00       	 .section .text.mixerTricopterIsServoSaturated,"ax",%progbits
  41              	 .align 2
  42              	 .global mixerTricopterIsServoSaturated
  43              	 .thumb
  44              	 .thumb_func
  46              	mixerTricopterIsServoSaturated:
  47              	.LFB536:
  48              	 .file 1 "../cleanflight/src/main/flight/mixer_tricopter.c"
   1:../cleanflight/src/main/flight/mixer_tricopter.c **** /*
   2:../cleanflight/src/main/flight/mixer_tricopter.c ****  * This file is part of Cleanflight and Betaflight.
   3:../cleanflight/src/main/flight/mixer_tricopter.c ****  *
   4:../cleanflight/src/main/flight/mixer_tricopter.c ****  * Cleanflight and Betaflight are free software. You can redistribute
   5:../cleanflight/src/main/flight/mixer_tricopter.c ****  * this software and/or modify this software under the terms of the
   6:../cleanflight/src/main/flight/mixer_tricopter.c ****  * GNU General Public License as published by the Free Software
   7:../cleanflight/src/main/flight/mixer_tricopter.c ****  * Foundation, either version 3 of the License, or (at your option)
   8:../cleanflight/src/main/flight/mixer_tricopter.c ****  * any later version.
   9:../cleanflight/src/main/flight/mixer_tricopter.c ****  *
  10:../cleanflight/src/main/flight/mixer_tricopter.c ****  * Cleanflight and Betaflight are distributed in the hope that they
  11:../cleanflight/src/main/flight/mixer_tricopter.c ****  * will be useful, but WITHOUT ANY WARRANTY; without even the implied
  12:../cleanflight/src/main/flight/mixer_tricopter.c ****  * warranty of MERCHANTABILITY or FITNESS FOR A PARTICULAR PURPOSE.
  13:../cleanflight/src/main/flight/mixer_tricopter.c ****  * See the GNU General Public License for more details.
  14:../cleanflight/src/main/flight/mixer_tricopter.c ****  *
  15:../cleanflight/src/main/flight/mixer_tricopter.c ****  * You should have received a copy of the GNU General Public License
  16:../cleanflight/src/main/flight/mixer_tricopter.c ****  * along with this software.
  17:../cleanflight/src/main/flight/mixer_tricopter.c ****  *
  18:../cleanflight/src/main/flight/mixer_tricopter.c ****  * If not, see <http://www.gnu.org/licenses/>.
  19:../cleanflight/src/main/flight/mixer_tricopter.c ****  */
  20:../cleanflight/src/main/flight/mixer_tricopter.c **** 
  21:../cleanflight/src/main/flight/mixer_tricopter.c **** #include <stdbool.h>
  22:../cleanflight/src/main/flight/mixer_tricopter.c **** #include <stdint.h>
  23:../cleanflight/src/main/flight/mixer_tricopter.c **** 
  24:../cleanflight/src/main/flight/mixer_tricopter.c **** #include "platform.h"
  25:../cleanflight/src/main/flight/mixer_tricopter.c **** 
  26:../cleanflight/src/main/flight/mixer_tricopter.c **** #ifdef USE_SERVOS
  27:../cleanflight/src/main/flight/mixer_tricopter.c **** 
  28:../cleanflight/src/main/flight/mixer_tricopter.c **** #include "common/utils.h"
  29:../cleanflight/src/main/flight/mixer_tricopter.c **** 
  30:../cleanflight/src/main/flight/mixer_tricopter.c **** #include "flight/mixer.h"
  31:../cleanflight/src/main/flight/mixer_tricopter.c **** #include "flight/mixer_tricopter.h"
  32:../cleanflight/src/main/flight/mixer_tricopter.c **** 
  33:../cleanflight/src/main/flight/mixer_tricopter.c **** #include "pg/pg.h"
  34:../cleanflight/src/main/flight/mixer_tricopter.c **** #include "pg/pg_ids.h"
  35:../cleanflight/src/main/flight/mixer_tricopter.c **** 
  36:../cleanflight/src/main/flight/mixer_tricopter.c **** 
  37:../cleanflight/src/main/flight/mixer_tricopter.c **** PG_REGISTER_WITH_RESET_TEMPLATE(tricopterMixerConfig_t, tricopterMixerConfig, PG_TRICOPTER_CONFIG, 
  38:../cleanflight/src/main/flight/mixer_tricopter.c **** 
  39:../cleanflight/src/main/flight/mixer_tricopter.c **** PG_RESET_TEMPLATE(tricopterMixerConfig_t, tricopterMixerConfig,
  40:../cleanflight/src/main/flight/mixer_tricopter.c ****     .dummy = 0
  41:../cleanflight/src/main/flight/mixer_tricopter.c **** );
  42:../cleanflight/src/main/flight/mixer_tricopter.c **** 
  43:../cleanflight/src/main/flight/mixer_tricopter.c **** #define TRICOPTER_ERROR_RATE_YAW_SATURATED 75 // rate at which tricopter yaw axis becomes saturated
  44:../cleanflight/src/main/flight/mixer_tricopter.c **** 
  45:../cleanflight/src/main/flight/mixer_tricopter.c **** bool mixerTricopterIsServoSaturated(float errorRate)
  46:../cleanflight/src/main/flight/mixer_tricopter.c **** {
  49              	 .loc 1 46 0
  50              	 .cfi_startproc
  51              	 
  52              	 
  53              	 
  54 0000 80B4     	 push {r7}
  55              	.LCFI0:
  56              	 .cfi_def_cfa_offset 4
  57              	 .cfi_offset 7,-4
  58 0002 83B0     	 sub sp,sp,#12
  59              	.LCFI1:
  60              	 .cfi_def_cfa_offset 16
  61 0004 00AF     	 add r7,sp,#0
  62              	.LCFI2:
  63              	 .cfi_def_cfa_register 7
  64 0006 7860     	 str r0,[r7,#4]
  47:../cleanflight/src/main/flight/mixer_tricopter.c ****     return errorRate > TRICOPTER_ERROR_RATE_YAW_SATURATED;
  65              	 .loc 1 47 0
  66 0008 D7ED017A 	 flds s15,[r7,#4]
  67 000c 9FED077A 	 flds s14,.L3
  68 0010 F4EEC77A 	 fcmpes s15,s14
  69 0014 F1EE10FA 	 fmstat
  70 0018 CCBF     	 ite gt
  71 001a 0123     	 movgt r3,#1
  72 001c 0023     	 movle r3,#0
  73 001e DBB2     	 uxtb r3,r3
  48:../cleanflight/src/main/flight/mixer_tricopter.c **** }
  74              	 .loc 1 48 0
  75 0020 1846     	 mov r0,r3
  76 0022 0C37     	 adds r7,r7,#12
  77              	.LCFI3:
  78              	 .cfi_def_cfa_offset 4
  79 0024 BD46     	 mov sp,r7
  80              	.LCFI4:
  81              	 .cfi_def_cfa_register 13
  82              	 
  83 0026 5DF8047B 	 ldr r7,[sp],#4
  84              	.LCFI5:
  85              	 .cfi_restore 7
  86              	 .cfi_def_cfa_offset 0
  87 002a 7047     	 bx lr
  88              	.L4:
  89              	 .align 2
  90              	.L3:
  91 002c 00009642 	 .word 1117126656
  92              	 .cfi_endproc
  93              	.LFE536:
  95              	 .section .text.mixerTricopterMotorCorrection,"ax",%progbits
  96              	 .align 2
  97              	 .global mixerTricopterMotorCorrection
  98              	 .thumb
  99              	 .thumb_func
 101              	mixerTricopterMotorCorrection:
 102              	.LFB537:
  49:../cleanflight/src/main/flight/mixer_tricopter.c **** 
  50:../cleanflight/src/main/flight/mixer_tricopter.c **** float mixerTricopterMotorCorrection(int motor)
  51:../cleanflight/src/main/flight/mixer_tricopter.c **** {
 103              	 .loc 1 51 0
 104              	 .cfi_startproc
 105              	 
 106              	 
 107              	 
 108 0000 80B4     	 push {r7}
 109              	.LCFI6:
 110              	 .cfi_def_cfa_offset 4
 111              	 .cfi_offset 7,-4
 112 0002 83B0     	 sub sp,sp,#12
 113              	.LCFI7:
 114              	 .cfi_def_cfa_offset 16
 115 0004 00AF     	 add r7,sp,#0
 116              	.LCFI8:
 117              	 .cfi_def_cfa_register 7
 118 0006 7860     	 str r0,[r7,#4]
  52:../cleanflight/src/main/flight/mixer_tricopter.c ****     UNUSED(motor);
  53:../cleanflight/src/main/flight/mixer_tricopter.c ****     return 0.0f;
 119              	 .loc 1 53 0
 120 0008 4FF00003 	 mov r3,#0
  54:../cleanflight/src/main/flight/mixer_tricopter.c **** }
 121              	 .loc 1 54 0
 122 000c 1846     	 mov r0,r3
 123 000e 0C37     	 adds r7,r7,#12
 124              	.LCFI9:
 125              	 .cfi_def_cfa_offset 4
 126 0010 BD46     	 mov sp,r7
 127              	.LCFI10:
 128              	 .cfi_def_cfa_register 13
 129              	 
 130 0012 5DF8047B 	 ldr r7,[sp],#4
 131              	.LCFI11:
 132              	 .cfi_restore 7
 133              	 .cfi_def_cfa_offset 0
 134 0016 7047     	 bx lr
 135              	 .cfi_endproc
 136              	.LFE537:
 138              	 .section .text.mixerTricopterInit,"ax",%progbits
 139              	 .align 2
 140              	 .global mixerTricopterInit
 141              	 .thumb
 142              	 .thumb_func
 144              	mixerTricopterInit:
 145              	.LFB538:
  55:../cleanflight/src/main/flight/mixer_tricopter.c **** 
  56:../cleanflight/src/main/flight/mixer_tricopter.c **** void mixerTricopterInit(void)
  57:../cleanflight/src/main/flight/mixer_tricopter.c **** {
 146              	 .loc 1 57 0
 147              	 .cfi_startproc
 148              	 
 149              	 
 150              	 
 151 0000 80B4     	 push {r7}
 152              	.LCFI12:
 153              	 .cfi_def_cfa_offset 4
 154              	 .cfi_offset 7,-4
 155 0002 00AF     	 add r7,sp,#0
 156              	.LCFI13:
 157              	 .cfi_def_cfa_register 7
  58:../cleanflight/src/main/flight/mixer_tricopter.c **** 
  59:../cleanflight/src/main/flight/mixer_tricopter.c **** }
 158              	 .loc 1 59 0
 159 0004 BD46     	 mov sp,r7
 160              	.LCFI14:
 161              	 .cfi_def_cfa_register 13
 162              	 
 163 0006 5DF8047B 	 ldr r7,[sp],#4
 164              	.LCFI15:
 165              	 .cfi_restore 7
 166              	 .cfi_def_cfa_offset 0
 167 000a 7047     	 bx lr
 168              	 .cfi_endproc
 169              	.LFE538:
 171              	 .text
 172              	.Letext0:
 173              	 .file 2 "d:\\xmc\\dave-ide-4.4.2-64bit\\eclipse\\arm-gcc-49\\arm-none-eabi\\include\\machine\\_default_types.h"
 174              	 .file 3 "d:\\xmc\\dave-ide-4.4.2-64bit\\eclipse\\arm-gcc-49\\arm-none-eabi\\include\\stdint.h"
 175              	 .file 4 "D:/XMC/Projekte/Temp/CF_XMC4700/cleanflight/lib/main/XMC4000/XMCLib/inc/xmc_usic.h"
 176              	 .file 5 "D:/XMC/Projekte/Temp/CF_XMC4700/cleanflight/src/main/pg/pg.h"
 177              	 .file 6 "D:/XMC/Projekte/Temp/CF_XMC4700/cleanflight/src/main/common/time.h"
 178              	 .file 7 "D:/XMC/Projekte/Temp/CF_XMC4700/cleanflight/src/main/drivers/io_types.h"
 179              	 .file 8 "D:/XMC/Projekte/Temp/CF_XMC4700/cleanflight/src/main/drivers/pwm_output.h"
 180              	 .file 9 "D:/XMC/Projekte/Temp/CF_XMC4700/cleanflight/src/main/flight/mixer.h"
 181              	 .file 10 "D:/XMC/Projekte/Temp/CF_XMC4700/cleanflight/src/main/flight/mixer_tricopter.h"
 182              	 .file 11 "D:/XMC/Projekte/Temp/CF_XMC4700/cleanflight/lib/main/CMSIS/Core/Include/core_cm4.h"
 183              	 .file 12 "D:/XMC/Projekte/Temp/CF_XMC4700/cleanflight/lib/main/XMC4000/system_XMC4700.h"
DEFINED SYMBOLS
                            *ABS*:00000000 mixer_tricopter.c
                            *COM*:00000001 tricopterMixerConfig_System
                            *COM*:00000001 tricopterMixerConfig_Copy
    {standard input}:26     .pg_registry:00000000 tricopterMixerConfig_Registry
    {standard input}:23     .pg_registry:00000000 $d
    {standard input}:38     .pg_resetdata:00000000 pgResetTemplate_tricopterMixerConfig
    {standard input}:35     .pg_resetdata:00000000 $d
    {standard input}:41     .text.mixerTricopterIsServoSaturated:00000000 $t
    {standard input}:46     .text.mixerTricopterIsServoSaturated:00000000 mixerTricopterIsServoSaturated
    {standard input}:91     .text.mixerTricopterIsServoSaturated:0000002c $d
    {standard input}:96     .text.mixerTricopterMotorCorrection:00000000 $t
    {standard input}:101    .text.mixerTricopterMotorCorrection:00000000 mixerTricopterMotorCorrection
    {standard input}:139    .text.mixerTricopterInit:00000000 $t
    {standard input}:144    .text.mixerTricopterInit:00000000 mixerTricopterInit
                     .debug_frame:00000010 $d

NO UNDEFINED SYMBOLS
