   1              	 .syntax unified
   2              	 .cpu cortex-m4
   3              	 .eabi_attribute 27,3
   4              	 .fpu fpv4-sp-d16
   5              	 .eabi_attribute 20,1
   6              	 .eabi_attribute 21,1
   7              	 .eabi_attribute 23,3
   8              	 .eabi_attribute 24,1
   9              	 .eabi_attribute 25,1
  10              	 .eabi_attribute 26,1
  11              	 .eabi_attribute 30,6
  12              	 .eabi_attribute 34,1
  13              	 .eabi_attribute 18,4
  14              	 .thumb
  15              	 .file "accgyro_l3g4200d.c"
  16              	 .text
  17              	.Ltext0:
  18              	 .cfi_sections .debug_frame
  19              	 .section .text.l3g4200dInit,"ax",%progbits
  20              	 .align 2
  21              	 .thumb
  22              	 .thumb_func
  24              	l3g4200dInit:
  25              	.LFB535:
  26              	 .file 1 "../cleanflight/src/main/drivers/accgyro_legacy/accgyro_l3g4200d.c"
   1:../cleanflight/src/main/drivers/accgyro_legacy/accgyro_l3g4200d.c **** /*
   2:../cleanflight/src/main/drivers/accgyro_legacy/accgyro_l3g4200d.c ****  * This file is part of Cleanflight and Betaflight.
   3:../cleanflight/src/main/drivers/accgyro_legacy/accgyro_l3g4200d.c ****  *
   4:../cleanflight/src/main/drivers/accgyro_legacy/accgyro_l3g4200d.c ****  * Cleanflight and Betaflight are free software. You can redistribute
   5:../cleanflight/src/main/drivers/accgyro_legacy/accgyro_l3g4200d.c ****  * this software and/or modify this software under the terms of the
   6:../cleanflight/src/main/drivers/accgyro_legacy/accgyro_l3g4200d.c ****  * GNU General Public License as published by the Free Software
   7:../cleanflight/src/main/drivers/accgyro_legacy/accgyro_l3g4200d.c ****  * Foundation, either version 3 of the License, or (at your option)
   8:../cleanflight/src/main/drivers/accgyro_legacy/accgyro_l3g4200d.c ****  * any later version.
   9:../cleanflight/src/main/drivers/accgyro_legacy/accgyro_l3g4200d.c ****  *
  10:../cleanflight/src/main/drivers/accgyro_legacy/accgyro_l3g4200d.c ****  * Cleanflight and Betaflight are distributed in the hope that they
  11:../cleanflight/src/main/drivers/accgyro_legacy/accgyro_l3g4200d.c ****  * will be useful, but WITHOUT ANY WARRANTY; without even the implied
  12:../cleanflight/src/main/drivers/accgyro_legacy/accgyro_l3g4200d.c ****  * warranty of MERCHANTABILITY or FITNESS FOR A PARTICULAR PURPOSE.
  13:../cleanflight/src/main/drivers/accgyro_legacy/accgyro_l3g4200d.c ****  * See the GNU General Public License for more details.
  14:../cleanflight/src/main/drivers/accgyro_legacy/accgyro_l3g4200d.c ****  *
  15:../cleanflight/src/main/drivers/accgyro_legacy/accgyro_l3g4200d.c ****  * You should have received a copy of the GNU General Public License
  16:../cleanflight/src/main/drivers/accgyro_legacy/accgyro_l3g4200d.c ****  * along with this software.
  17:../cleanflight/src/main/drivers/accgyro_legacy/accgyro_l3g4200d.c ****  *
  18:../cleanflight/src/main/drivers/accgyro_legacy/accgyro_l3g4200d.c ****  * If not, see <http://www.gnu.org/licenses/>.
  19:../cleanflight/src/main/drivers/accgyro_legacy/accgyro_l3g4200d.c ****  */
  20:../cleanflight/src/main/drivers/accgyro_legacy/accgyro_l3g4200d.c **** 
  21:../cleanflight/src/main/drivers/accgyro_legacy/accgyro_l3g4200d.c **** // NOTE: This gyro is considered obsolete and may be removed in the future.
  22:../cleanflight/src/main/drivers/accgyro_legacy/accgyro_l3g4200d.c **** 
  23:../cleanflight/src/main/drivers/accgyro_legacy/accgyro_l3g4200d.c **** #include <stdbool.h>
  24:../cleanflight/src/main/drivers/accgyro_legacy/accgyro_l3g4200d.c **** #include <stdint.h>
  25:../cleanflight/src/main/drivers/accgyro_legacy/accgyro_l3g4200d.c **** 
  26:../cleanflight/src/main/drivers/accgyro_legacy/accgyro_l3g4200d.c **** #include "platform.h"
  27:../cleanflight/src/main/drivers/accgyro_legacy/accgyro_l3g4200d.c **** 
  28:../cleanflight/src/main/drivers/accgyro_legacy/accgyro_l3g4200d.c **** #include "drivers/accgyro/accgyro.h"
  29:../cleanflight/src/main/drivers/accgyro_legacy/accgyro_l3g4200d.c **** #include "accgyro_l3g4200d.h"
  30:../cleanflight/src/main/drivers/accgyro_legacy/accgyro_l3g4200d.c **** 
  31:../cleanflight/src/main/drivers/accgyro_legacy/accgyro_l3g4200d.c **** #include "common/maths.h"
  32:../cleanflight/src/main/drivers/accgyro_legacy/accgyro_l3g4200d.c **** #include "common/axis.h"
  33:../cleanflight/src/main/drivers/accgyro_legacy/accgyro_l3g4200d.c **** 
  34:../cleanflight/src/main/drivers/accgyro_legacy/accgyro_l3g4200d.c **** #include "drivers/bus_i2c.h"
  35:../cleanflight/src/main/drivers/accgyro_legacy/accgyro_l3g4200d.c **** #include "drivers/time.h"
  36:../cleanflight/src/main/drivers/accgyro_legacy/accgyro_l3g4200d.c **** #include "drivers/sensor.h"
  37:../cleanflight/src/main/drivers/accgyro_legacy/accgyro_l3g4200d.c **** #include "drivers/system.h"
  38:../cleanflight/src/main/drivers/accgyro_legacy/accgyro_l3g4200d.c **** 
  39:../cleanflight/src/main/drivers/accgyro_legacy/accgyro_l3g4200d.c **** 
  40:../cleanflight/src/main/drivers/accgyro_legacy/accgyro_l3g4200d.c **** // L3G4200D, Standard address 0x68
  41:../cleanflight/src/main/drivers/accgyro_legacy/accgyro_l3g4200d.c **** #define L3G4200D_ADDRESS         0x68
  42:../cleanflight/src/main/drivers/accgyro_legacy/accgyro_l3g4200d.c **** #define L3G4200D_ID              0xD3
  43:../cleanflight/src/main/drivers/accgyro_legacy/accgyro_l3g4200d.c **** #define L3G4200D_AUTOINCR        0x80
  44:../cleanflight/src/main/drivers/accgyro_legacy/accgyro_l3g4200d.c **** 
  45:../cleanflight/src/main/drivers/accgyro_legacy/accgyro_l3g4200d.c **** // Registers
  46:../cleanflight/src/main/drivers/accgyro_legacy/accgyro_l3g4200d.c **** #define L3G4200D_WHO_AM_I        0x0F
  47:../cleanflight/src/main/drivers/accgyro_legacy/accgyro_l3g4200d.c **** #define L3G4200D_CTRL_REG1       0x20
  48:../cleanflight/src/main/drivers/accgyro_legacy/accgyro_l3g4200d.c **** #define L3G4200D_CTRL_REG2       0x21
  49:../cleanflight/src/main/drivers/accgyro_legacy/accgyro_l3g4200d.c **** #define L3G4200D_CTRL_REG3       0x22
  50:../cleanflight/src/main/drivers/accgyro_legacy/accgyro_l3g4200d.c **** #define L3G4200D_CTRL_REG4       0x23
  51:../cleanflight/src/main/drivers/accgyro_legacy/accgyro_l3g4200d.c **** #define L3G4200D_CTRL_REG5       0x24
  52:../cleanflight/src/main/drivers/accgyro_legacy/accgyro_l3g4200d.c **** #define L3G4200D_REFERENCE       0x25
  53:../cleanflight/src/main/drivers/accgyro_legacy/accgyro_l3g4200d.c **** #define L3G4200D_STATUS_REG      0x27
  54:../cleanflight/src/main/drivers/accgyro_legacy/accgyro_l3g4200d.c **** #define L3G4200D_GYRO_OUT        0x28
  55:../cleanflight/src/main/drivers/accgyro_legacy/accgyro_l3g4200d.c **** 
  56:../cleanflight/src/main/drivers/accgyro_legacy/accgyro_l3g4200d.c **** // Bits
  57:../cleanflight/src/main/drivers/accgyro_legacy/accgyro_l3g4200d.c **** #define L3G4200D_POWER_ON        0x0F
  58:../cleanflight/src/main/drivers/accgyro_legacy/accgyro_l3g4200d.c **** #define L3G4200D_FS_SEL_2000DPS  0xF0
  59:../cleanflight/src/main/drivers/accgyro_legacy/accgyro_l3g4200d.c **** #define L3G4200D_DLPF_32HZ       0x00
  60:../cleanflight/src/main/drivers/accgyro_legacy/accgyro_l3g4200d.c **** #define L3G4200D_DLPF_54HZ       0x40
  61:../cleanflight/src/main/drivers/accgyro_legacy/accgyro_l3g4200d.c **** #define L3G4200D_DLPF_78HZ       0x80
  62:../cleanflight/src/main/drivers/accgyro_legacy/accgyro_l3g4200d.c **** #define L3G4200D_DLPF_93HZ       0xC0
  63:../cleanflight/src/main/drivers/accgyro_legacy/accgyro_l3g4200d.c **** 
  64:../cleanflight/src/main/drivers/accgyro_legacy/accgyro_l3g4200d.c **** static void l3g4200dInit(gyroDev_t *gyro)
  65:../cleanflight/src/main/drivers/accgyro_legacy/accgyro_l3g4200d.c **** {
  27              	 .loc 1 65 0
  28              	 .cfi_startproc
  29              	 
  30              	 
  31 0000 80B5     	 push {r7,lr}
  32              	.LCFI0:
  33              	 .cfi_def_cfa_offset 8
  34              	 .cfi_offset 7,-8
  35              	 .cfi_offset 14,-4
  36 0002 84B0     	 sub sp,sp,#16
  37              	.LCFI1:
  38              	 .cfi_def_cfa_offset 24
  39 0004 00AF     	 add r7,sp,#0
  40              	.LCFI2:
  41              	 .cfi_def_cfa_register 7
  42 0006 7860     	 str r0,[r7,#4]
  66:../cleanflight/src/main/drivers/accgyro_legacy/accgyro_l3g4200d.c ****     bool ack;
  67:../cleanflight/src/main/drivers/accgyro_legacy/accgyro_l3g4200d.c **** 
  68:../cleanflight/src/main/drivers/accgyro_legacy/accgyro_l3g4200d.c ****     // Removed lowpass filter selection and just default to 32Hz regardless of gyro->hardware_lpf
  69:../cleanflight/src/main/drivers/accgyro_legacy/accgyro_l3g4200d.c ****     // The previous selection was broken anyway as the old gyro->lpf values ranged from 0-7 and
  70:../cleanflight/src/main/drivers/accgyro_legacy/accgyro_l3g4200d.c ****     // the switch statement would have always taken the default and used L3G4200D_DLPF_32HZ
  71:../cleanflight/src/main/drivers/accgyro_legacy/accgyro_l3g4200d.c **** 
  72:../cleanflight/src/main/drivers/accgyro_legacy/accgyro_l3g4200d.c ****     delay(100);
  43              	 .loc 1 72 0
  44 0008 6420     	 movs r0,#100
  45 000a FFF7FEFF 	 bl delay
  73:../cleanflight/src/main/drivers/accgyro_legacy/accgyro_l3g4200d.c **** 
  74:../cleanflight/src/main/drivers/accgyro_legacy/accgyro_l3g4200d.c ****     ack = i2cWrite(MPU_I2C_INSTANCE, L3G4200D_ADDRESS, L3G4200D_CTRL_REG4, L3G4200D_FS_SEL_2000DPS)
  46              	 .loc 1 74 0
  47 000e 0420     	 movs r0,#4
  48 0010 6821     	 movs r1,#104
  49 0012 2322     	 movs r2,#35
  50 0014 F023     	 movs r3,#240
  51 0016 FFF7FEFF 	 bl i2cWrite
  52 001a 0346     	 mov r3,r0
  53 001c FB73     	 strb r3,[r7,#15]
  75:../cleanflight/src/main/drivers/accgyro_legacy/accgyro_l3g4200d.c ****     if (!ack)
  54              	 .loc 1 75 0
  55 001e FB7B     	 ldrb r3,[r7,#15]
  56 0020 83F00103 	 eor r3,r3,#1
  57 0024 DBB2     	 uxtb r3,r3
  58 0026 002B     	 cmp r3,#0
  59 0028 02D0     	 beq .L2
  76:../cleanflight/src/main/drivers/accgyro_legacy/accgyro_l3g4200d.c ****         failureMode(FAILURE_ACC_INIT);
  60              	 .loc 1 76 0
  61 002a 0220     	 movs r0,#2
  62 002c FFF7FEFF 	 bl failureMode
  63              	.L2:
  77:../cleanflight/src/main/drivers/accgyro_legacy/accgyro_l3g4200d.c **** 
  78:../cleanflight/src/main/drivers/accgyro_legacy/accgyro_l3g4200d.c ****     delay(5);
  64              	 .loc 1 78 0
  65 0030 0520     	 movs r0,#5
  66 0032 FFF7FEFF 	 bl delay
  79:../cleanflight/src/main/drivers/accgyro_legacy/accgyro_l3g4200d.c ****     i2cWrite(MPU_I2C_INSTANCE, L3G4200D_ADDRESS, L3G4200D_CTRL_REG1, L3G4200D_POWER_ON | L3G4200D_D
  67              	 .loc 1 79 0
  68 0036 0420     	 movs r0,#4
  69 0038 6821     	 movs r1,#104
  70 003a 2022     	 movs r2,#32
  71 003c 0F23     	 movs r3,#15
  72 003e FFF7FEFF 	 bl i2cWrite
  80:../cleanflight/src/main/drivers/accgyro_legacy/accgyro_l3g4200d.c **** 
  81:../cleanflight/src/main/drivers/accgyro_legacy/accgyro_l3g4200d.c ****     UNUSED(gyro);
  82:../cleanflight/src/main/drivers/accgyro_legacy/accgyro_l3g4200d.c **** }
  73              	 .loc 1 82 0
  74 0042 1037     	 adds r7,r7,#16
  75              	.LCFI3:
  76              	 .cfi_def_cfa_offset 8
  77 0044 BD46     	 mov sp,r7
  78              	.LCFI4:
  79              	 .cfi_def_cfa_register 13
  80              	 
  81 0046 80BD     	 pop {r7,pc}
  82              	 .cfi_endproc
  83              	.LFE535:
  85              	 .section .text.l3g4200dRead,"ax",%progbits
  86              	 .align 2
  87              	 .thumb
  88              	 .thumb_func
  90              	l3g4200dRead:
  91              	.LFB536:
  83:../cleanflight/src/main/drivers/accgyro_legacy/accgyro_l3g4200d.c **** 
  84:../cleanflight/src/main/drivers/accgyro_legacy/accgyro_l3g4200d.c **** // Read 3 gyro values into user-provided buffer. No overrun checking is done.
  85:../cleanflight/src/main/drivers/accgyro_legacy/accgyro_l3g4200d.c **** static bool l3g4200dRead(gyroDev_t *gyro)
  86:../cleanflight/src/main/drivers/accgyro_legacy/accgyro_l3g4200d.c **** {
  92              	 .loc 1 86 0
  93              	 .cfi_startproc
  94              	 
  95              	 
  96 0000 80B5     	 push {r7,lr}
  97              	.LCFI5:
  98              	 .cfi_def_cfa_offset 8
  99              	 .cfi_offset 7,-8
 100              	 .cfi_offset 14,-4
 101 0002 86B0     	 sub sp,sp,#24
 102              	.LCFI6:
 103              	 .cfi_def_cfa_offset 32
 104 0004 02AF     	 add r7,sp,#8
 105              	.LCFI7:
 106              	 .cfi_def_cfa 7,24
 107 0006 7860     	 str r0,[r7,#4]
  87:../cleanflight/src/main/drivers/accgyro_legacy/accgyro_l3g4200d.c ****     uint8_t buf[6];
  88:../cleanflight/src/main/drivers/accgyro_legacy/accgyro_l3g4200d.c **** 
  89:../cleanflight/src/main/drivers/accgyro_legacy/accgyro_l3g4200d.c ****     if (!i2cRead(MPU_I2C_INSTANCE, L3G4200D_ADDRESS, L3G4200D_AUTOINCR | L3G4200D_GYRO_OUT, 6, buf)
 108              	 .loc 1 89 0
 109 0008 07F10803 	 add r3,r7,#8
 110 000c 0093     	 str r3,[sp]
 111 000e 0420     	 movs r0,#4
 112 0010 6821     	 movs r1,#104
 113 0012 A822     	 movs r2,#168
 114 0014 0623     	 movs r3,#6
 115 0016 FFF7FEFF 	 bl i2cRead
 116 001a 0346     	 mov r3,r0
 117 001c 83F00103 	 eor r3,r3,#1
 118 0020 DBB2     	 uxtb r3,r3
 119 0022 002B     	 cmp r3,#0
 120 0024 01D0     	 beq .L4
  90:../cleanflight/src/main/drivers/accgyro_legacy/accgyro_l3g4200d.c ****         return false;
 121              	 .loc 1 90 0
 122 0026 0023     	 movs r3,#0
 123 0028 1EE0     	 b .L6
 124              	.L4:
  91:../cleanflight/src/main/drivers/accgyro_legacy/accgyro_l3g4200d.c ****     }
  92:../cleanflight/src/main/drivers/accgyro_legacy/accgyro_l3g4200d.c **** 
  93:../cleanflight/src/main/drivers/accgyro_legacy/accgyro_l3g4200d.c ****     gyro->gyroADCRaw[X] = (int16_t)((buf[0] << 8) | buf[1]);
 125              	 .loc 1 93 0
 126 002a 3B7A     	 ldrb r3,[r7,#8]
 127 002c 1B02     	 lsls r3,r3,#8
 128 002e 9AB2     	 uxth r2,r3
 129 0030 7B7A     	 ldrb r3,[r7,#9]
 130 0032 9BB2     	 uxth r3,r3
 131 0034 1343     	 orrs r3,r3,r2
 132 0036 9AB2     	 uxth r2,r3
 133 0038 7B68     	 ldr r3,[r7,#4]
 134 003a A3F84D20 	 strh r2,[r3,#77]
  94:../cleanflight/src/main/drivers/accgyro_legacy/accgyro_l3g4200d.c ****     gyro->gyroADCRaw[Y] = (int16_t)((buf[2] << 8) | buf[3]);
 135              	 .loc 1 94 0
 136 003e BB7A     	 ldrb r3,[r7,#10]
 137 0040 1B02     	 lsls r3,r3,#8
 138 0042 9AB2     	 uxth r2,r3
 139 0044 FB7A     	 ldrb r3,[r7,#11]
 140 0046 9BB2     	 uxth r3,r3
 141 0048 1343     	 orrs r3,r3,r2
 142 004a 9AB2     	 uxth r2,r3
 143 004c 7B68     	 ldr r3,[r7,#4]
 144 004e A3F84F20 	 strh r2,[r3,#79]
  95:../cleanflight/src/main/drivers/accgyro_legacy/accgyro_l3g4200d.c ****     gyro->gyroADCRaw[Z] = (int16_t)((buf[4] << 8) | buf[5]);
 145              	 .loc 1 95 0
 146 0052 3B7B     	 ldrb r3,[r7,#12]
 147 0054 1B02     	 lsls r3,r3,#8
 148 0056 9AB2     	 uxth r2,r3
 149 0058 7B7B     	 ldrb r3,[r7,#13]
 150 005a 9BB2     	 uxth r3,r3
 151 005c 1343     	 orrs r3,r3,r2
 152 005e 9AB2     	 uxth r2,r3
 153 0060 7B68     	 ldr r3,[r7,#4]
 154 0062 A3F85120 	 strh r2,[r3,#81]
  96:../cleanflight/src/main/drivers/accgyro_legacy/accgyro_l3g4200d.c **** 
  97:../cleanflight/src/main/drivers/accgyro_legacy/accgyro_l3g4200d.c ****     return true;
 155              	 .loc 1 97 0
 156 0066 0123     	 movs r3,#1
 157              	.L6:
  98:../cleanflight/src/main/drivers/accgyro_legacy/accgyro_l3g4200d.c **** }
 158              	 .loc 1 98 0 discriminator 1
 159 0068 1846     	 mov r0,r3
 160 006a 1037     	 adds r7,r7,#16
 161              	.LCFI8:
 162              	 .cfi_def_cfa_offset 8
 163 006c BD46     	 mov sp,r7
 164              	.LCFI9:
 165              	 .cfi_def_cfa_register 13
 166              	 
 167 006e 80BD     	 pop {r7,pc}
 168              	 .cfi_endproc
 169              	.LFE536:
 171              	 .section .text.l3g4200dDetect,"ax",%progbits
 172              	 .align 2
 173              	 .global l3g4200dDetect
 174              	 .thumb
 175              	 .thumb_func
 177              	l3g4200dDetect:
 178              	.LFB537:
  99:../cleanflight/src/main/drivers/accgyro_legacy/accgyro_l3g4200d.c **** 
 100:../cleanflight/src/main/drivers/accgyro_legacy/accgyro_l3g4200d.c **** bool l3g4200dDetect(gyroDev_t *gyro)
 101:../cleanflight/src/main/drivers/accgyro_legacy/accgyro_l3g4200d.c **** {
 179              	 .loc 1 101 0
 180              	 .cfi_startproc
 181              	 
 182              	 
 183 0000 80B5     	 push {r7,lr}
 184              	.LCFI10:
 185              	 .cfi_def_cfa_offset 8
 186              	 .cfi_offset 7,-8
 187              	 .cfi_offset 14,-4
 188 0002 86B0     	 sub sp,sp,#24
 189              	.LCFI11:
 190              	 .cfi_def_cfa_offset 32
 191 0004 02AF     	 add r7,sp,#8
 192              	.LCFI12:
 193              	 .cfi_def_cfa 7,24
 194 0006 7860     	 str r0,[r7,#4]
 102:../cleanflight/src/main/drivers/accgyro_legacy/accgyro_l3g4200d.c ****     uint8_t deviceid;
 103:../cleanflight/src/main/drivers/accgyro_legacy/accgyro_l3g4200d.c **** 
 104:../cleanflight/src/main/drivers/accgyro_legacy/accgyro_l3g4200d.c ****     delay(25);
 195              	 .loc 1 104 0
 196 0008 1920     	 movs r0,#25
 197 000a FFF7FEFF 	 bl delay
 105:../cleanflight/src/main/drivers/accgyro_legacy/accgyro_l3g4200d.c **** 
 106:../cleanflight/src/main/drivers/accgyro_legacy/accgyro_l3g4200d.c ****     i2cRead(MPU_I2C_INSTANCE, L3G4200D_ADDRESS, L3G4200D_WHO_AM_I, 1, &deviceid);
 198              	 .loc 1 106 0
 199 000e 07F10F03 	 add r3,r7,#15
 200 0012 0093     	 str r3,[sp]
 201 0014 0420     	 movs r0,#4
 202 0016 6821     	 movs r1,#104
 203 0018 0F22     	 movs r2,#15
 204 001a 0123     	 movs r3,#1
 205 001c FFF7FEFF 	 bl i2cRead
 107:../cleanflight/src/main/drivers/accgyro_legacy/accgyro_l3g4200d.c ****     if (deviceid != L3G4200D_ID)
 206              	 .loc 1 107 0
 207 0020 FB7B     	 ldrb r3,[r7,#15]
 208 0022 D32B     	 cmp r3,#211
 209 0024 01D0     	 beq .L8
 108:../cleanflight/src/main/drivers/accgyro_legacy/accgyro_l3g4200d.c ****         return false;
 210              	 .loc 1 108 0
 211 0026 0023     	 movs r3,#0
 212 0028 0AE0     	 b .L10
 213              	.L8:
 109:../cleanflight/src/main/drivers/accgyro_legacy/accgyro_l3g4200d.c **** 
 110:../cleanflight/src/main/drivers/accgyro_legacy/accgyro_l3g4200d.c ****     gyro->initFn = l3g4200dInit;
 214              	 .loc 1 110 0
 215 002a 7B68     	 ldr r3,[r7,#4]
 216 002c 064A     	 ldr r2,.L11
 217 002e 1A60     	 str r2,[r3]
 111:../cleanflight/src/main/drivers/accgyro_legacy/accgyro_l3g4200d.c ****     gyro->readFn = l3g4200dRead;
 218              	 .loc 1 111 0
 219 0030 7B68     	 ldr r3,[r7,#4]
 220 0032 064A     	 ldr r2,.L11+4
 221 0034 5A60     	 str r2,[r3,#4]
 112:../cleanflight/src/main/drivers/accgyro_legacy/accgyro_l3g4200d.c **** 
 113:../cleanflight/src/main/drivers/accgyro_legacy/accgyro_l3g4200d.c ****     // 14.2857dps/lsb scalefactor
 114:../cleanflight/src/main/drivers/accgyro_legacy/accgyro_l3g4200d.c ****     gyro->scale = 1.0f / 14.2857f;
 222              	 .loc 1 114 0
 223 0036 7B68     	 ldr r3,[r7,#4]
 224 0038 1933     	 adds r3,r3,#25
 225 003a 054A     	 ldr r2,.L11+8
 226 003c 1A60     	 str r2,[r3]
 115:../cleanflight/src/main/drivers/accgyro_legacy/accgyro_l3g4200d.c **** 
 116:../cleanflight/src/main/drivers/accgyro_legacy/accgyro_l3g4200d.c ****     return true;
 227              	 .loc 1 116 0
 228 003e 0123     	 movs r3,#1
 229              	.L10:
 117:../cleanflight/src/main/drivers/accgyro_legacy/accgyro_l3g4200d.c **** }
 230              	 .loc 1 117 0 discriminator 1
 231 0040 1846     	 mov r0,r3
 232 0042 1037     	 adds r7,r7,#16
 233              	.LCFI13:
 234              	 .cfi_def_cfa_offset 8
 235 0044 BD46     	 mov sp,r7
 236              	.LCFI14:
 237              	 .cfi_def_cfa_register 13
 238              	 
 239 0046 80BD     	 pop {r7,pc}
 240              	.L12:
 241              	 .align 2
 242              	.L11:
 243 0048 00000000 	 .word l3g4200dInit
 244 004c 00000000 	 .word l3g4200dRead
 245 0050 325C8F3D 	 .word 1032805426
 246              	 .cfi_endproc
 247              	.LFE537:
 249              	 .text
 250              	.Letext0:
 251              	 .file 2 "d:\\xmc\\dave-ide-4.4.2-64bit\\eclipse\\arm-gcc-49\\arm-none-eabi\\include\\machine\\_default_types.h"
 252              	 .file 3 "d:\\xmc\\dave-ide-4.4.2-64bit\\eclipse\\arm-gcc-49\\arm-none-eabi\\include\\stdint.h"
 253              	 .file 4 "D:/XMC/Projekte/Temp/CF_XMC4700/cleanflight/lib/main/XMC4000/xmc4700.h"
 254              	 .file 5 "D:/XMC/Projekte/Temp/CF_XMC4700/cleanflight/src/main/platform.h"
 255              	 .file 6 "D:/XMC/Projekte/Temp/CF_XMC4700/cleanflight/src/main/drivers/io_types.h"
 256              	 .file 7 "D:/XMC/Projekte/Temp/CF_XMC4700/cleanflight/src/main/drivers/exti.h"
 257              	 .file 8 "D:/XMC/Projekte/Temp/CF_XMC4700/cleanflight/src/main/drivers/bus_i2c.h"
 258              	 .file 9 "D:/XMC/Projekte/Temp/CF_XMC4700/cleanflight/src/main/common/axis.h"
 259              	 .file 10 "D:/XMC/Projekte/Temp/CF_XMC4700/cleanflight/src/main/drivers/bus.h"
 260              	 .file 11 "D:/XMC/Projekte/Temp/CF_XMC4700/cleanflight/src/main/drivers/sensor.h"
 261              	 .file 12 "D:/XMC/Projekte/Temp/CF_XMC4700/cleanflight/src/main/drivers/accgyro/accgyro.h"
 262              	 .file 13 "D:/XMC/Projekte/Temp/CF_XMC4700/cleanflight/src/main/drivers/accgyro/accgyro_mpu.h"
 263              	 .file 14 "D:/XMC/Projekte/Temp/CF_XMC4700/cleanflight/src/main/common/time.h"
 264              	 .file 15 "D:/XMC/Projekte/Temp/CF_XMC4700/cleanflight/src/main/sensors/gyro.h"
 265              	 .file 16 "D:/XMC/Projekte/Temp/CF_XMC4700/cleanflight/src/main/drivers/system.h"
 266              	 .file 17 "D:/XMC/Projekte/Temp/CF_XMC4700/cleanflight/lib/main/CMSIS/Core/Include/core_cm4.h"
 267              	 .file 18 "D:/XMC/Projekte/Temp/CF_XMC4700/cleanflight/lib/main/XMC4000/system_XMC4700.h"
DEFINED SYMBOLS
                            *ABS*:00000000 accgyro_l3g4200d.c
    {standard input}:20     .text.l3g4200dInit:00000000 $t
    {standard input}:24     .text.l3g4200dInit:00000000 l3g4200dInit
    {standard input}:86     .text.l3g4200dRead:00000000 $t
    {standard input}:90     .text.l3g4200dRead:00000000 l3g4200dRead
    {standard input}:172    .text.l3g4200dDetect:00000000 $t
    {standard input}:177    .text.l3g4200dDetect:00000000 l3g4200dDetect
    {standard input}:243    .text.l3g4200dDetect:00000048 $d
                     .debug_frame:00000010 $d

UNDEFINED SYMBOLS
delay
i2cWrite
failureMode
i2cRead
