   1              	 .syntax unified
   2              	 .cpu cortex-m4
   3              	 .eabi_attribute 27,3
   4              	 .fpu fpv4-sp-d16
   5              	 .eabi_attribute 20,1
   6              	 .eabi_attribute 21,1
   7              	 .eabi_attribute 23,3
   8              	 .eabi_attribute 24,1
   9              	 .eabi_attribute 25,1
  10              	 .eabi_attribute 26,1
  11              	 .eabi_attribute 30,6
  12              	 .eabi_attribute 34,1
  13              	 .eabi_attribute 18,4
  14              	 .thumb
  15              	 .file "accgyro_mpu6050.c"
  16              	 .text
  17              	.Ltext0:
  18              	 .cfi_sections .debug_frame
  19              	 .section .text.mpu6050AccInit,"ax",%progbits
  20              	 .align 2
  21              	 .thumb
  22              	 .thumb_func
  24              	mpu6050AccInit:
  25              	.LFB535:
  26              	 .file 1 "../cleanflight/src/main/drivers/accgyro/accgyro_mpu6050.c"
   1:../cleanflight/src/main/drivers/accgyro/accgyro_mpu6050.c **** /*
   2:../cleanflight/src/main/drivers/accgyro/accgyro_mpu6050.c ****  * This file is part of Cleanflight and Betaflight.
   3:../cleanflight/src/main/drivers/accgyro/accgyro_mpu6050.c ****  *
   4:../cleanflight/src/main/drivers/accgyro/accgyro_mpu6050.c ****  * Cleanflight and Betaflight are free software. You can redistribute
   5:../cleanflight/src/main/drivers/accgyro/accgyro_mpu6050.c ****  * this software and/or modify this software under the terms of the
   6:../cleanflight/src/main/drivers/accgyro/accgyro_mpu6050.c ****  * GNU General Public License as published by the Free Software
   7:../cleanflight/src/main/drivers/accgyro/accgyro_mpu6050.c ****  * Foundation, either version 3 of the License, or (at your option)
   8:../cleanflight/src/main/drivers/accgyro/accgyro_mpu6050.c ****  * any later version.
   9:../cleanflight/src/main/drivers/accgyro/accgyro_mpu6050.c ****  *
  10:../cleanflight/src/main/drivers/accgyro/accgyro_mpu6050.c ****  * Cleanflight and Betaflight are distributed in the hope that they
  11:../cleanflight/src/main/drivers/accgyro/accgyro_mpu6050.c ****  * will be useful, but WITHOUT ANY WARRANTY; without even the implied
  12:../cleanflight/src/main/drivers/accgyro/accgyro_mpu6050.c ****  * warranty of MERCHANTABILITY or FITNESS FOR A PARTICULAR PURPOSE.
  13:../cleanflight/src/main/drivers/accgyro/accgyro_mpu6050.c ****  * See the GNU General Public License for more details.
  14:../cleanflight/src/main/drivers/accgyro/accgyro_mpu6050.c ****  *
  15:../cleanflight/src/main/drivers/accgyro/accgyro_mpu6050.c ****  * You should have received a copy of the GNU General Public License
  16:../cleanflight/src/main/drivers/accgyro/accgyro_mpu6050.c ****  * along with this software.
  17:../cleanflight/src/main/drivers/accgyro/accgyro_mpu6050.c ****  *
  18:../cleanflight/src/main/drivers/accgyro/accgyro_mpu6050.c ****  * If not, see <http://www.gnu.org/licenses/>.
  19:../cleanflight/src/main/drivers/accgyro/accgyro_mpu6050.c ****  */
  20:../cleanflight/src/main/drivers/accgyro/accgyro_mpu6050.c **** 
  21:../cleanflight/src/main/drivers/accgyro/accgyro_mpu6050.c **** #include <stdbool.h>
  22:../cleanflight/src/main/drivers/accgyro/accgyro_mpu6050.c **** #include <stdint.h>
  23:../cleanflight/src/main/drivers/accgyro/accgyro_mpu6050.c **** #include <stdlib.h>
  24:../cleanflight/src/main/drivers/accgyro/accgyro_mpu6050.c **** 
  25:../cleanflight/src/main/drivers/accgyro/accgyro_mpu6050.c **** #include "platform.h"
  26:../cleanflight/src/main/drivers/accgyro/accgyro_mpu6050.c **** 
  27:../cleanflight/src/main/drivers/accgyro/accgyro_mpu6050.c **** #include "build/debug.h"
  28:../cleanflight/src/main/drivers/accgyro/accgyro_mpu6050.c **** 
  29:../cleanflight/src/main/drivers/accgyro/accgyro_mpu6050.c **** #include "common/maths.h"
  30:../cleanflight/src/main/drivers/accgyro/accgyro_mpu6050.c **** #include "common/utils.h"
  31:../cleanflight/src/main/drivers/accgyro/accgyro_mpu6050.c **** 
  32:../cleanflight/src/main/drivers/accgyro/accgyro_mpu6050.c **** #include "drivers/bus_i2c.h"
  33:../cleanflight/src/main/drivers/accgyro/accgyro_mpu6050.c **** #include "drivers/exti.h"
  34:../cleanflight/src/main/drivers/accgyro/accgyro_mpu6050.c **** #include "drivers/nvic.h"
  35:../cleanflight/src/main/drivers/accgyro/accgyro_mpu6050.c **** #include "drivers/sensor.h"
  36:../cleanflight/src/main/drivers/accgyro/accgyro_mpu6050.c **** #include "drivers/time.h"
  37:../cleanflight/src/main/drivers/accgyro/accgyro_mpu6050.c **** 
  38:../cleanflight/src/main/drivers/accgyro/accgyro_mpu6050.c **** #include "accgyro.h"
  39:../cleanflight/src/main/drivers/accgyro/accgyro_mpu6050.c **** #include "accgyro_mpu.h"
  40:../cleanflight/src/main/drivers/accgyro/accgyro_mpu6050.c **** #include "accgyro_mpu6050.h"
  41:../cleanflight/src/main/drivers/accgyro/accgyro_mpu6050.c **** 
  42:../cleanflight/src/main/drivers/accgyro/accgyro_mpu6050.c **** //#define DEBUG_MPU_DATA_READY_INTERRUPT
  43:../cleanflight/src/main/drivers/accgyro/accgyro_mpu6050.c **** 
  44:../cleanflight/src/main/drivers/accgyro/accgyro_mpu6050.c **** // MPU6050, Standard address 0x68
  45:../cleanflight/src/main/drivers/accgyro/accgyro_mpu6050.c **** // MPU_INT on PB13 on rev4 Naze32 hardware
  46:../cleanflight/src/main/drivers/accgyro/accgyro_mpu6050.c **** #define MPU6050_ADDRESS         0x68
  47:../cleanflight/src/main/drivers/accgyro/accgyro_mpu6050.c **** 
  48:../cleanflight/src/main/drivers/accgyro/accgyro_mpu6050.c **** #define DMP_MEM_START_ADDR 0x6E
  49:../cleanflight/src/main/drivers/accgyro/accgyro_mpu6050.c **** #define DMP_MEM_R_W 0x6F
  50:../cleanflight/src/main/drivers/accgyro/accgyro_mpu6050.c **** 
  51:../cleanflight/src/main/drivers/accgyro/accgyro_mpu6050.c **** #define MPU6050_SMPLRT_DIV      0       // 8000Hz
  52:../cleanflight/src/main/drivers/accgyro/accgyro_mpu6050.c **** 
  53:../cleanflight/src/main/drivers/accgyro/accgyro_mpu6050.c **** static void mpu6050AccInit(accDev_t *acc)
  54:../cleanflight/src/main/drivers/accgyro/accgyro_mpu6050.c **** {
  27              	 .loc 1 54 0
  28              	 .cfi_startproc
  29              	 
  30              	 
  31              	 
  32 0000 80B4     	 push {r7}
  33              	.LCFI0:
  34              	 .cfi_def_cfa_offset 4
  35              	 .cfi_offset 7,-4
  36 0002 83B0     	 sub sp,sp,#12
  37              	.LCFI1:
  38              	 .cfi_def_cfa_offset 16
  39 0004 00AF     	 add r7,sp,#0
  40              	.LCFI2:
  41              	 .cfi_def_cfa_register 7
  42 0006 7860     	 str r0,[r7,#4]
  55:../cleanflight/src/main/drivers/accgyro/accgyro_mpu6050.c ****     switch (acc->mpuDetectionResult.resolution) {
  43              	 .loc 1 55 0
  44 0008 7B68     	 ldr r3,[r7,#4]
  45 000a 9B7E     	 ldrb r3,[r3,#26]
  46 000c 002B     	 cmp r3,#0
  47 000e 02D0     	 beq .L3
  48 0010 012B     	 cmp r3,#1
  49 0012 08D0     	 beq .L4
  50 0014 0FE0     	 b .L1
  51              	.L3:
  56:../cleanflight/src/main/drivers/accgyro/accgyro_mpu6050.c ****         case MPU_HALF_RESOLUTION:
  57:../cleanflight/src/main/drivers/accgyro/accgyro_mpu6050.c ****             acc->acc_1G = 256 * 4;
  52              	 .loc 1 57 0
  53 0016 7B68     	 ldr r3,[r7,#4]
  54 0018 0022     	 movs r2,#0
  55 001a 5A74     	 strb r2,[r3,#17]
  56 001c 0022     	 movs r2,#0
  57 001e 42F00402 	 orr r2,r2,#4
  58 0022 9A74     	 strb r2,[r3,#18]
  58:../cleanflight/src/main/drivers/accgyro/accgyro_mpu6050.c ****             break;
  59              	 .loc 1 58 0
  60 0024 07E0     	 b .L1
  61              	.L4:
  59:../cleanflight/src/main/drivers/accgyro/accgyro_mpu6050.c ****         case MPU_FULL_RESOLUTION:
  60:../cleanflight/src/main/drivers/accgyro/accgyro_mpu6050.c ****             acc->acc_1G = 512 * 4;
  62              	 .loc 1 60 0
  63 0026 7B68     	 ldr r3,[r7,#4]
  64 0028 0022     	 movs r2,#0
  65 002a 5A74     	 strb r2,[r3,#17]
  66 002c 0022     	 movs r2,#0
  67 002e 42F00802 	 orr r2,r2,#8
  68 0032 9A74     	 strb r2,[r3,#18]
  61:../cleanflight/src/main/drivers/accgyro/accgyro_mpu6050.c ****             break;
  69              	 .loc 1 61 0
  70 0034 00BF     	 nop
  71              	.L1:
  62:../cleanflight/src/main/drivers/accgyro/accgyro_mpu6050.c ****     }
  63:../cleanflight/src/main/drivers/accgyro/accgyro_mpu6050.c **** }
  72              	 .loc 1 63 0
  73 0036 0C37     	 adds r7,r7,#12
  74              	.LCFI3:
  75              	 .cfi_def_cfa_offset 4
  76 0038 BD46     	 mov sp,r7
  77              	.LCFI4:
  78              	 .cfi_def_cfa_register 13
  79              	 
  80 003a 5DF8047B 	 ldr r7,[sp],#4
  81              	.LCFI5:
  82              	 .cfi_restore 7
  83              	 .cfi_def_cfa_offset 0
  84 003e 7047     	 bx lr
  85              	 .cfi_endproc
  86              	.LFE535:
  88              	 .section .text.mpu6050AccDetect,"ax",%progbits
  89              	 .align 2
  90              	 .global mpu6050AccDetect
  91              	 .thumb
  92              	 .thumb_func
  94              	mpu6050AccDetect:
  95              	.LFB536:
  64:../cleanflight/src/main/drivers/accgyro/accgyro_mpu6050.c **** 
  65:../cleanflight/src/main/drivers/accgyro/accgyro_mpu6050.c **** bool mpu6050AccDetect(accDev_t *acc)
  66:../cleanflight/src/main/drivers/accgyro/accgyro_mpu6050.c **** {
  96              	 .loc 1 66 0
  97              	 .cfi_startproc
  98              	 
  99              	 
 100              	 
 101 0000 80B4     	 push {r7}
 102              	.LCFI6:
 103              	 .cfi_def_cfa_offset 4
 104              	 .cfi_offset 7,-4
 105 0002 83B0     	 sub sp,sp,#12
 106              	.LCFI7:
 107              	 .cfi_def_cfa_offset 16
 108 0004 00AF     	 add r7,sp,#0
 109              	.LCFI8:
 110              	 .cfi_def_cfa_register 7
 111 0006 7860     	 str r0,[r7,#4]
  67:../cleanflight/src/main/drivers/accgyro/accgyro_mpu6050.c ****     if (acc->mpuDetectionResult.sensor != MPU_60x0) {
 112              	 .loc 1 67 0
 113 0008 7B68     	 ldr r3,[r7,#4]
 114 000a 5B7E     	 ldrb r3,[r3,#25]
 115 000c 022B     	 cmp r3,#2
 116 000e 01D0     	 beq .L6
  68:../cleanflight/src/main/drivers/accgyro/accgyro_mpu6050.c ****         return false;
 117              	 .loc 1 68 0
 118 0010 0023     	 movs r3,#0
 119 0012 0FE0     	 b .L7
 120              	.L6:
  69:../cleanflight/src/main/drivers/accgyro/accgyro_mpu6050.c ****     }
  70:../cleanflight/src/main/drivers/accgyro/accgyro_mpu6050.c **** 
  71:../cleanflight/src/main/drivers/accgyro/accgyro_mpu6050.c ****     acc->initFn = mpu6050AccInit;
 121              	 .loc 1 71 0
 122 0014 7B68     	 ldr r3,[r7,#4]
 123 0016 0A4A     	 ldr r2,.L10
 124 0018 1A60     	 str r2,[r3]
  72:../cleanflight/src/main/drivers/accgyro/accgyro_mpu6050.c ****     acc->readFn = mpuAccRead;
 125              	 .loc 1 72 0
 126 001a 7B68     	 ldr r3,[r7,#4]
 127 001c 094A     	 ldr r2,.L10+4
 128 001e 5A60     	 str r2,[r3,#4]
  73:../cleanflight/src/main/drivers/accgyro/accgyro_mpu6050.c ****     acc->revisionCode = (acc->mpuDetectionResult.resolution == MPU_HALF_RESOLUTION ? 'o' : 'n'); //
 129              	 .loc 1 73 0
 130 0020 7B68     	 ldr r3,[r7,#4]
 131 0022 9B7E     	 ldrb r3,[r3,#26]
 132 0024 002B     	 cmp r3,#0
 133 0026 01D1     	 bne .L8
 134              	 .loc 1 73 0 is_stmt 0 discriminator 1
 135 0028 6F22     	 movs r2,#111
 136 002a 00E0     	 b .L9
 137              	.L8:
 138              	 .loc 1 73 0 discriminator 2
 139 002c 6E22     	 movs r2,#110
 140              	.L9:
 141              	 .loc 1 73 0 discriminator 4
 142 002e 7B68     	 ldr r3,[r7,#4]
 143 0030 9A77     	 strb r2,[r3,#30]
  74:../cleanflight/src/main/drivers/accgyro/accgyro_mpu6050.c **** 
  75:../cleanflight/src/main/drivers/accgyro/accgyro_mpu6050.c ****     return true;
 144              	 .loc 1 75 0 is_stmt 1 discriminator 4
 145 0032 0123     	 movs r3,#1
 146              	.L7:
  76:../cleanflight/src/main/drivers/accgyro/accgyro_mpu6050.c **** }
 147              	 .loc 1 76 0
 148 0034 1846     	 mov r0,r3
 149 0036 0C37     	 adds r7,r7,#12
 150              	.LCFI9:
 151              	 .cfi_def_cfa_offset 4
 152 0038 BD46     	 mov sp,r7
 153              	.LCFI10:
 154              	 .cfi_def_cfa_register 13
 155              	 
 156 003a 5DF8047B 	 ldr r7,[sp],#4
 157              	.LCFI11:
 158              	 .cfi_restore 7
 159              	 .cfi_def_cfa_offset 0
 160 003e 7047     	 bx lr
 161              	.L11:
 162              	 .align 2
 163              	.L10:
 164 0040 00000000 	 .word mpu6050AccInit
 165 0044 00000000 	 .word mpuAccRead
 166              	 .cfi_endproc
 167              	.LFE536:
 169              	 .section .text.mpu6050GyroInit,"ax",%progbits
 170              	 .align 2
 171              	 .thumb
 172              	 .thumb_func
 174              	mpu6050GyroInit:
 175              	.LFB537:
  77:../cleanflight/src/main/drivers/accgyro/accgyro_mpu6050.c **** 
  78:../cleanflight/src/main/drivers/accgyro/accgyro_mpu6050.c **** static void mpu6050GyroInit(gyroDev_t *gyro)
  79:../cleanflight/src/main/drivers/accgyro/accgyro_mpu6050.c **** {
 176              	 .loc 1 79 0
 177              	 .cfi_startproc
 178              	 
 179              	 
 180 0000 90B5     	 push {r4,r7,lr}
 181              	.LCFI12:
 182              	 .cfi_def_cfa_offset 12
 183              	 .cfi_offset 4,-12
 184              	 .cfi_offset 7,-8
 185              	 .cfi_offset 14,-4
 186 0002 83B0     	 sub sp,sp,#12
 187              	.LCFI13:
 188              	 .cfi_def_cfa_offset 24
 189 0004 00AF     	 add r7,sp,#0
 190              	.LCFI14:
 191              	 .cfi_def_cfa_register 7
 192 0006 7860     	 str r0,[r7,#4]
  80:../cleanflight/src/main/drivers/accgyro/accgyro_mpu6050.c ****     mpuGyroInit(gyro);
 193              	 .loc 1 80 0
 194 0008 7868     	 ldr r0,[r7,#4]
 195 000a FFF7FEFF 	 bl mpuGyroInit
  81:../cleanflight/src/main/drivers/accgyro/accgyro_mpu6050.c **** 
  82:../cleanflight/src/main/drivers/accgyro/accgyro_mpu6050.c ****     busWriteRegister(&gyro->bus, MPU_RA_PWR_MGMT_1, 0x80);      //PWR_MGMT_1    -- DEVICE_RESET 1
 196              	 .loc 1 82 0
 197 000e 7B68     	 ldr r3,[r7,#4]
 198 0010 1033     	 adds r3,r3,#16
 199 0012 1846     	 mov r0,r3
 200 0014 6B21     	 movs r1,#107
 201 0016 8022     	 movs r2,#128
 202 0018 FFF7FEFF 	 bl busWriteRegister
  83:../cleanflight/src/main/drivers/accgyro/accgyro_mpu6050.c ****     delay(100);
 203              	 .loc 1 83 0
 204 001c 6420     	 movs r0,#100
 205 001e FFF7FEFF 	 bl delay
  84:../cleanflight/src/main/drivers/accgyro/accgyro_mpu6050.c ****     busWriteRegister(&gyro->bus, MPU_RA_PWR_MGMT_1, 0x03); //PWR_MGMT_1    -- SLEEP 0; CYCLE 0; TEM
 206              	 .loc 1 84 0
 207 0022 7B68     	 ldr r3,[r7,#4]
 208 0024 1033     	 adds r3,r3,#16
 209 0026 1846     	 mov r0,r3
 210 0028 6B21     	 movs r1,#107
 211 002a 0322     	 movs r2,#3
 212 002c FFF7FEFF 	 bl busWriteRegister
  85:../cleanflight/src/main/drivers/accgyro/accgyro_mpu6050.c ****     busWriteRegister(&gyro->bus, MPU_RA_SMPLRT_DIV, gyro->mpuDividerDrops); //SMPLRT_DIV    -- SMPL
 213              	 .loc 1 85 0
 214 0030 7B68     	 ldr r3,[r7,#4]
 215 0032 03F11002 	 add r2,r3,#16
 216 0036 7B68     	 ldr r3,[r7,#4]
 217 0038 93F86130 	 ldrb r3,[r3,#97]
 218 003c 1046     	 mov r0,r2
 219 003e 1921     	 movs r1,#25
 220 0040 1A46     	 mov r2,r3
 221 0042 FFF7FEFF 	 bl busWriteRegister
  86:../cleanflight/src/main/drivers/accgyro/accgyro_mpu6050.c ****     delay(15); //PLL Settling time when changing CLKSEL is max 10ms.  Use 15ms to be sure
 222              	 .loc 1 86 0
 223 0046 0F20     	 movs r0,#15
 224 0048 FFF7FEFF 	 bl delay
  87:../cleanflight/src/main/drivers/accgyro/accgyro_mpu6050.c ****     busWriteRegister(&gyro->bus, MPU_RA_CONFIG, mpuGyroDLPF(gyro)); //CONFIG        -- EXT_SYNC_SET
 225              	 .loc 1 87 0
 226 004c 7B68     	 ldr r3,[r7,#4]
 227 004e 03F11004 	 add r4,r3,#16
 228 0052 7868     	 ldr r0,[r7,#4]
 229 0054 FFF7FEFF 	 bl mpuGyroDLPF
 230 0058 0346     	 mov r3,r0
 231 005a 2046     	 mov r0,r4
 232 005c 1A21     	 movs r1,#26
 233 005e 1A46     	 mov r2,r3
 234 0060 FFF7FEFF 	 bl busWriteRegister
  88:../cleanflight/src/main/drivers/accgyro/accgyro_mpu6050.c ****     busWriteRegister(&gyro->bus, MPU_RA_GYRO_CONFIG, INV_FSR_2000DPS << 3);   //GYRO_CONFIG   -- FS
 235              	 .loc 1 88 0
 236 0064 7B68     	 ldr r3,[r7,#4]
 237 0066 1033     	 adds r3,r3,#16
 238 0068 1846     	 mov r0,r3
 239 006a 1B21     	 movs r1,#27
 240 006c 1822     	 movs r2,#24
 241 006e FFF7FEFF 	 bl busWriteRegister
  89:../cleanflight/src/main/drivers/accgyro/accgyro_mpu6050.c **** 
  90:../cleanflight/src/main/drivers/accgyro/accgyro_mpu6050.c ****     // ACC Init stuff.
  91:../cleanflight/src/main/drivers/accgyro/accgyro_mpu6050.c ****     // Accel scale 16g (2048 LSB/g)
  92:../cleanflight/src/main/drivers/accgyro/accgyro_mpu6050.c ****     busWriteRegister(&gyro->bus, MPU_RA_ACCEL_CONFIG, INV_FSR_16G << 3);
 242              	 .loc 1 92 0
 243 0072 7B68     	 ldr r3,[r7,#4]
 244 0074 1033     	 adds r3,r3,#16
 245 0076 1846     	 mov r0,r3
 246 0078 1C21     	 movs r1,#28
 247 007a 1822     	 movs r2,#24
 248 007c FFF7FEFF 	 bl busWriteRegister
  93:../cleanflight/src/main/drivers/accgyro/accgyro_mpu6050.c **** 
  94:../cleanflight/src/main/drivers/accgyro/accgyro_mpu6050.c ****     busWriteRegister(&gyro->bus, MPU_RA_INT_PIN_CFG,
 249              	 .loc 1 94 0
 250 0080 7B68     	 ldr r3,[r7,#4]
 251 0082 1033     	 adds r3,r3,#16
 252 0084 1846     	 mov r0,r3
 253 0086 3721     	 movs r1,#55
 254 0088 0222     	 movs r2,#2
 255 008a FFF7FEFF 	 bl busWriteRegister
  95:../cleanflight/src/main/drivers/accgyro/accgyro_mpu6050.c ****             0 << 7 | 0 << 6 | 0 << 5 | 0 << 4 | 0 << 3 | 0 << 2 | 1 << 1 | 0 << 0); // INT_PIN_CFG 
  96:../cleanflight/src/main/drivers/accgyro/accgyro_mpu6050.c **** 
  97:../cleanflight/src/main/drivers/accgyro/accgyro_mpu6050.c **** #ifdef USE_MPU_DATA_READY_SIGNAL
  98:../cleanflight/src/main/drivers/accgyro/accgyro_mpu6050.c ****     busWriteRegister(&gyro->bus, MPU_RA_INT_ENABLE, MPU_RF_DATA_RDY_EN);
  99:../cleanflight/src/main/drivers/accgyro/accgyro_mpu6050.c **** #endif
 100:../cleanflight/src/main/drivers/accgyro/accgyro_mpu6050.c **** }
 256              	 .loc 1 100 0
 257 008e 0C37     	 adds r7,r7,#12
 258              	.LCFI15:
 259              	 .cfi_def_cfa_offset 12
 260 0090 BD46     	 mov sp,r7
 261              	.LCFI16:
 262              	 .cfi_def_cfa_register 13
 263              	 
 264 0092 90BD     	 pop {r4,r7,pc}
 265              	 .cfi_endproc
 266              	.LFE537:
 268              	 .section .text.mpu6050GyroDetect,"ax",%progbits
 269              	 .align 2
 270              	 .global mpu6050GyroDetect
 271              	 .thumb
 272              	 .thumb_func
 274              	mpu6050GyroDetect:
 275              	.LFB538:
 101:../cleanflight/src/main/drivers/accgyro/accgyro_mpu6050.c **** 
 102:../cleanflight/src/main/drivers/accgyro/accgyro_mpu6050.c **** bool mpu6050GyroDetect(gyroDev_t *gyro)
 103:../cleanflight/src/main/drivers/accgyro/accgyro_mpu6050.c **** {
 276              	 .loc 1 103 0
 277              	 .cfi_startproc
 278              	 
 279              	 
 280              	 
 281 0000 80B4     	 push {r7}
 282              	.LCFI17:
 283              	 .cfi_def_cfa_offset 4
 284              	 .cfi_offset 7,-4
 285 0002 83B0     	 sub sp,sp,#12
 286              	.LCFI18:
 287              	 .cfi_def_cfa_offset 16
 288 0004 00AF     	 add r7,sp,#0
 289              	.LCFI19:
 290              	 .cfi_def_cfa_register 7
 291 0006 7860     	 str r0,[r7,#4]
 104:../cleanflight/src/main/drivers/accgyro/accgyro_mpu6050.c ****     if (gyro->mpuDetectionResult.sensor != MPU_60x0) {
 292              	 .loc 1 104 0
 293 0008 7B68     	 ldr r3,[r7,#4]
 294 000a 93F85930 	 ldrb r3,[r3,#89]
 295 000e 022B     	 cmp r3,#2
 296 0010 01D0     	 beq .L14
 105:../cleanflight/src/main/drivers/accgyro/accgyro_mpu6050.c ****         return false;
 297              	 .loc 1 105 0
 298 0012 0023     	 movs r3,#0
 299 0014 0AE0     	 b .L15
 300              	.L14:
 106:../cleanflight/src/main/drivers/accgyro/accgyro_mpu6050.c ****     }
 107:../cleanflight/src/main/drivers/accgyro/accgyro_mpu6050.c ****     gyro->initFn = mpu6050GyroInit;
 301              	 .loc 1 107 0
 302 0016 7B68     	 ldr r3,[r7,#4]
 303 0018 074A     	 ldr r2,.L16
 304 001a 1A60     	 str r2,[r3]
 108:../cleanflight/src/main/drivers/accgyro/accgyro_mpu6050.c ****     gyro->readFn = mpuGyroRead;
 305              	 .loc 1 108 0
 306 001c 7B68     	 ldr r3,[r7,#4]
 307 001e 074A     	 ldr r2,.L16+4
 308 0020 5A60     	 str r2,[r3,#4]
 109:../cleanflight/src/main/drivers/accgyro/accgyro_mpu6050.c **** 
 110:../cleanflight/src/main/drivers/accgyro/accgyro_mpu6050.c ****     // 16.4 dps/lsb scalefactor
 111:../cleanflight/src/main/drivers/accgyro/accgyro_mpu6050.c ****     gyro->scale = 1.0f / 16.4f;
 309              	 .loc 1 111 0
 310 0022 7B68     	 ldr r3,[r7,#4]
 311 0024 1933     	 adds r3,r3,#25
 312 0026 064A     	 ldr r2,.L16+8
 313 0028 1A60     	 str r2,[r3]
 112:../cleanflight/src/main/drivers/accgyro/accgyro_mpu6050.c **** 
 113:../cleanflight/src/main/drivers/accgyro/accgyro_mpu6050.c ****     return true;
 314              	 .loc 1 113 0
 315 002a 0123     	 movs r3,#1
 316              	.L15:
 114:../cleanflight/src/main/drivers/accgyro/accgyro_mpu6050.c **** }
 317              	 .loc 1 114 0
 318 002c 1846     	 mov r0,r3
 319 002e 0C37     	 adds r7,r7,#12
 320              	.LCFI20:
 321              	 .cfi_def_cfa_offset 4
 322 0030 BD46     	 mov sp,r7
 323              	.LCFI21:
 324              	 .cfi_def_cfa_register 13
 325              	 
 326 0032 5DF8047B 	 ldr r7,[sp],#4
 327              	.LCFI22:
 328              	 .cfi_restore 7
 329              	 .cfi_def_cfa_offset 0
 330 0036 7047     	 bx lr
 331              	.L17:
 332              	 .align 2
 333              	.L16:
 334 0038 00000000 	 .word mpu6050GyroInit
 335 003c 00000000 	 .word mpuGyroRead
 336 0040 90C1793D 	 .word 1031389584
 337              	 .cfi_endproc
 338              	.LFE538:
 340              	 .text
 341              	.Letext0:
 342              	 .file 2 "d:\\xmc\\dave-ide-4.4.2-64bit\\eclipse\\arm-gcc-49\\arm-none-eabi\\include\\machine\\_default_types.h"
 343              	 .file 3 "d:\\xmc\\dave-ide-4.4.2-64bit\\eclipse\\arm-gcc-49\\arm-none-eabi\\include\\stdint.h"
 344              	 .file 4 "D:/XMC/Projekte/Temp/CF_XMC4700/cleanflight/lib/main/XMC4000/xmc4700.h"
 345              	 .file 5 "D:/XMC/Projekte/Temp/CF_XMC4700/cleanflight/src/main/platform.h"
 346              	 .file 6 "D:/XMC/Projekte/Temp/CF_XMC4700/cleanflight/src/main/drivers/io_types.h"
 347              	 .file 7 "D:/XMC/Projekte/Temp/CF_XMC4700/cleanflight/src/main/drivers/bus_i2c.h"
 348              	 .file 8 "D:/XMC/Projekte/Temp/CF_XMC4700/cleanflight/src/main/drivers/exti.h"
 349              	 .file 9 "D:/XMC/Projekte/Temp/CF_XMC4700/cleanflight/src/main/drivers/sensor.h"
 350              	 .file 10 "../cleanflight/src/main/drivers/accgyro/accgyro.h"
 351              	 .file 11 "D:/XMC/Projekte/Temp/CF_XMC4700/cleanflight/src/main/common/time.h"
 352              	 .file 12 "D:/XMC/Projekte/Temp/CF_XMC4700/cleanflight/src/main/drivers/bus.h"
 353              	 .file 13 "D:/XMC/Projekte/Temp/CF_XMC4700/cleanflight/src/main/drivers/accgyro/accgyro_mpu.h"
 354              	 .file 14 "D:/XMC/Projekte/Temp/CF_XMC4700/cleanflight/src/main/sensors/gyro.h"
 355              	 .file 15 "D:/XMC/Projekte/Temp/CF_XMC4700/cleanflight/lib/main/CMSIS/Core/Include/core_cm4.h"
 356              	 .file 16 "D:/XMC/Projekte/Temp/CF_XMC4700/cleanflight/lib/main/XMC4000/system_XMC4700.h"
DEFINED SYMBOLS
                            *ABS*:00000000 accgyro_mpu6050.c
    {standard input}:20     .text.mpu6050AccInit:00000000 $t
    {standard input}:24     .text.mpu6050AccInit:00000000 mpu6050AccInit
    {standard input}:89     .text.mpu6050AccDetect:00000000 $t
    {standard input}:94     .text.mpu6050AccDetect:00000000 mpu6050AccDetect
    {standard input}:164    .text.mpu6050AccDetect:00000040 $d
    {standard input}:170    .text.mpu6050GyroInit:00000000 $t
    {standard input}:174    .text.mpu6050GyroInit:00000000 mpu6050GyroInit
    {standard input}:269    .text.mpu6050GyroDetect:00000000 $t
    {standard input}:274    .text.mpu6050GyroDetect:00000000 mpu6050GyroDetect
    {standard input}:334    .text.mpu6050GyroDetect:00000038 $d
                     .debug_frame:00000010 $d

UNDEFINED SYMBOLS
mpuAccRead
mpuGyroInit
busWriteRegister
delay
mpuGyroDLPF
mpuGyroRead
