   1              	 .syntax unified
   2              	 .cpu cortex-m4
   3              	 .eabi_attribute 27,3
   4              	 .fpu fpv4-sp-d16
   5              	 .eabi_attribute 20,1
   6              	 .eabi_attribute 21,1
   7              	 .eabi_attribute 23,3
   8              	 .eabi_attribute 24,1
   9              	 .eabi_attribute 25,1
  10              	 .eabi_attribute 26,1
  11              	 .eabi_attribute 30,6
  12              	 .eabi_attribute 34,1
  13              	 .eabi_attribute 18,4
  14              	 .thumb
  15              	 .file "main.c"
  16              	 .text
  17              	.Ltext0:
  18              	 .cfi_sections .debug_frame
  19              	 .section .text.main,"ax",%progbits
  20              	 .align 2
  21              	 .global main
  22              	 .thumb
  23              	 .thumb_func
  25              	main:
  26              	.LFB527:
  27              	 .file 1 "../cleanflight/src/main/main.c"
   1:../cleanflight/src/main/main.c **** /*
   2:../cleanflight/src/main/main.c ****  * This file is part of Cleanflight and Betaflight.
   3:../cleanflight/src/main/main.c ****  *
   4:../cleanflight/src/main/main.c ****  * Cleanflight and Betaflight are free software. You can redistribute
   5:../cleanflight/src/main/main.c ****  * this software and/or modify this software under the terms of the
   6:../cleanflight/src/main/main.c ****  * GNU General Public License as published by the Free Software
   7:../cleanflight/src/main/main.c ****  * Foundation, either version 3 of the License, or (at your option)
   8:../cleanflight/src/main/main.c ****  * any later version.
   9:../cleanflight/src/main/main.c ****  *
  10:../cleanflight/src/main/main.c ****  * Cleanflight and Betaflight are distributed in the hope that they
  11:../cleanflight/src/main/main.c ****  * will be useful, but WITHOUT ANY WARRANTY; without even the implied
  12:../cleanflight/src/main/main.c ****  * warranty of MERCHANTABILITY or FITNESS FOR A PARTICULAR PURPOSE.
  13:../cleanflight/src/main/main.c ****  * See the GNU General Public License for more details.
  14:../cleanflight/src/main/main.c ****  *
  15:../cleanflight/src/main/main.c ****  * You should have received a copy of the GNU General Public License
  16:../cleanflight/src/main/main.c ****  * along with this software.
  17:../cleanflight/src/main/main.c ****  *
  18:../cleanflight/src/main/main.c ****  * If not, see <http://www.gnu.org/licenses/>.
  19:../cleanflight/src/main/main.c ****  */
  20:../cleanflight/src/main/main.c **** 
  21:../cleanflight/src/main/main.c **** #include <stdbool.h>
  22:../cleanflight/src/main/main.c **** #include <stdint.h>
  23:../cleanflight/src/main/main.c **** 
  24:../cleanflight/src/main/main.c **** #include "platform.h"
  25:../cleanflight/src/main/main.c **** 
  26:../cleanflight/src/main/main.c **** #include "fc/fc_init.h"
  27:../cleanflight/src/main/main.c **** 
  28:../cleanflight/src/main/main.c **** #include "scheduler/scheduler.h"
  29:../cleanflight/src/main/main.c **** 
  30:../cleanflight/src/main/main.c **** void run(void);
  31:../cleanflight/src/main/main.c **** 
  32:../cleanflight/src/main/main.c **** int main(void)
  33:../cleanflight/src/main/main.c **** {
  28              	 .loc 1 33 0
  29              	 .cfi_startproc
  30              	 
  31              	 
  32 0000 80B5     	 push {r7,lr}
  33              	.LCFI0:
  34              	 .cfi_def_cfa_offset 8
  35              	 .cfi_offset 7,-8
  36              	 .cfi_offset 14,-4
  37 0002 00AF     	 add r7,sp,#0
  38              	.LCFI1:
  39              	 .cfi_def_cfa_register 7
  34:../cleanflight/src/main/main.c ****     init();
  40              	 .loc 1 34 0
  41 0004 FFF7FEFF 	 bl init
  35:../cleanflight/src/main/main.c **** 
  36:../cleanflight/src/main/main.c ****     run();
  42              	 .loc 1 36 0
  43 0008 FFF7FEFF 	 bl run
  37:../cleanflight/src/main/main.c **** 
  38:../cleanflight/src/main/main.c ****     return 0;
  44              	 .loc 1 38 0
  45 000c 0023     	 movs r3,#0
  39:../cleanflight/src/main/main.c **** }
  46              	 .loc 1 39 0
  47 000e 1846     	 mov r0,r3
  48 0010 80BD     	 pop {r7,pc}
  49              	 .cfi_endproc
  50              	.LFE527:
  52 0012 00BF     	 .section .text.run,"ax",%progbits
  53              	 .align 2
  54              	 .global run
  55              	 .thumb
  56              	 .thumb_func
  58              	run:
  59              	.LFB528:
  40:../cleanflight/src/main/main.c **** 
  41:../cleanflight/src/main/main.c **** void FAST_CODE FAST_CODE_NOINLINE run(void)
  42:../cleanflight/src/main/main.c **** {
  60              	 .loc 1 42 0
  61              	 .cfi_startproc
  62              	 
  63              	 
  64 0000 80B5     	 push {r7,lr}
  65              	.LCFI2:
  66              	 .cfi_def_cfa_offset 8
  67              	 .cfi_offset 7,-8
  68              	 .cfi_offset 14,-4
  69 0002 00AF     	 add r7,sp,#0
  70              	.LCFI3:
  71              	 .cfi_def_cfa_register 7
  72              	.L4:
  43:../cleanflight/src/main/main.c ****     while (true) {
  44:../cleanflight/src/main/main.c ****         scheduler();
  73              	 .loc 1 44 0 discriminator 1
  74 0004 FFF7FEFF 	 bl scheduler
  45:../cleanflight/src/main/main.c ****         processLoopback();
  75              	 .loc 1 45 0 discriminator 1
  76 0008 FFF7FEFF 	 bl processLoopback
  46:../cleanflight/src/main/main.c **** #ifdef SIMULATOR_BUILD
  47:../cleanflight/src/main/main.c ****         delayMicroseconds_real(50); // max rate 20kHz
  48:../cleanflight/src/main/main.c **** #endif
  49:../cleanflight/src/main/main.c ****     }
  77              	 .loc 1 49 0 discriminator 1
  78 000c FAE7     	 b .L4
  79              	 .cfi_endproc
  80              	.LFE528:
  82 000e 00BF     	 .text
  83              	.Letext0:
  84              	 .file 2 "d:\\xmc\\dave-ide-4.4.2-64bit\\eclipse\\arm-gcc-49\\arm-none-eabi\\include\\machine\\_default_types.h"
  85              	 .file 3 "d:\\xmc\\dave-ide-4.4.2-64bit\\eclipse\\arm-gcc-49\\arm-none-eabi\\include\\stdint.h"
  86              	 .file 4 "D:/XMC/Projekte/Temp/CF_XMC4700/cleanflight/src/main/common/time.h"
  87              	 .file 5 "D:/XMC/Projekte/Temp/CF_XMC4700/cleanflight/lib/main/CMSIS/Core/Include/core_cm4.h"
  88              	 .file 6 "D:/XMC/Projekte/Temp/CF_XMC4700/cleanflight/lib/main/XMC4000/system_XMC4700.h"
DEFINED SYMBOLS
                            *ABS*:00000000 main.c
    {standard input}:20     .text.main:00000000 $t
    {standard input}:25     .text.main:00000000 main
    {standard input}:58     .text.run:00000000 run
    {standard input}:53     .text.run:00000000 $t
                     .debug_frame:00000010 $d

UNDEFINED SYMBOLS
init
scheduler
processLoopback
