   1              	 .syntax unified
   2              	 .cpu cortex-m4
   3              	 .eabi_attribute 27,3
   4              	 .fpu fpv4-sp-d16
   5              	 .eabi_attribute 20,1
   6              	 .eabi_attribute 21,1
   7              	 .eabi_attribute 23,3
   8              	 .eabi_attribute 24,1
   9              	 .eabi_attribute 25,1
  10              	 .eabi_attribute 26,1
  11              	 .eabi_attribute 30,6
  12              	 .eabi_attribute 34,1
  13              	 .eabi_attribute 18,4
  14              	 .thumb
  15              	 .file "cms_menu_osd.c"
  16              	 .text
  17              	.Ltext0:
  18              	 .cfi_sections .debug_frame
  19              	 .comm pCurrentDisplay,4,4
  20              	 .section .text.osdConfig,"ax",%progbits
  21              	 .align 2
  22              	 .thumb
  23              	 .thumb_func
  25              	osdConfig:
  26              	.LFB531:
  27              	 .file 1 "D:/XMC/Projekte/Temp/CF_XMC4700/cleanflight/src/main/io/osd.h"
   1:D:/XMC/Projekte/Temp/CF_XMC4700/cleanflight/src/main/io\osd.h **** /*
   2:D:/XMC/Projekte/Temp/CF_XMC4700/cleanflight/src/main/io\osd.h ****  * This file is part of Cleanflight and Betaflight.
   3:D:/XMC/Projekte/Temp/CF_XMC4700/cleanflight/src/main/io\osd.h ****  *
   4:D:/XMC/Projekte/Temp/CF_XMC4700/cleanflight/src/main/io\osd.h ****  * Cleanflight and Betaflight are free software. You can redistribute
   5:D:/XMC/Projekte/Temp/CF_XMC4700/cleanflight/src/main/io\osd.h ****  * this software and/or modify this software under the terms of the
   6:D:/XMC/Projekte/Temp/CF_XMC4700/cleanflight/src/main/io\osd.h ****  * GNU General Public License as published by the Free Software
   7:D:/XMC/Projekte/Temp/CF_XMC4700/cleanflight/src/main/io\osd.h ****  * Foundation, either version 3 of the License, or (at your option)
   8:D:/XMC/Projekte/Temp/CF_XMC4700/cleanflight/src/main/io\osd.h ****  * any later version.
   9:D:/XMC/Projekte/Temp/CF_XMC4700/cleanflight/src/main/io\osd.h ****  *
  10:D:/XMC/Projekte/Temp/CF_XMC4700/cleanflight/src/main/io\osd.h ****  * Cleanflight and Betaflight are distributed in the hope that they
  11:D:/XMC/Projekte/Temp/CF_XMC4700/cleanflight/src/main/io\osd.h ****  * will be useful, but WITHOUT ANY WARRANTY; without even the implied
  12:D:/XMC/Projekte/Temp/CF_XMC4700/cleanflight/src/main/io\osd.h ****  * warranty of MERCHANTABILITY or FITNESS FOR A PARTICULAR PURPOSE.
  13:D:/XMC/Projekte/Temp/CF_XMC4700/cleanflight/src/main/io\osd.h ****  * See the GNU General Public License for more details.
  14:D:/XMC/Projekte/Temp/CF_XMC4700/cleanflight/src/main/io\osd.h ****  *
  15:D:/XMC/Projekte/Temp/CF_XMC4700/cleanflight/src/main/io\osd.h ****  * You should have received a copy of the GNU General Public License
  16:D:/XMC/Projekte/Temp/CF_XMC4700/cleanflight/src/main/io\osd.h ****  * along with this software.
  17:D:/XMC/Projekte/Temp/CF_XMC4700/cleanflight/src/main/io\osd.h ****  *
  18:D:/XMC/Projekte/Temp/CF_XMC4700/cleanflight/src/main/io\osd.h ****  * If not, see <http://www.gnu.org/licenses/>.
  19:D:/XMC/Projekte/Temp/CF_XMC4700/cleanflight/src/main/io\osd.h ****  */
  20:D:/XMC/Projekte/Temp/CF_XMC4700/cleanflight/src/main/io\osd.h **** 
  21:D:/XMC/Projekte/Temp/CF_XMC4700/cleanflight/src/main/io\osd.h **** #pragma once
  22:D:/XMC/Projekte/Temp/CF_XMC4700/cleanflight/src/main/io\osd.h **** 
  23:D:/XMC/Projekte/Temp/CF_XMC4700/cleanflight/src/main/io\osd.h **** #include "common/time.h"
  24:D:/XMC/Projekte/Temp/CF_XMC4700/cleanflight/src/main/io\osd.h **** #include "pg/pg.h"
  25:D:/XMC/Projekte/Temp/CF_XMC4700/cleanflight/src/main/io\osd.h **** 
  26:D:/XMC/Projekte/Temp/CF_XMC4700/cleanflight/src/main/io\osd.h **** #define OSD_NUM_TIMER_TYPES 3
  27:D:/XMC/Projekte/Temp/CF_XMC4700/cleanflight/src/main/io\osd.h **** extern const char * const osdTimerSourceNames[OSD_NUM_TIMER_TYPES];
  28:D:/XMC/Projekte/Temp/CF_XMC4700/cleanflight/src/main/io\osd.h **** 
  29:D:/XMC/Projekte/Temp/CF_XMC4700/cleanflight/src/main/io\osd.h **** #define OSD_ELEMENT_BUFFER_LENGTH 32
  30:D:/XMC/Projekte/Temp/CF_XMC4700/cleanflight/src/main/io\osd.h **** 
  31:D:/XMC/Projekte/Temp/CF_XMC4700/cleanflight/src/main/io\osd.h **** #define VISIBLE_FLAG  0x0800
  32:D:/XMC/Projekte/Temp/CF_XMC4700/cleanflight/src/main/io\osd.h **** #define VISIBLE(x)    (x & VISIBLE_FLAG)
  33:D:/XMC/Projekte/Temp/CF_XMC4700/cleanflight/src/main/io\osd.h **** #define OSD_POS_MAX   0x3FF
  34:D:/XMC/Projekte/Temp/CF_XMC4700/cleanflight/src/main/io\osd.h **** #define OSD_POSCFG_MAX   (VISIBLE_FLAG|0x3FF) // For CLI values
  35:D:/XMC/Projekte/Temp/CF_XMC4700/cleanflight/src/main/io\osd.h **** 
  36:D:/XMC/Projekte/Temp/CF_XMC4700/cleanflight/src/main/io\osd.h **** // Character coordinate
  37:D:/XMC/Projekte/Temp/CF_XMC4700/cleanflight/src/main/io\osd.h **** #define OSD_POSITION_BITS 5 // 5 bits gives a range 0-31
  38:D:/XMC/Projekte/Temp/CF_XMC4700/cleanflight/src/main/io\osd.h **** #define OSD_POSITION_XY_MASK ((1 << OSD_POSITION_BITS) - 1)
  39:D:/XMC/Projekte/Temp/CF_XMC4700/cleanflight/src/main/io\osd.h **** #define OSD_POS(x,y)  ((x & OSD_POSITION_XY_MASK) | ((y & OSD_POSITION_XY_MASK) << OSD_POSITION_BIT
  40:D:/XMC/Projekte/Temp/CF_XMC4700/cleanflight/src/main/io\osd.h **** #define OSD_X(x)      (x & OSD_POSITION_XY_MASK)
  41:D:/XMC/Projekte/Temp/CF_XMC4700/cleanflight/src/main/io\osd.h **** #define OSD_Y(x)      ((x >> OSD_POSITION_BITS) & OSD_POSITION_XY_MASK)
  42:D:/XMC/Projekte/Temp/CF_XMC4700/cleanflight/src/main/io\osd.h **** 
  43:D:/XMC/Projekte/Temp/CF_XMC4700/cleanflight/src/main/io\osd.h **** // Timer configuration
  44:D:/XMC/Projekte/Temp/CF_XMC4700/cleanflight/src/main/io\osd.h **** // Stored as 15[alarm:8][precision:4][source:4]0
  45:D:/XMC/Projekte/Temp/CF_XMC4700/cleanflight/src/main/io\osd.h **** #define OSD_TIMER(src, prec, alarm) ((src & 0x0F) | ((prec & 0x0F) << 4) | ((alarm & 0xFF ) << 8))
  46:D:/XMC/Projekte/Temp/CF_XMC4700/cleanflight/src/main/io\osd.h **** #define OSD_TIMER_SRC(timer)        (timer & 0x0F)
  47:D:/XMC/Projekte/Temp/CF_XMC4700/cleanflight/src/main/io\osd.h **** #define OSD_TIMER_PRECISION(timer)  ((timer >> 4) & 0x0F)
  48:D:/XMC/Projekte/Temp/CF_XMC4700/cleanflight/src/main/io\osd.h **** #define OSD_TIMER_ALARM(timer)      ((timer >> 8) & 0xFF)
  49:D:/XMC/Projekte/Temp/CF_XMC4700/cleanflight/src/main/io\osd.h **** 
  50:D:/XMC/Projekte/Temp/CF_XMC4700/cleanflight/src/main/io\osd.h **** // NB: to ensure backwards compatibility, new enum values must be appended at the end but before th
  51:D:/XMC/Projekte/Temp/CF_XMC4700/cleanflight/src/main/io\osd.h **** 
  52:D:/XMC/Projekte/Temp/CF_XMC4700/cleanflight/src/main/io\osd.h **** // *** IMPORTANT ***
  53:D:/XMC/Projekte/Temp/CF_XMC4700/cleanflight/src/main/io\osd.h **** // If you are adding additional elements that do not require any conditional display logic,
  54:D:/XMC/Projekte/Temp/CF_XMC4700/cleanflight/src/main/io\osd.h **** // you must add the elements to the osdElementDisplayOrder[] array in src/main/io/osd.c
  55:D:/XMC/Projekte/Temp/CF_XMC4700/cleanflight/src/main/io\osd.h **** typedef enum {
  56:D:/XMC/Projekte/Temp/CF_XMC4700/cleanflight/src/main/io\osd.h ****     OSD_RSSI_VALUE,
  57:D:/XMC/Projekte/Temp/CF_XMC4700/cleanflight/src/main/io\osd.h ****     OSD_MAIN_BATT_VOLTAGE,
  58:D:/XMC/Projekte/Temp/CF_XMC4700/cleanflight/src/main/io\osd.h ****     OSD_CROSSHAIRS,
  59:D:/XMC/Projekte/Temp/CF_XMC4700/cleanflight/src/main/io\osd.h ****     OSD_ARTIFICIAL_HORIZON,
  60:D:/XMC/Projekte/Temp/CF_XMC4700/cleanflight/src/main/io\osd.h ****     OSD_HORIZON_SIDEBARS,
  61:D:/XMC/Projekte/Temp/CF_XMC4700/cleanflight/src/main/io\osd.h ****     OSD_ITEM_TIMER_1,
  62:D:/XMC/Projekte/Temp/CF_XMC4700/cleanflight/src/main/io\osd.h ****     OSD_ITEM_TIMER_2,
  63:D:/XMC/Projekte/Temp/CF_XMC4700/cleanflight/src/main/io\osd.h ****     OSD_FLYMODE,
  64:D:/XMC/Projekte/Temp/CF_XMC4700/cleanflight/src/main/io\osd.h ****     OSD_CRAFT_NAME,
  65:D:/XMC/Projekte/Temp/CF_XMC4700/cleanflight/src/main/io\osd.h ****     OSD_THROTTLE_POS,
  66:D:/XMC/Projekte/Temp/CF_XMC4700/cleanflight/src/main/io\osd.h ****     OSD_VTX_CHANNEL,
  67:D:/XMC/Projekte/Temp/CF_XMC4700/cleanflight/src/main/io\osd.h ****     OSD_CURRENT_DRAW,
  68:D:/XMC/Projekte/Temp/CF_XMC4700/cleanflight/src/main/io\osd.h ****     OSD_MAH_DRAWN,
  69:D:/XMC/Projekte/Temp/CF_XMC4700/cleanflight/src/main/io\osd.h ****     OSD_GPS_SPEED,
  70:D:/XMC/Projekte/Temp/CF_XMC4700/cleanflight/src/main/io\osd.h ****     OSD_GPS_SATS,
  71:D:/XMC/Projekte/Temp/CF_XMC4700/cleanflight/src/main/io\osd.h ****     OSD_ALTITUDE,
  72:D:/XMC/Projekte/Temp/CF_XMC4700/cleanflight/src/main/io\osd.h ****     OSD_ROLL_PIDS,
  73:D:/XMC/Projekte/Temp/CF_XMC4700/cleanflight/src/main/io\osd.h ****     OSD_PITCH_PIDS,
  74:D:/XMC/Projekte/Temp/CF_XMC4700/cleanflight/src/main/io\osd.h ****     OSD_YAW_PIDS,
  75:D:/XMC/Projekte/Temp/CF_XMC4700/cleanflight/src/main/io\osd.h ****     OSD_POWER,
  76:D:/XMC/Projekte/Temp/CF_XMC4700/cleanflight/src/main/io\osd.h ****     OSD_PIDRATE_PROFILE,
  77:D:/XMC/Projekte/Temp/CF_XMC4700/cleanflight/src/main/io\osd.h ****     OSD_WARNINGS,
  78:D:/XMC/Projekte/Temp/CF_XMC4700/cleanflight/src/main/io\osd.h ****     OSD_AVG_CELL_VOLTAGE,
  79:D:/XMC/Projekte/Temp/CF_XMC4700/cleanflight/src/main/io\osd.h ****     OSD_GPS_LON,
  80:D:/XMC/Projekte/Temp/CF_XMC4700/cleanflight/src/main/io\osd.h ****     OSD_GPS_LAT,
  81:D:/XMC/Projekte/Temp/CF_XMC4700/cleanflight/src/main/io\osd.h ****     OSD_DEBUG,
  82:D:/XMC/Projekte/Temp/CF_XMC4700/cleanflight/src/main/io\osd.h ****     OSD_PITCH_ANGLE,
  83:D:/XMC/Projekte/Temp/CF_XMC4700/cleanflight/src/main/io\osd.h ****     OSD_ROLL_ANGLE,
  84:D:/XMC/Projekte/Temp/CF_XMC4700/cleanflight/src/main/io\osd.h ****     OSD_MAIN_BATT_USAGE,
  85:D:/XMC/Projekte/Temp/CF_XMC4700/cleanflight/src/main/io\osd.h ****     OSD_DISARMED,
  86:D:/XMC/Projekte/Temp/CF_XMC4700/cleanflight/src/main/io\osd.h ****     OSD_HOME_DIR,
  87:D:/XMC/Projekte/Temp/CF_XMC4700/cleanflight/src/main/io\osd.h ****     OSD_HOME_DIST,
  88:D:/XMC/Projekte/Temp/CF_XMC4700/cleanflight/src/main/io\osd.h ****     OSD_NUMERICAL_HEADING,
  89:D:/XMC/Projekte/Temp/CF_XMC4700/cleanflight/src/main/io\osd.h ****     OSD_NUMERICAL_VARIO,
  90:D:/XMC/Projekte/Temp/CF_XMC4700/cleanflight/src/main/io\osd.h ****     OSD_COMPASS_BAR,
  91:D:/XMC/Projekte/Temp/CF_XMC4700/cleanflight/src/main/io\osd.h ****     OSD_ESC_TMP,
  92:D:/XMC/Projekte/Temp/CF_XMC4700/cleanflight/src/main/io\osd.h ****     OSD_ESC_RPM,
  93:D:/XMC/Projekte/Temp/CF_XMC4700/cleanflight/src/main/io\osd.h ****     OSD_REMAINING_TIME_ESTIMATE,
  94:D:/XMC/Projekte/Temp/CF_XMC4700/cleanflight/src/main/io\osd.h ****     OSD_RTC_DATETIME,
  95:D:/XMC/Projekte/Temp/CF_XMC4700/cleanflight/src/main/io\osd.h ****     OSD_ADJUSTMENT_RANGE,
  96:D:/XMC/Projekte/Temp/CF_XMC4700/cleanflight/src/main/io\osd.h ****     OSD_CORE_TEMPERATURE,
  97:D:/XMC/Projekte/Temp/CF_XMC4700/cleanflight/src/main/io\osd.h ****     OSD_ANTI_GRAVITY,
  98:D:/XMC/Projekte/Temp/CF_XMC4700/cleanflight/src/main/io\osd.h ****     OSD_G_FORCE,
  99:D:/XMC/Projekte/Temp/CF_XMC4700/cleanflight/src/main/io\osd.h ****     OSD_ITEM_COUNT // MUST BE LAST
 100:D:/XMC/Projekte/Temp/CF_XMC4700/cleanflight/src/main/io\osd.h **** } osd_items_e;
 101:D:/XMC/Projekte/Temp/CF_XMC4700/cleanflight/src/main/io\osd.h **** 
 102:D:/XMC/Projekte/Temp/CF_XMC4700/cleanflight/src/main/io\osd.h **** // *** IMPORTANT ***
 103:D:/XMC/Projekte/Temp/CF_XMC4700/cleanflight/src/main/io\osd.h **** // The order of the OSD stats enumeration *must* match the order they're displayed on-screen
 104:D:/XMC/Projekte/Temp/CF_XMC4700/cleanflight/src/main/io\osd.h **** // This is because the fields are presented in the configurator in the order of the enumeration
 105:D:/XMC/Projekte/Temp/CF_XMC4700/cleanflight/src/main/io\osd.h **** // and we want the configuration order to match the on-screen display order.
 106:D:/XMC/Projekte/Temp/CF_XMC4700/cleanflight/src/main/io\osd.h **** // Changes to the stats display order *must* be implemented in the configurator otherwise the
 107:D:/XMC/Projekte/Temp/CF_XMC4700/cleanflight/src/main/io\osd.h **** // stats selections will not be populated correctly and the settings will become corrupted.
 108:D:/XMC/Projekte/Temp/CF_XMC4700/cleanflight/src/main/io\osd.h **** //
 109:D:/XMC/Projekte/Temp/CF_XMC4700/cleanflight/src/main/io\osd.h **** // Also - if the stats are reordered then the PR version must be incremented. Otherwise there
 110:D:/XMC/Projekte/Temp/CF_XMC4700/cleanflight/src/main/io\osd.h **** // is no indication that the stored config must be reset and the bitmapped values will be incorrect
 111:D:/XMC/Projekte/Temp/CF_XMC4700/cleanflight/src/main/io\osd.h **** typedef enum {
 112:D:/XMC/Projekte/Temp/CF_XMC4700/cleanflight/src/main/io\osd.h ****     OSD_STAT_RTC_DATE_TIME,
 113:D:/XMC/Projekte/Temp/CF_XMC4700/cleanflight/src/main/io\osd.h ****     OSD_STAT_TIMER_1,
 114:D:/XMC/Projekte/Temp/CF_XMC4700/cleanflight/src/main/io\osd.h ****     OSD_STAT_TIMER_2,
 115:D:/XMC/Projekte/Temp/CF_XMC4700/cleanflight/src/main/io\osd.h ****     OSD_STAT_MAX_SPEED,
 116:D:/XMC/Projekte/Temp/CF_XMC4700/cleanflight/src/main/io\osd.h ****     OSD_STAT_MAX_DISTANCE,
 117:D:/XMC/Projekte/Temp/CF_XMC4700/cleanflight/src/main/io\osd.h ****     OSD_STAT_MIN_BATTERY,
 118:D:/XMC/Projekte/Temp/CF_XMC4700/cleanflight/src/main/io\osd.h ****     OSD_STAT_END_BATTERY,
 119:D:/XMC/Projekte/Temp/CF_XMC4700/cleanflight/src/main/io\osd.h ****     OSD_STAT_BATTERY,
 120:D:/XMC/Projekte/Temp/CF_XMC4700/cleanflight/src/main/io\osd.h ****     OSD_STAT_MIN_RSSI,
 121:D:/XMC/Projekte/Temp/CF_XMC4700/cleanflight/src/main/io\osd.h ****     OSD_STAT_MAX_CURRENT,
 122:D:/XMC/Projekte/Temp/CF_XMC4700/cleanflight/src/main/io\osd.h ****     OSD_STAT_USED_MAH,
 123:D:/XMC/Projekte/Temp/CF_XMC4700/cleanflight/src/main/io\osd.h ****     OSD_STAT_MAX_ALTITUDE,
 124:D:/XMC/Projekte/Temp/CF_XMC4700/cleanflight/src/main/io\osd.h ****     OSD_STAT_BLACKBOX,
 125:D:/XMC/Projekte/Temp/CF_XMC4700/cleanflight/src/main/io\osd.h ****     OSD_STAT_BLACKBOX_NUMBER,
 126:D:/XMC/Projekte/Temp/CF_XMC4700/cleanflight/src/main/io\osd.h ****     OSD_STAT_COUNT // MUST BE LAST
 127:D:/XMC/Projekte/Temp/CF_XMC4700/cleanflight/src/main/io\osd.h **** } osd_stats_e;
 128:D:/XMC/Projekte/Temp/CF_XMC4700/cleanflight/src/main/io\osd.h **** 
 129:D:/XMC/Projekte/Temp/CF_XMC4700/cleanflight/src/main/io\osd.h **** // Make sure the number of stats do not exceed the available 32bit storage
 130:D:/XMC/Projekte/Temp/CF_XMC4700/cleanflight/src/main/io\osd.h **** STATIC_ASSERT(OSD_STAT_COUNT <= 32, osdstats_overflow);
 131:D:/XMC/Projekte/Temp/CF_XMC4700/cleanflight/src/main/io\osd.h **** 
 132:D:/XMC/Projekte/Temp/CF_XMC4700/cleanflight/src/main/io\osd.h **** typedef enum {
 133:D:/XMC/Projekte/Temp/CF_XMC4700/cleanflight/src/main/io\osd.h ****     OSD_UNIT_IMPERIAL,
 134:D:/XMC/Projekte/Temp/CF_XMC4700/cleanflight/src/main/io\osd.h ****     OSD_UNIT_METRIC
 135:D:/XMC/Projekte/Temp/CF_XMC4700/cleanflight/src/main/io\osd.h **** } osd_unit_e;
 136:D:/XMC/Projekte/Temp/CF_XMC4700/cleanflight/src/main/io\osd.h **** 
 137:D:/XMC/Projekte/Temp/CF_XMC4700/cleanflight/src/main/io\osd.h **** typedef enum {
 138:D:/XMC/Projekte/Temp/CF_XMC4700/cleanflight/src/main/io\osd.h ****     OSD_TIMER_1,
 139:D:/XMC/Projekte/Temp/CF_XMC4700/cleanflight/src/main/io\osd.h ****     OSD_TIMER_2,
 140:D:/XMC/Projekte/Temp/CF_XMC4700/cleanflight/src/main/io\osd.h ****     OSD_TIMER_COUNT
 141:D:/XMC/Projekte/Temp/CF_XMC4700/cleanflight/src/main/io\osd.h **** } osd_timer_e;
 142:D:/XMC/Projekte/Temp/CF_XMC4700/cleanflight/src/main/io\osd.h **** 
 143:D:/XMC/Projekte/Temp/CF_XMC4700/cleanflight/src/main/io\osd.h **** typedef enum {
 144:D:/XMC/Projekte/Temp/CF_XMC4700/cleanflight/src/main/io\osd.h ****     OSD_TIMER_SRC_ON,
 145:D:/XMC/Projekte/Temp/CF_XMC4700/cleanflight/src/main/io\osd.h ****     OSD_TIMER_SRC_TOTAL_ARMED,
 146:D:/XMC/Projekte/Temp/CF_XMC4700/cleanflight/src/main/io\osd.h ****     OSD_TIMER_SRC_LAST_ARMED,
 147:D:/XMC/Projekte/Temp/CF_XMC4700/cleanflight/src/main/io\osd.h ****     OSD_TIMER_SRC_COUNT
 148:D:/XMC/Projekte/Temp/CF_XMC4700/cleanflight/src/main/io\osd.h **** } osd_timer_source_e;
 149:D:/XMC/Projekte/Temp/CF_XMC4700/cleanflight/src/main/io\osd.h **** 
 150:D:/XMC/Projekte/Temp/CF_XMC4700/cleanflight/src/main/io\osd.h **** typedef enum {
 151:D:/XMC/Projekte/Temp/CF_XMC4700/cleanflight/src/main/io\osd.h ****     OSD_TIMER_PREC_SECOND,
 152:D:/XMC/Projekte/Temp/CF_XMC4700/cleanflight/src/main/io\osd.h ****     OSD_TIMER_PREC_HUNDREDTHS,
 153:D:/XMC/Projekte/Temp/CF_XMC4700/cleanflight/src/main/io\osd.h ****     OSD_TIMER_PREC_COUNT
 154:D:/XMC/Projekte/Temp/CF_XMC4700/cleanflight/src/main/io\osd.h **** } osd_timer_precision_e;
 155:D:/XMC/Projekte/Temp/CF_XMC4700/cleanflight/src/main/io\osd.h **** 
 156:D:/XMC/Projekte/Temp/CF_XMC4700/cleanflight/src/main/io\osd.h **** typedef enum {
 157:D:/XMC/Projekte/Temp/CF_XMC4700/cleanflight/src/main/io\osd.h ****     OSD_WARNING_ARMING_DISABLE,
 158:D:/XMC/Projekte/Temp/CF_XMC4700/cleanflight/src/main/io\osd.h ****     OSD_WARNING_BATTERY_NOT_FULL,
 159:D:/XMC/Projekte/Temp/CF_XMC4700/cleanflight/src/main/io\osd.h ****     OSD_WARNING_BATTERY_WARNING,
 160:D:/XMC/Projekte/Temp/CF_XMC4700/cleanflight/src/main/io\osd.h ****     OSD_WARNING_BATTERY_CRITICAL,
 161:D:/XMC/Projekte/Temp/CF_XMC4700/cleanflight/src/main/io\osd.h ****     OSD_WARNING_VISUAL_BEEPER,
 162:D:/XMC/Projekte/Temp/CF_XMC4700/cleanflight/src/main/io\osd.h ****     OSD_WARNING_CRASH_FLIP,
 163:D:/XMC/Projekte/Temp/CF_XMC4700/cleanflight/src/main/io\osd.h ****     OSD_WARNING_ESC_FAIL,
 164:D:/XMC/Projekte/Temp/CF_XMC4700/cleanflight/src/main/io\osd.h ****     OSD_WARNING_CORE_TEMPERATURE,
 165:D:/XMC/Projekte/Temp/CF_XMC4700/cleanflight/src/main/io\osd.h ****     OSD_WARNING_RC_SMOOTHING,
 166:D:/XMC/Projekte/Temp/CF_XMC4700/cleanflight/src/main/io\osd.h ****     OSD_WARNING_COUNT // MUST BE LAST
 167:D:/XMC/Projekte/Temp/CF_XMC4700/cleanflight/src/main/io\osd.h **** } osdWarningsFlags_e;
 168:D:/XMC/Projekte/Temp/CF_XMC4700/cleanflight/src/main/io\osd.h **** 
 169:D:/XMC/Projekte/Temp/CF_XMC4700/cleanflight/src/main/io\osd.h **** // Make sure the number of warnings do not exceed the available 16bit storage
 170:D:/XMC/Projekte/Temp/CF_XMC4700/cleanflight/src/main/io\osd.h **** STATIC_ASSERT(OSD_WARNING_COUNT <= 16, osdwarnings_overflow);
 171:D:/XMC/Projekte/Temp/CF_XMC4700/cleanflight/src/main/io\osd.h **** 
 172:D:/XMC/Projekte/Temp/CF_XMC4700/cleanflight/src/main/io\osd.h **** #define ESC_RPM_ALARM_OFF -1
 173:D:/XMC/Projekte/Temp/CF_XMC4700/cleanflight/src/main/io\osd.h **** #define ESC_TEMP_ALARM_OFF INT8_MIN
 174:D:/XMC/Projekte/Temp/CF_XMC4700/cleanflight/src/main/io\osd.h **** #define ESC_CURRENT_ALARM_OFF -1
 175:D:/XMC/Projekte/Temp/CF_XMC4700/cleanflight/src/main/io\osd.h **** 
 176:D:/XMC/Projekte/Temp/CF_XMC4700/cleanflight/src/main/io\osd.h **** typedef struct osdConfig_s {
 177:D:/XMC/Projekte/Temp/CF_XMC4700/cleanflight/src/main/io\osd.h ****     uint16_t item_pos[OSD_ITEM_COUNT];
 178:D:/XMC/Projekte/Temp/CF_XMC4700/cleanflight/src/main/io\osd.h **** 
 179:D:/XMC/Projekte/Temp/CF_XMC4700/cleanflight/src/main/io\osd.h ****     // Alarms
 180:D:/XMC/Projekte/Temp/CF_XMC4700/cleanflight/src/main/io\osd.h ****     uint16_t cap_alarm;
 181:D:/XMC/Projekte/Temp/CF_XMC4700/cleanflight/src/main/io\osd.h ****     uint16_t alt_alarm;
 182:D:/XMC/Projekte/Temp/CF_XMC4700/cleanflight/src/main/io\osd.h ****     uint8_t rssi_alarm;
 183:D:/XMC/Projekte/Temp/CF_XMC4700/cleanflight/src/main/io\osd.h **** 
 184:D:/XMC/Projekte/Temp/CF_XMC4700/cleanflight/src/main/io\osd.h ****     osd_unit_e units;
 185:D:/XMC/Projekte/Temp/CF_XMC4700/cleanflight/src/main/io\osd.h **** 
 186:D:/XMC/Projekte/Temp/CF_XMC4700/cleanflight/src/main/io\osd.h ****     uint16_t timers[OSD_TIMER_COUNT];
 187:D:/XMC/Projekte/Temp/CF_XMC4700/cleanflight/src/main/io\osd.h ****     uint16_t enabledWarnings;
 188:D:/XMC/Projekte/Temp/CF_XMC4700/cleanflight/src/main/io\osd.h **** 
 189:D:/XMC/Projekte/Temp/CF_XMC4700/cleanflight/src/main/io\osd.h ****     uint8_t ahMaxPitch;
 190:D:/XMC/Projekte/Temp/CF_XMC4700/cleanflight/src/main/io\osd.h ****     uint8_t ahMaxRoll;
 191:D:/XMC/Projekte/Temp/CF_XMC4700/cleanflight/src/main/io\osd.h ****     uint32_t enabled_stats;
 192:D:/XMC/Projekte/Temp/CF_XMC4700/cleanflight/src/main/io\osd.h ****     int8_t esc_temp_alarm;
 193:D:/XMC/Projekte/Temp/CF_XMC4700/cleanflight/src/main/io\osd.h ****     int16_t esc_rpm_alarm;
 194:D:/XMC/Projekte/Temp/CF_XMC4700/cleanflight/src/main/io\osd.h ****     int16_t esc_current_alarm;
 195:D:/XMC/Projekte/Temp/CF_XMC4700/cleanflight/src/main/io\osd.h ****     uint8_t core_temp_alarm;
 196:D:/XMC/Projekte/Temp/CF_XMC4700/cleanflight/src/main/io\osd.h **** } osdConfig_t;
 197:D:/XMC/Projekte/Temp/CF_XMC4700/cleanflight/src/main/io\osd.h **** 
 198:D:/XMC/Projekte/Temp/CF_XMC4700/cleanflight/src/main/io\osd.h **** PG_DECLARE(osdConfig_t, osdConfig);
  28              	 .loc 1 198 0
  29              	 .cfi_startproc
  30              	 
  31              	 
  32              	 
  33 0000 80B4     	 push {r7}
  34              	.LCFI0:
  35              	 .cfi_def_cfa_offset 4
  36              	 .cfi_offset 7,-4
  37 0002 00AF     	 add r7,sp,#0
  38              	.LCFI1:
  39              	 .cfi_def_cfa_register 7
  40              	 .loc 1 198 0
  41 0004 024B     	 ldr r3,.L3
  42 0006 1846     	 mov r0,r3
  43 0008 BD46     	 mov sp,r7
  44              	.LCFI2:
  45              	 .cfi_def_cfa_register 13
  46              	 
  47 000a 5DF8047B 	 ldr r7,[sp],#4
  48              	.LCFI3:
  49              	 .cfi_restore 7
  50              	 .cfi_def_cfa_offset 0
  51 000e 7047     	 bx lr
  52              	.L4:
  53              	 .align 2
  54              	.L3:
  55 0010 00000000 	 .word osdConfig_System
  56              	 .cfi_endproc
  57              	.LFE531:
  59              	 .section .text.osdConfigMutable,"ax",%progbits
  60              	 .align 2
  61              	 .thumb
  62              	 .thumb_func
  64              	osdConfigMutable:
  65              	.LFB532:
  66              	 .loc 1 198 0
  67              	 .cfi_startproc
  68              	 
  69              	 
  70              	 
  71 0000 80B4     	 push {r7}
  72              	.LCFI4:
  73              	 .cfi_def_cfa_offset 4
  74              	 .cfi_offset 7,-4
  75 0002 00AF     	 add r7,sp,#0
  76              	.LCFI5:
  77              	 .cfi_def_cfa_register 7
  78              	 .loc 1 198 0
  79 0004 024B     	 ldr r3,.L7
  80 0006 1846     	 mov r0,r3
  81 0008 BD46     	 mov sp,r7
  82              	.LCFI6:
  83              	 .cfi_def_cfa_register 13
  84              	 
  85 000a 5DF8047B 	 ldr r7,[sp],#4
  86              	.LCFI7:
  87              	 .cfi_restore 7
  88              	 .cfi_def_cfa_offset 0
  89 000e 7047     	 bx lr
  90              	.L8:
  91              	 .align 2
  92              	.L7:
  93 0010 00000000 	 .word osdConfig_System
  94              	 .cfi_endproc
  95              	.LFE532:
  97              	 .section .bss.osdConfig_item_pos,"aw",%nobits
  98              	 .align 2
 101              	osdConfig_item_pos:
 102 0000 00000000 	 .space 86
 102      00000000 
 102      00000000 
 102      00000000 
 102      00000000 
 103 0056 0000     	 .section .text.menuOsdActiveElemsOnEnter,"ax",%progbits
 104              	 .align 2
 105              	 .thumb
 106              	 .thumb_func
 108              	menuOsdActiveElemsOnEnter:
 109              	.LFB533:
 110              	 .file 2 "../cleanflight/src/main/cms/cms_menu_osd.c"
   1:../cleanflight/src/main/cms/cms_menu_osd.c **** /*
   2:../cleanflight/src/main/cms/cms_menu_osd.c ****  * This file is part of Cleanflight and Betaflight.
   3:../cleanflight/src/main/cms/cms_menu_osd.c ****  *
   4:../cleanflight/src/main/cms/cms_menu_osd.c ****  * Cleanflight and Betaflight are free software. You can redistribute
   5:../cleanflight/src/main/cms/cms_menu_osd.c ****  * this software and/or modify this software under the terms of the
   6:../cleanflight/src/main/cms/cms_menu_osd.c ****  * GNU General Public License as published by the Free Software
   7:../cleanflight/src/main/cms/cms_menu_osd.c ****  * Foundation, either version 3 of the License, or (at your option)
   8:../cleanflight/src/main/cms/cms_menu_osd.c ****  * any later version.
   9:../cleanflight/src/main/cms/cms_menu_osd.c ****  *
  10:../cleanflight/src/main/cms/cms_menu_osd.c ****  * Cleanflight and Betaflight are distributed in the hope that they
  11:../cleanflight/src/main/cms/cms_menu_osd.c ****  * will be useful, but WITHOUT ANY WARRANTY; without even the implied
  12:../cleanflight/src/main/cms/cms_menu_osd.c ****  * warranty of MERCHANTABILITY or FITNESS FOR A PARTICULAR PURPOSE.
  13:../cleanflight/src/main/cms/cms_menu_osd.c ****  * See the GNU General Public License for more details.
  14:../cleanflight/src/main/cms/cms_menu_osd.c ****  *
  15:../cleanflight/src/main/cms/cms_menu_osd.c ****  * You should have received a copy of the GNU General Public License
  16:../cleanflight/src/main/cms/cms_menu_osd.c ****  * along with this software.
  17:../cleanflight/src/main/cms/cms_menu_osd.c ****  *
  18:../cleanflight/src/main/cms/cms_menu_osd.c ****  * If not, see <http://www.gnu.org/licenses/>.
  19:../cleanflight/src/main/cms/cms_menu_osd.c ****  */
  20:../cleanflight/src/main/cms/cms_menu_osd.c **** 
  21:../cleanflight/src/main/cms/cms_menu_osd.c **** #include <stdbool.h>
  22:../cleanflight/src/main/cms/cms_menu_osd.c **** #include <stdint.h>
  23:../cleanflight/src/main/cms/cms_menu_osd.c **** #include <string.h>
  24:../cleanflight/src/main/cms/cms_menu_osd.c **** #include <ctype.h>
  25:../cleanflight/src/main/cms/cms_menu_osd.c **** 
  26:../cleanflight/src/main/cms/cms_menu_osd.c **** #include "platform.h"
  27:../cleanflight/src/main/cms/cms_menu_osd.c **** 
  28:../cleanflight/src/main/cms/cms_menu_osd.c **** #if defined(USE_OSD) && defined(USE_CMS)
  29:../cleanflight/src/main/cms/cms_menu_osd.c **** 
  30:../cleanflight/src/main/cms/cms_menu_osd.c **** #include "build/version.h"
  31:../cleanflight/src/main/cms/cms_menu_osd.c **** 
  32:../cleanflight/src/main/cms/cms_menu_osd.c **** #include "cms/cms.h"
  33:../cleanflight/src/main/cms/cms_menu_osd.c **** #include "cms/cms_types.h"
  34:../cleanflight/src/main/cms/cms_menu_osd.c **** #include "cms/cms_menu_osd.h"
  35:../cleanflight/src/main/cms/cms_menu_osd.c **** 
  36:../cleanflight/src/main/cms/cms_menu_osd.c **** #include "common/utils.h"
  37:../cleanflight/src/main/cms/cms_menu_osd.c **** 
  38:../cleanflight/src/main/cms/cms_menu_osd.c **** #include "config/feature.h"
  39:../cleanflight/src/main/cms/cms_menu_osd.c **** #include "pg/pg.h"
  40:../cleanflight/src/main/cms/cms_menu_osd.c **** #include "pg/pg_ids.h"
  41:../cleanflight/src/main/cms/cms_menu_osd.c **** 
  42:../cleanflight/src/main/cms/cms_menu_osd.c **** #include "io/displayport_max7456.h"
  43:../cleanflight/src/main/cms/cms_menu_osd.c **** #include "io/osd.h"
  44:../cleanflight/src/main/cms/cms_menu_osd.c **** 
  45:../cleanflight/src/main/cms/cms_menu_osd.c **** #ifdef USE_EXTENDED_CMS_MENUS
  46:../cleanflight/src/main/cms/cms_menu_osd.c **** static uint16_t osdConfig_item_pos[OSD_ITEM_COUNT];
  47:../cleanflight/src/main/cms/cms_menu_osd.c **** 
  48:../cleanflight/src/main/cms/cms_menu_osd.c **** static long menuOsdActiveElemsOnEnter(void)
  49:../cleanflight/src/main/cms/cms_menu_osd.c **** {
 111              	 .loc 2 49 0
 112              	 .cfi_startproc
 113              	 
 114              	 
 115 0000 80B5     	 push {r7,lr}
 116              	.LCFI8:
 117              	 .cfi_def_cfa_offset 8
 118              	 .cfi_offset 7,-8
 119              	 .cfi_offset 14,-4
 120 0002 00AF     	 add r7,sp,#0
 121              	.LCFI9:
 122              	 .cfi_def_cfa_register 7
  50:../cleanflight/src/main/cms/cms_menu_osd.c ****     memcpy(&osdConfig_item_pos[0], &osdConfig()->item_pos[0], sizeof(uint16_t) * OSD_ITEM_COUNT);
 123              	 .loc 2 50 0
 124 0004 FFF7FEFF 	 bl osdConfig
 125 0008 0346     	 mov r3,r0
 126 000a 0448     	 ldr r0,.L11
 127 000c 1946     	 mov r1,r3
 128 000e 5622     	 movs r2,#86
 129 0010 FFF7FEFF 	 bl memcpy
  51:../cleanflight/src/main/cms/cms_menu_osd.c ****     return 0;
 130              	 .loc 2 51 0
 131 0014 0023     	 movs r3,#0
  52:../cleanflight/src/main/cms/cms_menu_osd.c **** }
 132              	 .loc 2 52 0
 133 0016 1846     	 mov r0,r3
 134 0018 80BD     	 pop {r7,pc}
 135              	.L12:
 136 001a 00BF     	 .align 2
 137              	.L11:
 138 001c 00000000 	 .word osdConfig_item_pos
 139              	 .cfi_endproc
 140              	.LFE533:
 142              	 .section .text.menuOsdActiveElemsOnExit,"ax",%progbits
 143              	 .align 2
 144              	 .thumb
 145              	 .thumb_func
 147              	menuOsdActiveElemsOnExit:
 148              	.LFB534:
  53:../cleanflight/src/main/cms/cms_menu_osd.c **** 
  54:../cleanflight/src/main/cms/cms_menu_osd.c **** static long menuOsdActiveElemsOnExit(const OSD_Entry *self)
  55:../cleanflight/src/main/cms/cms_menu_osd.c **** {
 149              	 .loc 2 55 0
 150              	 .cfi_startproc
 151              	 
 152              	 
 153 0000 80B5     	 push {r7,lr}
 154              	.LCFI10:
 155              	 .cfi_def_cfa_offset 8
 156              	 .cfi_offset 7,-8
 157              	 .cfi_offset 14,-4
 158 0002 82B0     	 sub sp,sp,#8
 159              	.LCFI11:
 160              	 .cfi_def_cfa_offset 16
 161 0004 00AF     	 add r7,sp,#0
 162              	.LCFI12:
 163              	 .cfi_def_cfa_register 7
 164 0006 7860     	 str r0,[r7,#4]
  56:../cleanflight/src/main/cms/cms_menu_osd.c ****     UNUSED(self);
  57:../cleanflight/src/main/cms/cms_menu_osd.c **** 
  58:../cleanflight/src/main/cms/cms_menu_osd.c ****     memcpy(&osdConfigMutable()->item_pos[0], &osdConfig_item_pos[0], sizeof(uint16_t) * OSD_ITEM_CO
 165              	 .loc 2 58 0
 166 0008 FFF7FEFF 	 bl osdConfigMutable
 167 000c 0346     	 mov r3,r0
 168 000e 1846     	 mov r0,r3
 169 0010 0449     	 ldr r1,.L15
 170 0012 5622     	 movs r2,#86
 171 0014 FFF7FEFF 	 bl memcpy
  59:../cleanflight/src/main/cms/cms_menu_osd.c ****     return 0;
 172              	 .loc 2 59 0
 173 0018 0023     	 movs r3,#0
  60:../cleanflight/src/main/cms/cms_menu_osd.c **** }
 174              	 .loc 2 60 0
 175 001a 1846     	 mov r0,r3
 176 001c 0837     	 adds r7,r7,#8
 177              	.LCFI13:
 178              	 .cfi_def_cfa_offset 8
 179 001e BD46     	 mov sp,r7
 180              	.LCFI14:
 181              	 .cfi_def_cfa_register 13
 182              	 
 183 0020 80BD     	 pop {r7,pc}
 184              	.L16:
 185 0022 00BF     	 .align 2
 186              	.L15:
 187 0024 00000000 	 .word osdConfig_item_pos
 188              	 .cfi_endproc
 189              	.LFE534:
 191              	 .global menuOsdActiveElemsEntries
 192              	 .section .rodata
 193              	 .align 2
 194              	.LC0:
 195 0000 2D2D2D20 	 .ascii "--- ACTIV ELEM ---\000"
 195      41435449 
 195      5620454C 
 195      454D202D 
 195      2D2D00
 196 0013 00       	 .align 2
 197              	.LC1:
 198 0014 52535349 	 .ascii "RSSI\000"
 198      00
 199 0019 000000   	 .align 2
 200              	.LC2:
 201 001c 42415454 	 .ascii "BATTERY VOLTAGE\000"
 201      45525920 
 201      564F4C54 
 201      41474500 
 202              	 .align 2
 203              	.LC3:
 204 002c 42415454 	 .ascii "BATTERY USAGE\000"
 204      45525920 
 204      55534147 
 204      4500
 205 003a 0000     	 .align 2
 206              	.LC4:
 207 003c 41564720 	 .ascii "AVG CELL VOLTAGE\000"
 207      43454C4C 
 207      20564F4C 
 207      54414745 
 207      00
 208 004d 000000   	 .align 2
 209              	.LC5:
 210 0050 43524F53 	 .ascii "CROSSHAIRS\000"
 210      53484149 
 210      525300
 211 005b 00       	 .align 2
 212              	.LC6:
 213 005c 484F5249 	 .ascii "HORIZON\000"
 213      5A4F4E00 
 214              	 .align 2
 215              	.LC7:
 216 0064 484F5249 	 .ascii "HORIZON SIDEBARS\000"
 216      5A4F4E20 
 216      53494445 
 216      42415253 
 216      00
 217 0075 000000   	 .align 2
 218              	.LC8:
 219 0078 54494D45 	 .ascii "TIMER 1\000"
 219      52203100 
 220              	 .align 2
 221              	.LC9:
 222 0080 54494D45 	 .ascii "TIMER 2\000"
 222      52203200 
 223              	 .align 2
 224              	.LC10:
 225 0088 52454D41 	 .ascii "REMAINING TIME ESTIMATE\000"
 225      494E494E 
 225      47205449 
 225      4D452045 
 225      5354494D 
 226              	 .align 2
 227              	.LC11:
 228 00a0 464C5920 	 .ascii "FLY MODE\000"
 228      4D4F4445 
 228      00
 229 00a9 000000   	 .align 2
 230              	.LC12:
 231 00ac 4E414D45 	 .ascii "NAME\000"
 231      00
 232 00b1 000000   	 .align 2
 233              	.LC13:
 234 00b4 5448524F 	 .ascii "THROTTLE\000"
 234      54544C45 
 234      00
 235 00bd 000000   	 .align 2
 236              	.LC14:
 237 00c0 56545820 	 .ascii "VTX CHAN\000"
 237      4348414E 
 237      00
 238 00c9 000000   	 .align 2
 239              	.LC15:
 240 00cc 43555252 	 .ascii "CURRENT (A)\000"
 240      454E5420 
 240      28412900 
 241              	 .align 2
 242              	.LC16:
 243 00d8 55534544 	 .ascii "USED MAH\000"
 243      204D4148 
 243      00
 244 00e1 000000   	 .align 2
 245              	.LC17:
 246 00e4 47505320 	 .ascii "GPS SPEED\000"
 246      53504545 
 246      4400
 247 00ee 0000     	 .align 2
 248              	.LC18:
 249 00f0 47505320 	 .ascii "GPS SATS\000"
 249      53415453 
 249      00
 250 00f9 000000   	 .align 2
 251              	.LC19:
 252 00fc 47505320 	 .ascii "GPS LAT\000"
 252      4C415400 
 253              	 .align 2
 254              	.LC20:
 255 0104 47505320 	 .ascii "GPS LON\000"
 255      4C4F4E00 
 256              	 .align 2
 257              	.LC21:
 258 010c 484F4D45 	 .ascii "HOME DIR\000"
 258      20444952 
 258      00
 259 0115 000000   	 .align 2
 260              	.LC22:
 261 0118 484F4D45 	 .ascii "HOME DIST\000"
 261      20444953 
 261      5400
 262 0122 0000     	 .align 2
 263              	.LC23:
 264 0124 434F4D50 	 .ascii "COMPASS BAR\000"
 264      41535320 
 264      42415200 
 265              	 .align 2
 266              	.LC24:
 267 0130 414C5449 	 .ascii "ALTITUDE\000"
 267      54554445 
 267      00
 268 0139 000000   	 .align 2
 269              	.LC25:
 270 013c 504F5745 	 .ascii "POWER\000"
 270      5200
 271 0142 0000     	 .align 2
 272              	.LC26:
 273 0144 524F4C4C 	 .ascii "ROLL PID\000"
 273      20504944 
 273      00
 274 014d 000000   	 .align 2
 275              	.LC27:
 276 0150 50495443 	 .ascii "PITCH PID\000"
 276      48205049 
 276      4400
 277 015a 0000     	 .align 2
 278              	.LC28:
 279 015c 59415720 	 .ascii "YAW PID\000"
 279      50494400 
 280              	 .align 2
 281              	.LC29:
 282 0164 50524F46 	 .ascii "PROFILES\000"
 282      494C4553 
 282      00
 283 016d 000000   	 .align 2
 284              	.LC30:
 285 0170 44454255 	 .ascii "DEBUG\000"
 285      4700
 286 0176 0000     	 .align 2
 287              	.LC31:
 288 0178 5741524E 	 .ascii "WARNINGS\000"
 288      494E4753 
 288      00
 289 0181 000000   	 .align 2
 290              	.LC32:
 291 0184 44495341 	 .ascii "DISARMED\000"
 291      524D4544 
 291      00
 292 018d 000000   	 .align 2
 293              	.LC33:
 294 0190 50495420 	 .ascii "PIT ANG\000"
 294      414E4700 
 295              	 .align 2
 296              	.LC34:
 297 0198 524F4C20 	 .ascii "ROL ANG\000"
 297      414E4700 
 298              	 .align 2
 299              	.LC35:
 300 01a0 48454144 	 .ascii "HEADING\000"
 300      494E4700 
 301              	 .align 2
 302              	.LC36:
 303 01a8 56415249 	 .ascii "VARIO\000"
 303      4F00
 304 01ae 0000     	 .align 2
 305              	.LC37:
 306 01b0 472D464F 	 .ascii "G-FORCE\000"
 306      52434500 
 307              	 .align 2
 308              	.LC38:
 309 01b8 4241434B 	 .ascii "BACK\000"
 309      00
 310              	 .section .data.menuOsdActiveElemsEntries,"aw",%progbits
 311              	 .align 2
 314              	menuOsdActiveElemsEntries:
 315 0000 00000000 	 .word .LC0
 316 0004 00       	 .byte 0
 317 0005 00000000 	 .4byte 0
 318 0009 00000000 	 .4byte 0
 319 000d 00       	 .byte 0
 320 000e 14000000 	 .4byte .LC1
 321 0012 0C       	 .byte 12
 322 0013 00000000 	 .4byte 0
 323 0017 00000000 	 .4byte osdConfig_item_pos
 324 001b 00       	 .byte 0
 325 001c 1C000000 	 .word .LC2
 326 0020 0C       	 .byte 12
 327 0021 00000000 	 .4byte 0
 328 0025 02000000 	 .4byte osdConfig_item_pos+2
 329 0029 00       	 .byte 0
 330 002a 2C000000 	 .4byte .LC3
 331 002e 0C       	 .byte 12
 332 002f 00000000 	 .4byte 0
 333 0033 38000000 	 .4byte osdConfig_item_pos+56
 334 0037 00       	 .byte 0
 335 0038 3C000000 	 .word .LC4
 336 003c 0C       	 .byte 12
 337 003d 00000000 	 .4byte 0
 338 0041 2C000000 	 .4byte osdConfig_item_pos+44
 339 0045 00       	 .byte 0
 340 0046 50000000 	 .4byte .LC5
 341 004a 0C       	 .byte 12
 342 004b 00000000 	 .4byte 0
 343 004f 04000000 	 .4byte osdConfig_item_pos+4
 344 0053 00       	 .byte 0
 345 0054 5C000000 	 .word .LC6
 346 0058 0C       	 .byte 12
 347 0059 00000000 	 .4byte 0
 348 005d 06000000 	 .4byte osdConfig_item_pos+6
 349 0061 00       	 .byte 0
 350 0062 64000000 	 .4byte .LC7
 351 0066 0C       	 .byte 12
 352 0067 00000000 	 .4byte 0
 353 006b 08000000 	 .4byte osdConfig_item_pos+8
 354 006f 00       	 .byte 0
 355 0070 78000000 	 .word .LC8
 356 0074 0C       	 .byte 12
 357 0075 00000000 	 .4byte 0
 358 0079 0A000000 	 .4byte osdConfig_item_pos+10
 359 007d 00       	 .byte 0
 360 007e 80000000 	 .4byte .LC9
 361 0082 0C       	 .byte 12
 362 0083 00000000 	 .4byte 0
 363 0087 0C000000 	 .4byte osdConfig_item_pos+12
 364 008b 00       	 .byte 0
 365 008c 88000000 	 .word .LC10
 366 0090 0C       	 .byte 12
 367 0091 00000000 	 .4byte 0
 368 0095 4A000000 	 .4byte osdConfig_item_pos+74
 369 0099 00       	 .byte 0
 370 009a A0000000 	 .4byte .LC11
 371 009e 0C       	 .byte 12
 372 009f 00000000 	 .4byte 0
 373 00a3 0E000000 	 .4byte osdConfig_item_pos+14
 374 00a7 00       	 .byte 0
 375 00a8 AC000000 	 .word .LC12
 376 00ac 0C       	 .byte 12
 377 00ad 00000000 	 .4byte 0
 378 00b1 10000000 	 .4byte osdConfig_item_pos+16
 379 00b5 00       	 .byte 0
 380 00b6 B4000000 	 .4byte .LC13
 381 00ba 0C       	 .byte 12
 382 00bb 00000000 	 .4byte 0
 383 00bf 12000000 	 .4byte osdConfig_item_pos+18
 384 00c3 00       	 .byte 0
 385 00c4 C0000000 	 .word .LC14
 386 00c8 0C       	 .byte 12
 387 00c9 00000000 	 .4byte 0
 388 00cd 14000000 	 .4byte osdConfig_item_pos+20
 389 00d1 00       	 .byte 0
 390 00d2 CC000000 	 .4byte .LC15
 391 00d6 0C       	 .byte 12
 392 00d7 00000000 	 .4byte 0
 393 00db 16000000 	 .4byte osdConfig_item_pos+22
 394 00df 00       	 .byte 0
 395 00e0 D8000000 	 .word .LC16
 396 00e4 0C       	 .byte 12
 397 00e5 00000000 	 .4byte 0
 398 00e9 18000000 	 .4byte osdConfig_item_pos+24
 399 00ed 00       	 .byte 0
 400 00ee E4000000 	 .4byte .LC17
 401 00f2 0C       	 .byte 12
 402 00f3 00000000 	 .4byte 0
 403 00f7 1A000000 	 .4byte osdConfig_item_pos+26
 404 00fb 00       	 .byte 0
 405 00fc F0000000 	 .word .LC18
 406 0100 0C       	 .byte 12
 407 0101 00000000 	 .4byte 0
 408 0105 1C000000 	 .4byte osdConfig_item_pos+28
 409 0109 00       	 .byte 0
 410 010a FC000000 	 .4byte .LC19
 411 010e 0C       	 .byte 12
 412 010f 00000000 	 .4byte 0
 413 0113 30000000 	 .4byte osdConfig_item_pos+48
 414 0117 00       	 .byte 0
 415 0118 04010000 	 .word .LC20
 416 011c 0C       	 .byte 12
 417 011d 00000000 	 .4byte 0
 418 0121 2E000000 	 .4byte osdConfig_item_pos+46
 419 0125 00       	 .byte 0
 420 0126 0C010000 	 .4byte .LC21
 421 012a 0C       	 .byte 12
 422 012b 00000000 	 .4byte 0
 423 012f 3C000000 	 .4byte osdConfig_item_pos+60
 424 0133 00       	 .byte 0
 425 0134 18010000 	 .word .LC22
 426 0138 0C       	 .byte 12
 427 0139 00000000 	 .4byte 0
 428 013d 3E000000 	 .4byte osdConfig_item_pos+62
 429 0141 00       	 .byte 0
 430 0142 24010000 	 .4byte .LC23
 431 0146 0C       	 .byte 12
 432 0147 00000000 	 .4byte 0
 433 014b 44000000 	 .4byte osdConfig_item_pos+68
 434 014f 00       	 .byte 0
 435 0150 30010000 	 .word .LC24
 436 0154 0C       	 .byte 12
 437 0155 00000000 	 .4byte 0
 438 0159 1E000000 	 .4byte osdConfig_item_pos+30
 439 015d 00       	 .byte 0
 440 015e 3C010000 	 .4byte .LC25
 441 0162 0C       	 .byte 12
 442 0163 00000000 	 .4byte 0
 443 0167 26000000 	 .4byte osdConfig_item_pos+38
 444 016b 00       	 .byte 0
 445 016c 44010000 	 .word .LC26
 446 0170 0C       	 .byte 12
 447 0171 00000000 	 .4byte 0
 448 0175 20000000 	 .4byte osdConfig_item_pos+32
 449 0179 00       	 .byte 0
 450 017a 50010000 	 .4byte .LC27
 451 017e 0C       	 .byte 12
 452 017f 00000000 	 .4byte 0
 453 0183 22000000 	 .4byte osdConfig_item_pos+34
 454 0187 00       	 .byte 0
 455 0188 5C010000 	 .word .LC28
 456 018c 0C       	 .byte 12
 457 018d 00000000 	 .4byte 0
 458 0191 24000000 	 .4byte osdConfig_item_pos+36
 459 0195 00       	 .byte 0
 460 0196 64010000 	 .4byte .LC29
 461 019a 0C       	 .byte 12
 462 019b 00000000 	 .4byte 0
 463 019f 28000000 	 .4byte osdConfig_item_pos+40
 464 01a3 00       	 .byte 0
 465 01a4 70010000 	 .word .LC30
 466 01a8 0C       	 .byte 12
 467 01a9 00000000 	 .4byte 0
 468 01ad 32000000 	 .4byte osdConfig_item_pos+50
 469 01b1 00       	 .byte 0
 470 01b2 78010000 	 .4byte .LC31
 471 01b6 0C       	 .byte 12
 472 01b7 00000000 	 .4byte 0
 473 01bb 2A000000 	 .4byte osdConfig_item_pos+42
 474 01bf 00       	 .byte 0
 475 01c0 84010000 	 .word .LC32
 476 01c4 0C       	 .byte 12
 477 01c5 00000000 	 .4byte 0
 478 01c9 3A000000 	 .4byte osdConfig_item_pos+58
 479 01cd 00       	 .byte 0
 480 01ce 90010000 	 .4byte .LC33
 481 01d2 0C       	 .byte 12
 482 01d3 00000000 	 .4byte 0
 483 01d7 34000000 	 .4byte osdConfig_item_pos+52
 484 01db 00       	 .byte 0
 485 01dc 98010000 	 .word .LC34
 486 01e0 0C       	 .byte 12
 487 01e1 00000000 	 .4byte 0
 488 01e5 36000000 	 .4byte osdConfig_item_pos+54
 489 01e9 00       	 .byte 0
 490 01ea A0010000 	 .4byte .LC35
 491 01ee 0C       	 .byte 12
 492 01ef 00000000 	 .4byte 0
 493 01f3 40000000 	 .4byte osdConfig_item_pos+64
 494 01f7 00       	 .byte 0
 495 01f8 A8010000 	 .word .LC36
 496 01fc 0C       	 .byte 12
 497 01fd 00000000 	 .4byte 0
 498 0201 42000000 	 .4byte osdConfig_item_pos+66
 499 0205 00       	 .byte 0
 500 0206 B0010000 	 .4byte .LC37
 501 020a 0C       	 .byte 12
 502 020b 00000000 	 .4byte 0
 503 020f 54000000 	 .4byte osdConfig_item_pos+84
 504 0213 00       	 .byte 0
 505 0214 B8010000 	 .word .LC38
 506 0218 01       	 .byte 1
 507 0219 00000000 	 .4byte 0
 508 021d 00000000 	 .4byte 0
 509 0221 00       	 .byte 0
 510 0222 00000000 	 .4byte 0
 511 0226 0E       	 .byte 14
 512 0227 00000000 	 .4byte 0
 513 022b 00000000 	 .4byte 0
 514 022f 00       	 .byte 0
 515              	 .global menuOsdActiveElems
 516              	 .section .data.menuOsdActiveElems,"aw",%progbits
 517              	 .align 2
 520              	menuOsdActiveElems:
 521 0000 00000000 	 .word menuOsdActiveElemsOnEnter
 522 0004 00000000 	 .word menuOsdActiveElemsOnExit
 523 0008 00000000 	 .word menuOsdActiveElemsEntries
 524              	 .section .bss.osdConfig_rssi_alarm,"aw",%nobits
 527              	osdConfig_rssi_alarm:
 528 0000 00       	 .space 1
 529              	 .section .bss.osdConfig_cap_alarm,"aw",%nobits
 530              	 .align 1
 533              	osdConfig_cap_alarm:
 534 0000 0000     	 .space 2
 535              	 .section .bss.osdConfig_alt_alarm,"aw",%nobits
 536              	 .align 1
 539              	osdConfig_alt_alarm:
 540 0000 0000     	 .space 2
 541              	 .section .text.menuAlarmsOnEnter,"ax",%progbits
 542              	 .align 2
 543              	 .thumb
 544              	 .thumb_func
 546              	menuAlarmsOnEnter:
 547              	.LFB535:
  61:../cleanflight/src/main/cms/cms_menu_osd.c **** 
  62:../cleanflight/src/main/cms/cms_menu_osd.c **** OSD_Entry menuOsdActiveElemsEntries[] =
  63:../cleanflight/src/main/cms/cms_menu_osd.c **** {
  64:../cleanflight/src/main/cms/cms_menu_osd.c ****     {"--- ACTIV ELEM ---", OME_Label,   NULL, NULL, 0},
  65:../cleanflight/src/main/cms/cms_menu_osd.c ****     {"RSSI",               OME_VISIBLE, NULL, &osdConfig_item_pos[OSD_RSSI_VALUE], 0},
  66:../cleanflight/src/main/cms/cms_menu_osd.c ****     {"BATTERY VOLTAGE",    OME_VISIBLE, NULL, &osdConfig_item_pos[OSD_MAIN_BATT_VOLTAGE], 0},
  67:../cleanflight/src/main/cms/cms_menu_osd.c ****     {"BATTERY USAGE",      OME_VISIBLE, NULL, &osdConfig_item_pos[OSD_MAIN_BATT_USAGE], 0},
  68:../cleanflight/src/main/cms/cms_menu_osd.c ****     {"AVG CELL VOLTAGE",   OME_VISIBLE, NULL, &osdConfig_item_pos[OSD_AVG_CELL_VOLTAGE], 0},
  69:../cleanflight/src/main/cms/cms_menu_osd.c ****     {"CROSSHAIRS",         OME_VISIBLE, NULL, &osdConfig_item_pos[OSD_CROSSHAIRS], 0},
  70:../cleanflight/src/main/cms/cms_menu_osd.c ****     {"HORIZON",            OME_VISIBLE, NULL, &osdConfig_item_pos[OSD_ARTIFICIAL_HORIZON], 0},
  71:../cleanflight/src/main/cms/cms_menu_osd.c ****     {"HORIZON SIDEBARS",   OME_VISIBLE, NULL, &osdConfig_item_pos[OSD_HORIZON_SIDEBARS], 0},
  72:../cleanflight/src/main/cms/cms_menu_osd.c ****     {"TIMER 1",            OME_VISIBLE, NULL, &osdConfig_item_pos[OSD_ITEM_TIMER_1], 0},
  73:../cleanflight/src/main/cms/cms_menu_osd.c ****     {"TIMER 2",            OME_VISIBLE, NULL, &osdConfig_item_pos[OSD_ITEM_TIMER_2], 0},
  74:../cleanflight/src/main/cms/cms_menu_osd.c ****     {"REMAINING TIME ESTIMATE",       OME_VISIBLE, NULL, &osdConfig_item_pos[OSD_REMAINING_TIME_EST
  75:../cleanflight/src/main/cms/cms_menu_osd.c ****     {"FLY MODE",           OME_VISIBLE, NULL, &osdConfig_item_pos[OSD_FLYMODE], 0},
  76:../cleanflight/src/main/cms/cms_menu_osd.c ****     {"NAME",               OME_VISIBLE, NULL, &osdConfig_item_pos[OSD_CRAFT_NAME], 0},
  77:../cleanflight/src/main/cms/cms_menu_osd.c ****     {"THROTTLE",           OME_VISIBLE, NULL, &osdConfig_item_pos[OSD_THROTTLE_POS], 0},
  78:../cleanflight/src/main/cms/cms_menu_osd.c **** #ifdef USE_VTX_CONTROL
  79:../cleanflight/src/main/cms/cms_menu_osd.c ****     {"VTX CHAN",           OME_VISIBLE, NULL, &osdConfig_item_pos[OSD_VTX_CHANNEL], 0},
  80:../cleanflight/src/main/cms/cms_menu_osd.c **** #endif // VTX
  81:../cleanflight/src/main/cms/cms_menu_osd.c ****     {"CURRENT (A)",        OME_VISIBLE, NULL, &osdConfig_item_pos[OSD_CURRENT_DRAW], 0},
  82:../cleanflight/src/main/cms/cms_menu_osd.c ****     {"USED MAH",           OME_VISIBLE, NULL, &osdConfig_item_pos[OSD_MAH_DRAWN], 0},
  83:../cleanflight/src/main/cms/cms_menu_osd.c **** #ifdef USE_GPS
  84:../cleanflight/src/main/cms/cms_menu_osd.c ****     {"GPS SPEED",          OME_VISIBLE, NULL, &osdConfig_item_pos[OSD_GPS_SPEED], 0},
  85:../cleanflight/src/main/cms/cms_menu_osd.c ****     {"GPS SATS",           OME_VISIBLE, NULL, &osdConfig_item_pos[OSD_GPS_SATS], 0},
  86:../cleanflight/src/main/cms/cms_menu_osd.c ****     {"GPS LAT",            OME_VISIBLE, NULL, &osdConfig_item_pos[OSD_GPS_LAT], 0},
  87:../cleanflight/src/main/cms/cms_menu_osd.c ****     {"GPS LON",            OME_VISIBLE, NULL, &osdConfig_item_pos[OSD_GPS_LON], 0},
  88:../cleanflight/src/main/cms/cms_menu_osd.c ****     {"HOME DIR",           OME_VISIBLE, NULL, &osdConfig_item_pos[OSD_HOME_DIR], 0},
  89:../cleanflight/src/main/cms/cms_menu_osd.c ****     {"HOME DIST",          OME_VISIBLE, NULL, &osdConfig_item_pos[OSD_HOME_DIST], 0},
  90:../cleanflight/src/main/cms/cms_menu_osd.c **** #endif // GPS
  91:../cleanflight/src/main/cms/cms_menu_osd.c ****     {"COMPASS BAR",        OME_VISIBLE, NULL, &osdConfig_item_pos[OSD_COMPASS_BAR], 0},
  92:../cleanflight/src/main/cms/cms_menu_osd.c ****     {"ALTITUDE",           OME_VISIBLE, NULL, &osdConfig_item_pos[OSD_ALTITUDE], 0},
  93:../cleanflight/src/main/cms/cms_menu_osd.c ****     {"POWER",              OME_VISIBLE, NULL, &osdConfig_item_pos[OSD_POWER], 0},
  94:../cleanflight/src/main/cms/cms_menu_osd.c ****     {"ROLL PID",           OME_VISIBLE, NULL, &osdConfig_item_pos[OSD_ROLL_PIDS], 0},
  95:../cleanflight/src/main/cms/cms_menu_osd.c ****     {"PITCH PID",          OME_VISIBLE, NULL, &osdConfig_item_pos[OSD_PITCH_PIDS], 0},
  96:../cleanflight/src/main/cms/cms_menu_osd.c ****     {"YAW PID",            OME_VISIBLE, NULL, &osdConfig_item_pos[OSD_YAW_PIDS], 0},
  97:../cleanflight/src/main/cms/cms_menu_osd.c ****     {"PROFILES",           OME_VISIBLE, NULL, &osdConfig_item_pos[OSD_PIDRATE_PROFILE], 0},
  98:../cleanflight/src/main/cms/cms_menu_osd.c ****     {"DEBUG",              OME_VISIBLE, NULL, &osdConfig_item_pos[OSD_DEBUG], 0},
  99:../cleanflight/src/main/cms/cms_menu_osd.c ****     {"WARNINGS",           OME_VISIBLE, NULL, &osdConfig_item_pos[OSD_WARNINGS], 0},
 100:../cleanflight/src/main/cms/cms_menu_osd.c ****     {"DISARMED",           OME_VISIBLE, NULL, &osdConfig_item_pos[OSD_DISARMED], 0},
 101:../cleanflight/src/main/cms/cms_menu_osd.c ****     {"PIT ANG",            OME_VISIBLE, NULL, &osdConfig_item_pos[OSD_PITCH_ANGLE], 0},
 102:../cleanflight/src/main/cms/cms_menu_osd.c ****     {"ROL ANG",            OME_VISIBLE, NULL, &osdConfig_item_pos[OSD_ROLL_ANGLE], 0},
 103:../cleanflight/src/main/cms/cms_menu_osd.c ****     {"HEADING",            OME_VISIBLE, NULL, &osdConfig_item_pos[OSD_NUMERICAL_HEADING], 0},
 104:../cleanflight/src/main/cms/cms_menu_osd.c ****     {"VARIO",              OME_VISIBLE, NULL, &osdConfig_item_pos[OSD_NUMERICAL_VARIO], 0},
 105:../cleanflight/src/main/cms/cms_menu_osd.c ****     {"G-FORCE",            OME_VISIBLE, NULL, &osdConfig_item_pos[OSD_G_FORCE], 0},
 106:../cleanflight/src/main/cms/cms_menu_osd.c ****     {"BACK",               OME_Back,    NULL, NULL, 0},
 107:../cleanflight/src/main/cms/cms_menu_osd.c ****     {NULL,                 OME_END,     NULL, NULL, 0}
 108:../cleanflight/src/main/cms/cms_menu_osd.c **** };
 109:../cleanflight/src/main/cms/cms_menu_osd.c **** 
 110:../cleanflight/src/main/cms/cms_menu_osd.c **** CMS_Menu menuOsdActiveElems = {
 111:../cleanflight/src/main/cms/cms_menu_osd.c **** #ifdef CMS_MENU_DEBUG
 112:../cleanflight/src/main/cms/cms_menu_osd.c ****     .GUARD_text = "MENUOSDACT",
 113:../cleanflight/src/main/cms/cms_menu_osd.c ****     .GUARD_type = OME_MENU,
 114:../cleanflight/src/main/cms/cms_menu_osd.c **** #endif
 115:../cleanflight/src/main/cms/cms_menu_osd.c ****     .onEnter = menuOsdActiveElemsOnEnter,
 116:../cleanflight/src/main/cms/cms_menu_osd.c ****     .onExit = menuOsdActiveElemsOnExit,
 117:../cleanflight/src/main/cms/cms_menu_osd.c ****     .entries = menuOsdActiveElemsEntries
 118:../cleanflight/src/main/cms/cms_menu_osd.c **** };
 119:../cleanflight/src/main/cms/cms_menu_osd.c **** 
 120:../cleanflight/src/main/cms/cms_menu_osd.c **** static uint8_t osdConfig_rssi_alarm;
 121:../cleanflight/src/main/cms/cms_menu_osd.c **** static uint16_t osdConfig_cap_alarm;
 122:../cleanflight/src/main/cms/cms_menu_osd.c **** static uint16_t osdConfig_alt_alarm;
 123:../cleanflight/src/main/cms/cms_menu_osd.c **** 
 124:../cleanflight/src/main/cms/cms_menu_osd.c **** static long menuAlarmsOnEnter(void)
 125:../cleanflight/src/main/cms/cms_menu_osd.c **** {
 548              	 .loc 2 125 0
 549              	 .cfi_startproc
 550              	 
 551              	 
 552 0000 80B5     	 push {r7,lr}
 553              	.LCFI15:
 554              	 .cfi_def_cfa_offset 8
 555              	 .cfi_offset 7,-8
 556              	 .cfi_offset 14,-4
 557 0002 00AF     	 add r7,sp,#0
 558              	.LCFI16:
 559              	 .cfi_def_cfa_register 7
 126:../cleanflight/src/main/cms/cms_menu_osd.c ****     osdConfig_rssi_alarm = osdConfig()->rssi_alarm;
 560              	 .loc 2 126 0
 561 0004 FFF7FEFF 	 bl osdConfig
 562 0008 0346     	 mov r3,r0
 563 000a 93F85A20 	 ldrb r2,[r3,#90]
 564 000e 0A4B     	 ldr r3,.L19
 565 0010 1A70     	 strb r2,[r3]
 127:../cleanflight/src/main/cms/cms_menu_osd.c ****     osdConfig_cap_alarm = osdConfig()->cap_alarm;
 566              	 .loc 2 127 0
 567 0012 FFF7FEFF 	 bl osdConfig
 568 0016 0346     	 mov r3,r0
 569 0018 B3F85630 	 ldrh r3,[r3,#86]
 570 001c 9AB2     	 uxth r2,r3
 571 001e 074B     	 ldr r3,.L19+4
 572 0020 1A80     	 strh r2,[r3]
 128:../cleanflight/src/main/cms/cms_menu_osd.c ****     osdConfig_alt_alarm = osdConfig()->alt_alarm;
 573              	 .loc 2 128 0
 574 0022 FFF7FEFF 	 bl osdConfig
 575 0026 0346     	 mov r3,r0
 576 0028 B3F85830 	 ldrh r3,[r3,#88]
 577 002c 9AB2     	 uxth r2,r3
 578 002e 044B     	 ldr r3,.L19+8
 579 0030 1A80     	 strh r2,[r3]
 129:../cleanflight/src/main/cms/cms_menu_osd.c **** 
 130:../cleanflight/src/main/cms/cms_menu_osd.c ****     return 0;
 580              	 .loc 2 130 0
 581 0032 0023     	 movs r3,#0
 131:../cleanflight/src/main/cms/cms_menu_osd.c **** }
 582              	 .loc 2 131 0
 583 0034 1846     	 mov r0,r3
 584 0036 80BD     	 pop {r7,pc}
 585              	.L20:
 586              	 .align 2
 587              	.L19:
 588 0038 00000000 	 .word osdConfig_rssi_alarm
 589 003c 00000000 	 .word osdConfig_cap_alarm
 590 0040 00000000 	 .word osdConfig_alt_alarm
 591              	 .cfi_endproc
 592              	.LFE535:
 594              	 .section .text.menuAlarmsOnExit,"ax",%progbits
 595              	 .align 2
 596              	 .thumb
 597              	 .thumb_func
 599              	menuAlarmsOnExit:
 600              	.LFB536:
 132:../cleanflight/src/main/cms/cms_menu_osd.c **** 
 133:../cleanflight/src/main/cms/cms_menu_osd.c **** static long menuAlarmsOnExit(const OSD_Entry *self)
 134:../cleanflight/src/main/cms/cms_menu_osd.c **** {
 601              	 .loc 2 134 0
 602              	 .cfi_startproc
 603              	 
 604              	 
 605 0000 80B5     	 push {r7,lr}
 606              	.LCFI17:
 607              	 .cfi_def_cfa_offset 8
 608              	 .cfi_offset 7,-8
 609              	 .cfi_offset 14,-4
 610 0002 82B0     	 sub sp,sp,#8
 611              	.LCFI18:
 612              	 .cfi_def_cfa_offset 16
 613 0004 00AF     	 add r7,sp,#0
 614              	.LCFI19:
 615              	 .cfi_def_cfa_register 7
 616 0006 7860     	 str r0,[r7,#4]
 135:../cleanflight/src/main/cms/cms_menu_osd.c ****     UNUSED(self);
 136:../cleanflight/src/main/cms/cms_menu_osd.c **** 
 137:../cleanflight/src/main/cms/cms_menu_osd.c ****     osdConfigMutable()->rssi_alarm = osdConfig_rssi_alarm;
 617              	 .loc 2 137 0
 618 0008 FFF7FEFF 	 bl osdConfigMutable
 619 000c 0246     	 mov r2,r0
 620 000e 0B4B     	 ldr r3,.L23
 621 0010 1B78     	 ldrb r3,[r3]
 622 0012 82F85A30 	 strb r3,[r2,#90]
 138:../cleanflight/src/main/cms/cms_menu_osd.c ****     osdConfigMutable()->cap_alarm = osdConfig_cap_alarm;
 623              	 .loc 2 138 0
 624 0016 FFF7FEFF 	 bl osdConfigMutable
 625 001a 0246     	 mov r2,r0
 626 001c 084B     	 ldr r3,.L23+4
 627 001e 1B88     	 ldrh r3,[r3]
 628 0020 A2F85630 	 strh r3,[r2,#86]
 139:../cleanflight/src/main/cms/cms_menu_osd.c ****     osdConfigMutable()->alt_alarm = osdConfig_alt_alarm;
 629              	 .loc 2 139 0
 630 0024 FFF7FEFF 	 bl osdConfigMutable
 631 0028 0246     	 mov r2,r0
 632 002a 064B     	 ldr r3,.L23+8
 633 002c 1B88     	 ldrh r3,[r3]
 634 002e A2F85830 	 strh r3,[r2,#88]
 140:../cleanflight/src/main/cms/cms_menu_osd.c **** 
 141:../cleanflight/src/main/cms/cms_menu_osd.c ****     return 0;
 635              	 .loc 2 141 0
 636 0032 0023     	 movs r3,#0
 142:../cleanflight/src/main/cms/cms_menu_osd.c **** }
 637              	 .loc 2 142 0
 638 0034 1846     	 mov r0,r3
 639 0036 0837     	 adds r7,r7,#8
 640              	.LCFI20:
 641              	 .cfi_def_cfa_offset 8
 642 0038 BD46     	 mov sp,r7
 643              	.LCFI21:
 644              	 .cfi_def_cfa_register 13
 645              	 
 646 003a 80BD     	 pop {r7,pc}
 647              	.L24:
 648              	 .align 2
 649              	.L23:
 650 003c 00000000 	 .word osdConfig_rssi_alarm
 651 0040 00000000 	 .word osdConfig_cap_alarm
 652 0044 00000000 	 .word osdConfig_alt_alarm
 653              	 .cfi_endproc
 654              	.LFE536:
 656              	 .section .data.__compound_literal.0,"aw",%progbits
 657              	 .align 2
 660              	__compound_literal.0:
 661 0000 00000000 	 .word osdConfig_rssi_alarm
 662 0004 05       	 .byte 5
 663 0005 5A       	 .byte 90
 664 0006 05       	 .byte 5
 665 0007 00       	 .section .data.__compound_literal.1,"aw",%progbits
 666              	 .align 2
 669              	__compound_literal.1:
 670 0000 00000000 	 .word osdConfig_cap_alarm
 671 0004 3200     	 .short 50
 672 0006 3075     	 .short 30000
 673 0008 3200     	 .short 50
 674 000a 0000     	 .section .data.__compound_literal.2,"aw",%progbits
 675              	 .align 2
 678              	__compound_literal.2:
 679 0000 00000000 	 .word osdConfig_alt_alarm
 680 0004 0100     	 .short 1
 681 0006 C800     	 .short 200
 682 0008 0100     	 .short 1
 683              	 .global menuAlarmsEntries
 684 000a 0000     	 .section .rodata
 685 01bd 000000   	 .align 2
 686              	.LC39:
 687 01c0 2D2D2D20 	 .ascii "--- ALARMS ---\000"
 687      414C4152 
 687      4D53202D 
 687      2D2D00
 688 01cf 00       	 .align 2
 689              	.LC40:
 690 01d0 4D41494E 	 .ascii "MAIN BAT\000"
 690      20424154 
 690      00
 691 01d9 000000   	 .align 2
 692              	.LC41:
 693 01dc 4D415820 	 .ascii "MAX ALT\000"
 693      414C5400 
 694              	 .section .data.menuAlarmsEntries,"aw",%progbits
 695              	 .align 2
 698              	menuAlarmsEntries:
 699 0000 C0010000 	 .word .LC39
 700 0004 00       	 .byte 0
 701 0005 00000000 	 .4byte 0
 702 0009 00000000 	 .4byte 0
 703 000d 00       	 .byte 0
 704 000e 14000000 	 .4byte .LC1
 705 0012 07       	 .byte 7
 706 0013 00000000 	 .4byte 0
 707 0017 00000000 	 .4byte __compound_literal.0
 708 001b 00       	 .byte 0
 709 001c D0010000 	 .word .LC40
 710 0020 08       	 .byte 8
 711 0021 00000000 	 .4byte 0
 712 0025 00000000 	 .4byte __compound_literal.1
 713 0029 00       	 .byte 0
 714 002a DC010000 	 .4byte .LC41
 715 002e 08       	 .byte 8
 716 002f 00000000 	 .4byte 0
 717 0033 00000000 	 .4byte __compound_literal.2
 718 0037 00       	 .byte 0
 719 0038 B8010000 	 .word .LC38
 720 003c 01       	 .byte 1
 721 003d 00000000 	 .4byte 0
 722 0041 00000000 	 .4byte 0
 723 0045 00       	 .byte 0
 724 0046 00000000 	 .4byte 0
 725 004a 0E       	 .byte 14
 726 004b 00000000 	 .4byte 0
 727 004f 00000000 	 .4byte 0
 728 0053 00       	 .byte 0
 729              	 .global menuAlarms
 730              	 .section .data.menuAlarms,"aw",%progbits
 731              	 .align 2
 734              	menuAlarms:
 735 0000 00000000 	 .word menuAlarmsOnEnter
 736 0004 00000000 	 .word menuAlarmsOnExit
 737 0008 00000000 	 .word menuAlarmsEntries
 738              	 .comm timerSource,2,4
 739              	 .comm timerPrecision,2,4
 740              	 .comm timerAlarm,2,4
 741              	 .section .text.menuTimersOnEnter,"ax",%progbits
 742              	 .align 2
 743              	 .thumb
 744              	 .thumb_func
 746              	menuTimersOnEnter:
 747              	.LFB537:
 143:../cleanflight/src/main/cms/cms_menu_osd.c **** 
 144:../cleanflight/src/main/cms/cms_menu_osd.c **** OSD_Entry menuAlarmsEntries[] =
 145:../cleanflight/src/main/cms/cms_menu_osd.c **** {
 146:../cleanflight/src/main/cms/cms_menu_osd.c ****     {"--- ALARMS ---", OME_Label, NULL, NULL, 0},
 147:../cleanflight/src/main/cms/cms_menu_osd.c ****     {"RSSI",     OME_UINT8,  NULL, &(OSD_UINT8_t){&osdConfig_rssi_alarm, 5, 90, 5}, 0},
 148:../cleanflight/src/main/cms/cms_menu_osd.c ****     {"MAIN BAT", OME_UINT16, NULL, &(OSD_UINT16_t){&osdConfig_cap_alarm, 50, 30000, 50}, 0},
 149:../cleanflight/src/main/cms/cms_menu_osd.c ****     {"MAX ALT",  OME_UINT16, NULL, &(OSD_UINT16_t){&osdConfig_alt_alarm, 1, 200, 1}, 0},
 150:../cleanflight/src/main/cms/cms_menu_osd.c ****     {"BACK", OME_Back, NULL, NULL, 0},
 151:../cleanflight/src/main/cms/cms_menu_osd.c ****     {NULL, OME_END, NULL, NULL, 0}
 152:../cleanflight/src/main/cms/cms_menu_osd.c **** };
 153:../cleanflight/src/main/cms/cms_menu_osd.c **** 
 154:../cleanflight/src/main/cms/cms_menu_osd.c **** CMS_Menu menuAlarms = {
 155:../cleanflight/src/main/cms/cms_menu_osd.c **** #ifdef CMS_MENU_DEBUG
 156:../cleanflight/src/main/cms/cms_menu_osd.c ****     .GUARD_text = "MENUALARMS",
 157:../cleanflight/src/main/cms/cms_menu_osd.c ****     .GUARD_type = OME_MENU,
 158:../cleanflight/src/main/cms/cms_menu_osd.c **** #endif
 159:../cleanflight/src/main/cms/cms_menu_osd.c ****     .onEnter = menuAlarmsOnEnter,
 160:../cleanflight/src/main/cms/cms_menu_osd.c ****     .onExit = menuAlarmsOnExit,
 161:../cleanflight/src/main/cms/cms_menu_osd.c ****     .entries = menuAlarmsEntries,
 162:../cleanflight/src/main/cms/cms_menu_osd.c **** };
 163:../cleanflight/src/main/cms/cms_menu_osd.c **** 
 164:../cleanflight/src/main/cms/cms_menu_osd.c **** osd_timer_source_e timerSource[OSD_TIMER_COUNT];
 165:../cleanflight/src/main/cms/cms_menu_osd.c **** osd_timer_precision_e timerPrecision[OSD_TIMER_COUNT];
 166:../cleanflight/src/main/cms/cms_menu_osd.c **** uint8_t timerAlarm[OSD_TIMER_COUNT];
 167:../cleanflight/src/main/cms/cms_menu_osd.c **** 
 168:../cleanflight/src/main/cms/cms_menu_osd.c **** static long menuTimersOnEnter(void)
 169:../cleanflight/src/main/cms/cms_menu_osd.c **** {
 748              	 .loc 2 169 0
 749              	 .cfi_startproc
 750              	 
 751              	 
 752 0000 80B5     	 push {r7,lr}
 753              	.LCFI22:
 754              	 .cfi_def_cfa_offset 8
 755              	 .cfi_offset 7,-8
 756              	 .cfi_offset 14,-4
 757 0002 82B0     	 sub sp,sp,#8
 758              	.LCFI23:
 759              	 .cfi_def_cfa_offset 16
 760 0004 00AF     	 add r7,sp,#0
 761              	.LCFI24:
 762              	 .cfi_def_cfa_register 7
 763              	.LBB2:
 170:../cleanflight/src/main/cms/cms_menu_osd.c ****     for (int i = 0; i < OSD_TIMER_COUNT; i++) {
 764              	 .loc 2 170 0
 765 0006 0023     	 movs r3,#0
 766 0008 7B60     	 str r3,[r7,#4]
 767 000a 30E0     	 b .L26
 768              	.L27:
 769              	.LBB3:
 171:../cleanflight/src/main/cms/cms_menu_osd.c ****         const uint16_t timer = osdConfig()->timers[i];
 770              	 .loc 2 171 0 discriminator 3
 771 000c FFF7FEFF 	 bl osdConfig
 772 0010 0146     	 mov r1,r0
 773 0012 7B68     	 ldr r3,[r7,#4]
 774 0014 03F12C02 	 add r2,r3,#44
 775 0018 5300     	 lsls r3,r2,#1
 776 001a 0B44     	 add r3,r3,r1
 777 001c 1879     	 ldrb r0,[r3,#4]
 778 001e 5300     	 lsls r3,r2,#1
 779 0020 0B44     	 add r3,r3,r1
 780 0022 5B79     	 ldrb r3,[r3,#5]
 781 0024 1B02     	 lsls r3,r3,#8
 782 0026 0343     	 orrs r3,r3,r0
 783 0028 7B80     	 strh r3,[r7,#2]
 172:../cleanflight/src/main/cms/cms_menu_osd.c ****         timerSource[i] = OSD_TIMER_SRC(timer);
 784              	 .loc 2 172 0 discriminator 3
 785 002a 7B88     	 ldrh r3,[r7,#2]
 786 002c DBB2     	 uxtb r3,r3
 787 002e 03F00F03 	 and r3,r3,#15
 788 0032 D9B2     	 uxtb r1,r3
 789 0034 124A     	 ldr r2,.L29
 790 0036 7B68     	 ldr r3,[r7,#4]
 791 0038 1344     	 add r3,r3,r2
 792 003a 0A46     	 mov r2,r1
 793 003c 1A70     	 strb r2,[r3]
 173:../cleanflight/src/main/cms/cms_menu_osd.c ****         timerPrecision[i] = OSD_TIMER_PRECISION(timer);
 794              	 .loc 2 173 0 discriminator 3
 795 003e 7B88     	 ldrh r3,[r7,#2]
 796 0040 1B09     	 lsrs r3,r3,#4
 797 0042 9BB2     	 uxth r3,r3
 798 0044 DBB2     	 uxtb r3,r3
 799 0046 03F00F03 	 and r3,r3,#15
 800 004a D9B2     	 uxtb r1,r3
 801 004c 0D4A     	 ldr r2,.L29+4
 802 004e 7B68     	 ldr r3,[r7,#4]
 803 0050 1344     	 add r3,r3,r2
 804 0052 0A46     	 mov r2,r1
 805 0054 1A70     	 strb r2,[r3]
 174:../cleanflight/src/main/cms/cms_menu_osd.c ****         timerAlarm[i] = OSD_TIMER_ALARM(timer);
 806              	 .loc 2 174 0 discriminator 3
 807 0056 7B88     	 ldrh r3,[r7,#2]
 808 0058 1B0A     	 lsrs r3,r3,#8
 809 005a 9BB2     	 uxth r3,r3
 810 005c D9B2     	 uxtb r1,r3
 811 005e 0A4A     	 ldr r2,.L29+8
 812 0060 7B68     	 ldr r3,[r7,#4]
 813 0062 1344     	 add r3,r3,r2
 814 0064 0A46     	 mov r2,r1
 815 0066 1A70     	 strb r2,[r3]
 816              	.LBE3:
 170:../cleanflight/src/main/cms/cms_menu_osd.c ****         const uint16_t timer = osdConfig()->timers[i];
 817              	 .loc 2 170 0 discriminator 3
 818 0068 7B68     	 ldr r3,[r7,#4]
 819 006a 0133     	 adds r3,r3,#1
 820 006c 7B60     	 str r3,[r7,#4]
 821              	.L26:
 170:../cleanflight/src/main/cms/cms_menu_osd.c ****         const uint16_t timer = osdConfig()->timers[i];
 822              	 .loc 2 170 0 is_stmt 0 discriminator 1
 823 006e 7B68     	 ldr r3,[r7,#4]
 824 0070 012B     	 cmp r3,#1
 825 0072 CBDD     	 ble .L27
 826              	.LBE2:
 175:../cleanflight/src/main/cms/cms_menu_osd.c ****     }
 176:../cleanflight/src/main/cms/cms_menu_osd.c **** 
 177:../cleanflight/src/main/cms/cms_menu_osd.c ****     return 0;
 827              	 .loc 2 177 0 is_stmt 1
 828 0074 0023     	 movs r3,#0
 178:../cleanflight/src/main/cms/cms_menu_osd.c **** }
 829              	 .loc 2 178 0
 830 0076 1846     	 mov r0,r3
 831 0078 0837     	 adds r7,r7,#8
 832              	.LCFI25:
 833              	 .cfi_def_cfa_offset 8
 834 007a BD46     	 mov sp,r7
 835              	.LCFI26:
 836              	 .cfi_def_cfa_register 13
 837              	 
 838 007c 80BD     	 pop {r7,pc}
 839              	.L30:
 840 007e 00BF     	 .align 2
 841              	.L29:
 842 0080 00000000 	 .word timerSource
 843 0084 00000000 	 .word timerPrecision
 844 0088 00000000 	 .word timerAlarm
 845              	 .cfi_endproc
 846              	.LFE537:
 848              	 .section .text.menuTimersOnExit,"ax",%progbits
 849              	 .align 2
 850              	 .thumb
 851              	 .thumb_func
 853              	menuTimersOnExit:
 854              	.LFB538:
 179:../cleanflight/src/main/cms/cms_menu_osd.c **** 
 180:../cleanflight/src/main/cms/cms_menu_osd.c **** static long menuTimersOnExit(const OSD_Entry *self)
 181:../cleanflight/src/main/cms/cms_menu_osd.c **** {
 855              	 .loc 2 181 0
 856              	 .cfi_startproc
 857              	 
 858              	 
 859 0000 80B5     	 push {r7,lr}
 860              	.LCFI27:
 861              	 .cfi_def_cfa_offset 8
 862              	 .cfi_offset 7,-8
 863              	 .cfi_offset 14,-4
 864 0002 84B0     	 sub sp,sp,#16
 865              	.LCFI28:
 866              	 .cfi_def_cfa_offset 24
 867 0004 00AF     	 add r7,sp,#0
 868              	.LCFI29:
 869              	 .cfi_def_cfa_register 7
 870 0006 7860     	 str r0,[r7,#4]
 871              	.LBB4:
 182:../cleanflight/src/main/cms/cms_menu_osd.c ****     UNUSED(self);
 183:../cleanflight/src/main/cms/cms_menu_osd.c **** 
 184:../cleanflight/src/main/cms/cms_menu_osd.c ****     for (int i = 0; i < OSD_TIMER_COUNT; i++) {
 872              	 .loc 2 184 0
 873 0008 0023     	 movs r3,#0
 874 000a FB60     	 str r3,[r7,#12]
 875 000c 27E0     	 b .L32
 876              	.L33:
 185:../cleanflight/src/main/cms/cms_menu_osd.c ****         osdConfigMutable()->timers[i] = OSD_TIMER(timerSource[i], timerPrecision[i], timerAlarm[i])
 877              	 .loc 2 185 0 discriminator 3
 878 000e FFF7FEFF 	 bl osdConfigMutable
 879 0012 0146     	 mov r1,r0
 880 0014 164A     	 ldr r2,.L35
 881 0016 FB68     	 ldr r3,[r7,#12]
 882 0018 1344     	 add r3,r3,r2
 883 001a 1B78     	 ldrb r3,[r3]
 884 001c 9BB2     	 uxth r3,r3
 885 001e 03F00F03 	 and r3,r3,#15
 886 0022 98B2     	 uxth r0,r3
 887 0024 134A     	 ldr r2,.L35+4
 888 0026 FB68     	 ldr r3,[r7,#12]
 889 0028 1344     	 add r3,r3,r2
 890 002a 1B78     	 ldrb r3,[r3]
 891 002c 1B01     	 lsls r3,r3,#4
 892 002e 9BB2     	 uxth r3,r3
 893 0030 DBB2     	 uxtb r3,r3
 894 0032 9BB2     	 uxth r3,r3
 895 0034 0246     	 mov r2,r0
 896 0036 1343     	 orrs r3,r3,r2
 897 0038 98B2     	 uxth r0,r3
 898 003a 0F4A     	 ldr r2,.L35+8
 899 003c FB68     	 ldr r3,[r7,#12]
 900 003e 1344     	 add r3,r3,r2
 901 0040 1B78     	 ldrb r3,[r3]
 902 0042 1B02     	 lsls r3,r3,#8
 903 0044 9BB2     	 uxth r3,r3
 904 0046 0246     	 mov r2,r0
 905 0048 1343     	 orrs r3,r3,r2
 906 004a 9BB2     	 uxth r3,r3
 907 004c 9AB2     	 uxth r2,r3
 908 004e FB68     	 ldr r3,[r7,#12]
 909 0050 2C33     	 adds r3,r3,#44
 910 0052 5B00     	 lsls r3,r3,#1
 911 0054 0B44     	 add r3,r3,r1
 912 0056 9A80     	 strh r2,[r3,#4]
 184:../cleanflight/src/main/cms/cms_menu_osd.c ****         osdConfigMutable()->timers[i] = OSD_TIMER(timerSource[i], timerPrecision[i], timerAlarm[i])
 913              	 .loc 2 184 0 discriminator 3
 914 0058 FB68     	 ldr r3,[r7,#12]
 915 005a 0133     	 adds r3,r3,#1
 916 005c FB60     	 str r3,[r7,#12]
 917              	.L32:
 184:../cleanflight/src/main/cms/cms_menu_osd.c ****         osdConfigMutable()->timers[i] = OSD_TIMER(timerSource[i], timerPrecision[i], timerAlarm[i])
 918              	 .loc 2 184 0 is_stmt 0 discriminator 1
 919 005e FB68     	 ldr r3,[r7,#12]
 920 0060 012B     	 cmp r3,#1
 921 0062 D4DD     	 ble .L33
 922              	.LBE4:
 186:../cleanflight/src/main/cms/cms_menu_osd.c ****     }
 187:../cleanflight/src/main/cms/cms_menu_osd.c **** 
 188:../cleanflight/src/main/cms/cms_menu_osd.c ****     return 0;
 923              	 .loc 2 188 0 is_stmt 1
 924 0064 0023     	 movs r3,#0
 189:../cleanflight/src/main/cms/cms_menu_osd.c **** }
 925              	 .loc 2 189 0
 926 0066 1846     	 mov r0,r3
 927 0068 1037     	 adds r7,r7,#16
 928              	.LCFI30:
 929              	 .cfi_def_cfa_offset 8
 930 006a BD46     	 mov sp,r7
 931              	.LCFI31:
 932              	 .cfi_def_cfa_register 13
 933              	 
 934 006c 80BD     	 pop {r7,pc}
 935              	.L36:
 936 006e 00BF     	 .align 2
 937              	.L35:
 938 0070 00000000 	 .word timerSource
 939 0074 00000000 	 .word timerPrecision
 940 0078 00000000 	 .word timerAlarm
 941              	 .cfi_endproc
 942              	.LFE538:
 944              	 .section .rodata
 945              	 .align 2
 946              	.LC42:
 947 01e4 53434E44 	 .ascii "SCND\000"
 947      00
 948 01e9 000000   	 .align 2
 949              	.LC43:
 950 01ec 48445448 	 .ascii "HDTH\000"
 950      00
 951              	 .section .data.osdTimerPrecisionNames,"aw",%progbits
 952              	 .align 2
 955              	osdTimerPrecisionNames:
 956 0000 E4010000 	 .word .LC42
 957 0004 EC010000 	 .word .LC43
 958              	 .section .data.__compound_literal.3,"aw",%progbits
 959              	 .align 2
 962              	__compound_literal.3:
 963 0000 00000000 	 .word timerSource
 964 0004 02       	 .byte 2
 965 0005 00000000 	 .4byte osdTimerSourceNames
 966 0009 000000   	 .section .data.__compound_literal.4,"aw",%progbits
 967              	 .align 2
 970              	__compound_literal.4:
 971 0000 00000000 	 .word timerPrecision
 972 0004 01       	 .byte 1
 973 0005 00000000 	 .4byte osdTimerPrecisionNames
 974 0009 000000   	 .section .data.__compound_literal.5,"aw",%progbits
 975              	 .align 2
 978              	__compound_literal.5:
 979 0000 00000000 	 .word timerAlarm
 980 0004 00       	 .byte 0
 981 0005 FF       	 .byte -1
 982 0006 01       	 .byte 1
 983 0007 00       	 .section .data.__compound_literal.6,"aw",%progbits
 984              	 .align 2
 987              	__compound_literal.6:
 988 0000 01000000 	 .word timerSource+1
 989 0004 02       	 .byte 2
 990 0005 00000000 	 .4byte osdTimerSourceNames
 991 0009 000000   	 .section .data.__compound_literal.7,"aw",%progbits
 992              	 .align 2
 995              	__compound_literal.7:
 996 0000 01000000 	 .word timerPrecision+1
 997 0004 01       	 .byte 1
 998 0005 00000000 	 .4byte osdTimerPrecisionNames
 999 0009 000000   	 .section .data.__compound_literal.8,"aw",%progbits
 1000              	 .align 2
 1003              	__compound_literal.8:
 1004 0000 01000000 	 .word timerAlarm+1
 1005 0004 00       	 .byte 0
 1006 0005 FF       	 .byte -1
 1007 0006 01       	 .byte 1
 1008              	 .global menuTimersEntries
 1009 0007 00       	 .section .rodata
 1010 01f1 000000   	 .align 2
 1011              	.LC44:
 1012 01f4 2D2D2D20 	 .ascii "--- TIMERS ---\000"
 1012      54494D45 
 1012      5253202D 
 1012      2D2D00
 1013 0203 00       	 .align 2
 1014              	.LC45:
 1015 0204 31205352 	 .ascii "1 SRC\000"
 1015      4300
 1016 020a 0000     	 .align 2
 1017              	.LC46:
 1018 020c 31205052 	 .ascii "1 PREC\000"
 1018      454300
 1019 0213 00       	 .align 2
 1020              	.LC47:
 1021 0214 3120414C 	 .ascii "1 ALARM\000"
 1021      41524D00 
 1022              	 .align 2
 1023              	.LC48:
 1024 021c 32205352 	 .ascii "2 SRC\000"
 1024      4300
 1025 0222 0000     	 .align 2
 1026              	.LC49:
 1027 0224 32205052 	 .ascii "2 PREC\000"
 1027      454300
 1028 022b 00       	 .align 2
 1029              	.LC50:
 1030 022c 3220414C 	 .ascii "2 ALARM\000"
 1030      41524D00 
 1031              	 .section .data.menuTimersEntries,"aw",%progbits
 1032              	 .align 2
 1035              	menuTimersEntries:
 1036 0000 F4010000 	 .word .LC44
 1037 0004 00       	 .byte 0
 1038 0005 00000000 	 .4byte 0
 1039 0009 00000000 	 .4byte 0
 1040 000d 00       	 .byte 0
 1041 000e 04020000 	 .4byte .LC45
 1042 0012 0D       	 .byte 13
 1043 0013 00000000 	 .4byte 0
 1044 0017 00000000 	 .4byte __compound_literal.3
 1045 001b 00       	 .byte 0
 1046 001c 0C020000 	 .word .LC46
 1047 0020 0D       	 .byte 13
 1048 0021 00000000 	 .4byte 0
 1049 0025 00000000 	 .4byte __compound_literal.4
 1050 0029 00       	 .byte 0
 1051 002a 14020000 	 .4byte .LC47
 1052 002e 07       	 .byte 7
 1053 002f 00000000 	 .4byte 0
 1054 0033 00000000 	 .4byte __compound_literal.5
 1055 0037 00       	 .byte 0
 1056 0038 1C020000 	 .word .LC48
 1057 003c 0D       	 .byte 13
 1058 003d 00000000 	 .4byte 0
 1059 0041 00000000 	 .4byte __compound_literal.6
 1060 0045 00       	 .byte 0
 1061 0046 24020000 	 .4byte .LC49
 1062 004a 0D       	 .byte 13
 1063 004b 00000000 	 .4byte 0
 1064 004f 00000000 	 .4byte __compound_literal.7
 1065 0053 00       	 .byte 0
 1066 0054 2C020000 	 .word .LC50
 1067 0058 07       	 .byte 7
 1068 0059 00000000 	 .4byte 0
 1069 005d 00000000 	 .4byte __compound_literal.8
 1070 0061 00       	 .byte 0
 1071 0062 B8010000 	 .4byte .LC38
 1072 0066 01       	 .byte 1
 1073 0067 00000000 	 .4byte 0
 1074 006b 00000000 	 .4byte 0
 1075 006f 00       	 .byte 0
 1076 0070 00000000 	 .word 0
 1077 0074 0E       	 .byte 14
 1078 0075 00000000 	 .4byte 0
 1079 0079 00000000 	 .4byte 0
 1080 007d 00       	 .byte 0
 1081              	 .global menuTimers
 1082 007e 0000     	 .section .data.menuTimers,"aw",%progbits
 1083              	 .align 2
 1086              	menuTimers:
 1087 0000 00000000 	 .word menuTimersOnEnter
 1088 0004 00000000 	 .word menuTimersOnExit
 1089 0008 00000000 	 .word menuTimersEntries
 1090              	 .section .text.cmsx_menuOsdOnEnter,"ax",%progbits
 1091              	 .align 2
 1092              	 .thumb
 1093              	 .thumb_func
 1095              	cmsx_menuOsdOnEnter:
 1096              	.LFB539:
 190:../cleanflight/src/main/cms/cms_menu_osd.c **** 
 191:../cleanflight/src/main/cms/cms_menu_osd.c **** static const char * osdTimerPrecisionNames[] = {"SCND", "HDTH"};
 192:../cleanflight/src/main/cms/cms_menu_osd.c **** 
 193:../cleanflight/src/main/cms/cms_menu_osd.c **** OSD_Entry menuTimersEntries[] =
 194:../cleanflight/src/main/cms/cms_menu_osd.c **** {
 195:../cleanflight/src/main/cms/cms_menu_osd.c ****     {"--- TIMERS ---", OME_Label, NULL, NULL, 0},
 196:../cleanflight/src/main/cms/cms_menu_osd.c ****     {"1 SRC",          OME_TAB,   NULL, &(OSD_TAB_t){&timerSource[OSD_TIMER_1], OSD_TIMER_SRC_COUNT
 197:../cleanflight/src/main/cms/cms_menu_osd.c ****     {"1 PREC",         OME_TAB,   NULL, &(OSD_TAB_t){&timerPrecision[OSD_TIMER_1], OSD_TIMER_PREC_C
 198:../cleanflight/src/main/cms/cms_menu_osd.c ****     {"1 ALARM",        OME_UINT8, NULL, &(OSD_UINT8_t){&timerAlarm[OSD_TIMER_1], 0, 0xFF, 1}, 0},
 199:../cleanflight/src/main/cms/cms_menu_osd.c ****     {"2 SRC",          OME_TAB,   NULL, &(OSD_TAB_t){&timerSource[OSD_TIMER_2], OSD_TIMER_SRC_COUNT
 200:../cleanflight/src/main/cms/cms_menu_osd.c ****     {"2 PREC",         OME_TAB,   NULL, &(OSD_TAB_t){&timerPrecision[OSD_TIMER_2], OSD_TIMER_PREC_C
 201:../cleanflight/src/main/cms/cms_menu_osd.c ****     {"2 ALARM",        OME_UINT8, NULL, &(OSD_UINT8_t){&timerAlarm[OSD_TIMER_2], 0, 0xFF, 1}, 0},
 202:../cleanflight/src/main/cms/cms_menu_osd.c ****     {"BACK", OME_Back, NULL, NULL, 0},
 203:../cleanflight/src/main/cms/cms_menu_osd.c ****     {NULL, OME_END, NULL, NULL, 0}
 204:../cleanflight/src/main/cms/cms_menu_osd.c **** };
 205:../cleanflight/src/main/cms/cms_menu_osd.c **** 
 206:../cleanflight/src/main/cms/cms_menu_osd.c **** CMS_Menu menuTimers = {
 207:../cleanflight/src/main/cms/cms_menu_osd.c **** #ifdef CMS_MENU_DEBUG
 208:../cleanflight/src/main/cms/cms_menu_osd.c ****     .GUARD_text = "MENUTIMERS",
 209:../cleanflight/src/main/cms/cms_menu_osd.c ****     .GUARD_type = OME_MENU,
 210:../cleanflight/src/main/cms/cms_menu_osd.c **** #endif
 211:../cleanflight/src/main/cms/cms_menu_osd.c ****     .onEnter = menuTimersOnEnter,
 212:../cleanflight/src/main/cms/cms_menu_osd.c ****     .onExit = menuTimersOnExit,
 213:../cleanflight/src/main/cms/cms_menu_osd.c ****     .entries = menuTimersEntries,
 214:../cleanflight/src/main/cms/cms_menu_osd.c **** };
 215:../cleanflight/src/main/cms/cms_menu_osd.c **** #endif /* USE_EXTENDED_CMS_MENUS */
 216:../cleanflight/src/main/cms/cms_menu_osd.c **** 
 217:../cleanflight/src/main/cms/cms_menu_osd.c **** #ifdef USE_MAX7456
 218:../cleanflight/src/main/cms/cms_menu_osd.c **** static bool displayPortProfileMax7456_invert;
 219:../cleanflight/src/main/cms/cms_menu_osd.c **** static uint8_t displayPortProfileMax7456_blackBrightness;
 220:../cleanflight/src/main/cms/cms_menu_osd.c **** static uint8_t displayPortProfileMax7456_whiteBrightness;
 221:../cleanflight/src/main/cms/cms_menu_osd.c **** #endif
 222:../cleanflight/src/main/cms/cms_menu_osd.c **** 
 223:../cleanflight/src/main/cms/cms_menu_osd.c **** static long cmsx_menuOsdOnEnter(void)
 224:../cleanflight/src/main/cms/cms_menu_osd.c **** {
 1097              	 .loc 2 224 0
 1098              	 .cfi_startproc
 1099              	 
 1100              	 
 1101              	 
 1102 0000 80B4     	 push {r7}
 1103              	.LCFI32:
 1104              	 .cfi_def_cfa_offset 4
 1105              	 .cfi_offset 7,-4
 1106 0002 00AF     	 add r7,sp,#0
 1107              	.LCFI33:
 1108              	 .cfi_def_cfa_register 7
 225:../cleanflight/src/main/cms/cms_menu_osd.c **** #ifdef USE_MAX7456
 226:../cleanflight/src/main/cms/cms_menu_osd.c ****     displayPortProfileMax7456_invert = displayPortProfileMax7456()->invert;
 227:../cleanflight/src/main/cms/cms_menu_osd.c ****     displayPortProfileMax7456_blackBrightness = displayPortProfileMax7456()->blackBrightness;
 228:../cleanflight/src/main/cms/cms_menu_osd.c ****     displayPortProfileMax7456_whiteBrightness = displayPortProfileMax7456()->whiteBrightness;
 229:../cleanflight/src/main/cms/cms_menu_osd.c **** #endif
 230:../cleanflight/src/main/cms/cms_menu_osd.c **** 
 231:../cleanflight/src/main/cms/cms_menu_osd.c ****     return 0;
 1109              	 .loc 2 231 0
 1110 0004 0023     	 movs r3,#0
 232:../cleanflight/src/main/cms/cms_menu_osd.c **** }
 1111              	 .loc 2 232 0
 1112 0006 1846     	 mov r0,r3
 1113 0008 BD46     	 mov sp,r7
 1114              	.LCFI34:
 1115              	 .cfi_def_cfa_register 13
 1116              	 
 1117 000a 5DF8047B 	 ldr r7,[sp],#4
 1118              	.LCFI35:
 1119              	 .cfi_restore 7
 1120              	 .cfi_def_cfa_offset 0
 1121 000e 7047     	 bx lr
 1122              	 .cfi_endproc
 1123              	.LFE539:
 1125              	 .section .text.cmsx_menuOsdOnExit,"ax",%progbits
 1126              	 .align 2
 1127              	 .thumb
 1128              	 .thumb_func
 1130              	cmsx_menuOsdOnExit:
 1131              	.LFB540:
 233:../cleanflight/src/main/cms/cms_menu_osd.c **** 
 234:../cleanflight/src/main/cms/cms_menu_osd.c **** static long cmsx_menuOsdOnExit(const OSD_Entry *self)
 235:../cleanflight/src/main/cms/cms_menu_osd.c **** {
 1132              	 .loc 2 235 0
 1133              	 .cfi_startproc
 1134              	 
 1135              	 
 1136              	 
 1137 0000 80B4     	 push {r7}
 1138              	.LCFI36:
 1139              	 .cfi_def_cfa_offset 4
 1140              	 .cfi_offset 7,-4
 1141 0002 83B0     	 sub sp,sp,#12
 1142              	.LCFI37:
 1143              	 .cfi_def_cfa_offset 16
 1144 0004 00AF     	 add r7,sp,#0
 1145              	.LCFI38:
 1146              	 .cfi_def_cfa_register 7
 1147 0006 7860     	 str r0,[r7,#4]
 236:../cleanflight/src/main/cms/cms_menu_osd.c ****     UNUSED(self);
 237:../cleanflight/src/main/cms/cms_menu_osd.c **** 
 238:../cleanflight/src/main/cms/cms_menu_osd.c **** #ifdef USE_MAX7456
 239:../cleanflight/src/main/cms/cms_menu_osd.c ****     displayPortProfileMax7456Mutable()->invert = displayPortProfileMax7456_invert;
 240:../cleanflight/src/main/cms/cms_menu_osd.c ****     displayPortProfileMax7456Mutable()->blackBrightness = displayPortProfileMax7456_blackBrightness
 241:../cleanflight/src/main/cms/cms_menu_osd.c ****     displayPortProfileMax7456Mutable()->whiteBrightness = displayPortProfileMax7456_whiteBrightness
 242:../cleanflight/src/main/cms/cms_menu_osd.c **** #endif
 243:../cleanflight/src/main/cms/cms_menu_osd.c **** 
 244:../cleanflight/src/main/cms/cms_menu_osd.c ****   return 0;
 1148              	 .loc 2 244 0
 1149 0008 0023     	 movs r3,#0
 245:../cleanflight/src/main/cms/cms_menu_osd.c **** }
 1150              	 .loc 2 245 0
 1151 000a 1846     	 mov r0,r3
 1152 000c 0C37     	 adds r7,r7,#12
 1153              	.LCFI39:
 1154              	 .cfi_def_cfa_offset 4
 1155 000e BD46     	 mov sp,r7
 1156              	.LCFI40:
 1157              	 .cfi_def_cfa_register 13
 1158              	 
 1159 0010 5DF8047B 	 ldr r7,[sp],#4
 1160              	.LCFI41:
 1161              	 .cfi_restore 7
 1162              	 .cfi_def_cfa_offset 0
 1163 0014 7047     	 bx lr
 1164              	 .cfi_endproc
 1165              	.LFE540:
 1167              	 .global cmsx_menuOsdEntries
 1168 0016 00BF     	 .section .rodata
 1169              	 .align 2
 1170              	.LC51:
 1171 0234 2D2D2D4F 	 .ascii "---OSD---\000"
 1171      53442D2D 
 1171      2D00
 1172 023e 0000     	 .align 2
 1173              	.LC52:
 1174 0240 41435449 	 .ascii "ACTIVE ELEM\000"
 1174      56452045 
 1174      4C454D00 
 1175              	 .align 2
 1176              	.LC53:
 1177 024c 54494D45 	 .ascii "TIMERS\000"
 1177      525300
 1178 0253 00       	 .align 2
 1179              	.LC54:
 1180 0254 414C4152 	 .ascii "ALARMS\000"
 1180      4D5300
 1181 025b 00       	 .section .data.cmsx_menuOsdEntries,"aw",%progbits
 1182              	 .align 2
 1185              	cmsx_menuOsdEntries:
 1186 0000 34020000 	 .word .LC51
 1187 0004 00       	 .byte 0
 1188 0005 00000000 	 .4byte 0
 1189 0009 00000000 	 .4byte 0
 1190 000d 00       	 .byte 0
 1191 000e 40020000 	 .4byte .LC52
 1192 0012 03       	 .byte 3
 1193 0013 00000000 	 .4byte cmsMenuChange
 1194 0017 00000000 	 .4byte menuOsdActiveElems
 1195 001b 00       	 .byte 0
 1196 001c 4C020000 	 .word .LC53
 1197 0020 03       	 .byte 3
 1198 0021 00000000 	 .4byte cmsMenuChange
 1199 0025 00000000 	 .4byte menuTimers
 1200 0029 00       	 .byte 0
 1201 002a 54020000 	 .4byte .LC54
 1202 002e 03       	 .byte 3
 1203 002f 00000000 	 .4byte cmsMenuChange
 1204 0033 00000000 	 .4byte menuAlarms
 1205 0037 00       	 .byte 0
 1206 0038 B8010000 	 .word .LC38
 1207 003c 01       	 .byte 1
 1208 003d 00000000 	 .4byte 0
 1209 0041 00000000 	 .4byte 0
 1210 0045 00       	 .byte 0
 1211 0046 00000000 	 .4byte 0
 1212 004a 0E       	 .byte 14
 1213 004b 00000000 	 .4byte 0
 1214 004f 00000000 	 .4byte 0
 1215 0053 00       	 .byte 0
 1216              	 .global cmsx_menuOsd
 1217              	 .section .data.cmsx_menuOsd,"aw",%progbits
 1218              	 .align 2
 1221              	cmsx_menuOsd:
 1222 0000 00000000 	 .word cmsx_menuOsdOnEnter
 1223 0004 00000000 	 .word cmsx_menuOsdOnExit
 1224 0008 00000000 	 .word cmsx_menuOsdEntries
 1225              	 .text
 1226              	.Letext0:
 1227              	 .file 3 "d:\\xmc\\dave-ide-4.4.2-64bit\\eclipse\\arm-gcc-49\\arm-none-eabi\\include\\machine\\_default_types.h"
 1228              	 .file 4 "d:\\xmc\\dave-ide-4.4.2-64bit\\eclipse\\arm-gcc-49\\arm-none-eabi\\include\\stdint.h"
 1229              	 .file 5 "D:/XMC/Projekte/Temp/CF_XMC4700/cleanflight/lib/main/XMC4000/XMCLib/inc/xmc_usic.h"
 1230              	 .file 6 "D:/XMC/Projekte/Temp/CF_XMC4700/cleanflight/src/main/drivers/display.h"
 1231              	 .file 7 "D:/XMC/Projekte/Temp/CF_XMC4700/cleanflight/src/main/common/time.h"
 1232              	 .file 8 "D:/XMC/Projekte/Temp/CF_XMC4700/cleanflight/src/main/cms/cms_types.h"
 1233              	 .file 9 "D:/XMC/Projekte/Temp/CF_XMC4700/cleanflight/src/main/config/feature.h"
 1234              	 .file 10 "D:/XMC/Projekte/Temp/CF_XMC4700/cleanflight/lib/main/CMSIS/Core/Include/core_cm4.h"
 1235              	 .file 11 "D:/XMC/Projekte/Temp/CF_XMC4700/cleanflight/lib/main/XMC4000/system_XMC4700.h"
 1236              	 .file 12 "D:/XMC/Projekte/Temp/CF_XMC4700/cleanflight/src/main/cms/cms.h"
 1237              	 .file 13 "D:/XMC/Projekte/Temp/CF_XMC4700/cleanflight/src/main/io/displayport_max7456.h"
DEFINED SYMBOLS
                            *ABS*:00000000 cms_menu_osd.c
                            *COM*:00000004 pCurrentDisplay
    {standard input}:21     .text.osdConfig:00000000 $t
    {standard input}:25     .text.osdConfig:00000000 osdConfig
    {standard input}:55     .text.osdConfig:00000010 $d
    {standard input}:60     .text.osdConfigMutable:00000000 $t
    {standard input}:64     .text.osdConfigMutable:00000000 osdConfigMutable
    {standard input}:93     .text.osdConfigMutable:00000010 $d
    {standard input}:98     .bss.osdConfig_item_pos:00000000 $d
    {standard input}:101    .bss.osdConfig_item_pos:00000000 osdConfig_item_pos
    {standard input}:104    .text.menuOsdActiveElemsOnEnter:00000000 $t
    {standard input}:108    .text.menuOsdActiveElemsOnEnter:00000000 menuOsdActiveElemsOnEnter
    {standard input}:138    .text.menuOsdActiveElemsOnEnter:0000001c $d
    {standard input}:143    .text.menuOsdActiveElemsOnExit:00000000 $t
    {standard input}:147    .text.menuOsdActiveElemsOnExit:00000000 menuOsdActiveElemsOnExit
    {standard input}:187    .text.menuOsdActiveElemsOnExit:00000024 $d
    {standard input}:314    .data.menuOsdActiveElemsEntries:00000000 menuOsdActiveElemsEntries
    {standard input}:193    .rodata:00000000 $d
    {standard input}:311    .data.menuOsdActiveElemsEntries:00000000 $d
    {standard input}:520    .data.menuOsdActiveElems:00000000 menuOsdActiveElems
    {standard input}:517    .data.menuOsdActiveElems:00000000 $d
    {standard input}:527    .bss.osdConfig_rssi_alarm:00000000 osdConfig_rssi_alarm
    {standard input}:528    .bss.osdConfig_rssi_alarm:00000000 $d
    {standard input}:530    .bss.osdConfig_cap_alarm:00000000 $d
    {standard input}:533    .bss.osdConfig_cap_alarm:00000000 osdConfig_cap_alarm
    {standard input}:536    .bss.osdConfig_alt_alarm:00000000 $d
    {standard input}:539    .bss.osdConfig_alt_alarm:00000000 osdConfig_alt_alarm
    {standard input}:542    .text.menuAlarmsOnEnter:00000000 $t
    {standard input}:546    .text.menuAlarmsOnEnter:00000000 menuAlarmsOnEnter
    {standard input}:588    .text.menuAlarmsOnEnter:00000038 $d
    {standard input}:595    .text.menuAlarmsOnExit:00000000 $t
    {standard input}:599    .text.menuAlarmsOnExit:00000000 menuAlarmsOnExit
    {standard input}:650    .text.menuAlarmsOnExit:0000003c $d
    {standard input}:657    .data.__compound_literal.0:00000000 $d
    {standard input}:660    .data.__compound_literal.0:00000000 __compound_literal.0
    {standard input}:666    .data.__compound_literal.1:00000000 $d
    {standard input}:669    .data.__compound_literal.1:00000000 __compound_literal.1
    {standard input}:675    .data.__compound_literal.2:00000000 $d
    {standard input}:678    .data.__compound_literal.2:00000000 __compound_literal.2
    {standard input}:698    .data.menuAlarmsEntries:00000000 menuAlarmsEntries
    {standard input}:695    .data.menuAlarmsEntries:00000000 $d
    {standard input}:734    .data.menuAlarms:00000000 menuAlarms
    {standard input}:731    .data.menuAlarms:00000000 $d
                            *COM*:00000002 timerSource
                            *COM*:00000002 timerPrecision
                            *COM*:00000002 timerAlarm
    {standard input}:742    .text.menuTimersOnEnter:00000000 $t
    {standard input}:746    .text.menuTimersOnEnter:00000000 menuTimersOnEnter
    {standard input}:842    .text.menuTimersOnEnter:00000080 $d
    {standard input}:849    .text.menuTimersOnExit:00000000 $t
    {standard input}:853    .text.menuTimersOnExit:00000000 menuTimersOnExit
    {standard input}:938    .text.menuTimersOnExit:00000070 $d
    {standard input}:952    .data.osdTimerPrecisionNames:00000000 $d
    {standard input}:955    .data.osdTimerPrecisionNames:00000000 osdTimerPrecisionNames
    {standard input}:959    .data.__compound_literal.3:00000000 $d
    {standard input}:962    .data.__compound_literal.3:00000000 __compound_literal.3
    {standard input}:967    .data.__compound_literal.4:00000000 $d
    {standard input}:970    .data.__compound_literal.4:00000000 __compound_literal.4
    {standard input}:975    .data.__compound_literal.5:00000000 $d
    {standard input}:978    .data.__compound_literal.5:00000000 __compound_literal.5
    {standard input}:984    .data.__compound_literal.6:00000000 $d
    {standard input}:987    .data.__compound_literal.6:00000000 __compound_literal.6
    {standard input}:992    .data.__compound_literal.7:00000000 $d
    {standard input}:995    .data.__compound_literal.7:00000000 __compound_literal.7
    {standard input}:1000   .data.__compound_literal.8:00000000 $d
    {standard input}:1003   .data.__compound_literal.8:00000000 __compound_literal.8
    {standard input}:1035   .data.menuTimersEntries:00000000 menuTimersEntries
    {standard input}:1032   .data.menuTimersEntries:00000000 $d
    {standard input}:1086   .data.menuTimers:00000000 menuTimers
    {standard input}:1083   .data.menuTimers:00000000 $d
    {standard input}:1091   .text.cmsx_menuOsdOnEnter:00000000 $t
    {standard input}:1095   .text.cmsx_menuOsdOnEnter:00000000 cmsx_menuOsdOnEnter
    {standard input}:1126   .text.cmsx_menuOsdOnExit:00000000 $t
    {standard input}:1130   .text.cmsx_menuOsdOnExit:00000000 cmsx_menuOsdOnExit
    {standard input}:1185   .data.cmsx_menuOsdEntries:00000000 cmsx_menuOsdEntries
    {standard input}:1182   .data.cmsx_menuOsdEntries:00000000 $d
    {standard input}:1221   .data.cmsx_menuOsd:00000000 cmsx_menuOsd
    {standard input}:1218   .data.cmsx_menuOsd:00000000 $d
                     .debug_frame:00000010 $d

UNDEFINED SYMBOLS
osdConfig_System
memcpy
osdTimerSourceNames
cmsMenuChange
