   1              	 .syntax unified
   2              	 .cpu cortex-m4
   3              	 .eabi_attribute 27,3
   4              	 .fpu fpv4-sp-d16
   5              	 .eabi_attribute 20,1
   6              	 .eabi_attribute 21,1
   7              	 .eabi_attribute 23,3
   8              	 .eabi_attribute 24,1
   9              	 .eabi_attribute 25,1
  10              	 .eabi_attribute 26,1
  11              	 .eabi_attribute 30,6
  12              	 .eabi_attribute 34,1
  13              	 .eabi_attribute 18,4
  14              	 .thumb
  15              	 .file "xmc_wdt.c"
  16              	 .text
  17              	.Ltext0:
  18              	 .cfi_sections .debug_frame
  19              	 .section .text.XMC_WDT_Enable,"ax",%progbits
  20              	 .align 2
  21              	 .global XMC_WDT_Enable
  22              	 .thumb
  23              	 .thumb_func
  25              	XMC_WDT_Enable:
  26              	.LFB178:
  27              	 .file 1 "../cleanflight/lib/main/XMC4000/XMCLib/src/xmc_wdt.c"
   1:../cleanflight/lib/main/XMC4000/XMCLib/src/xmc_wdt.c **** /**
   2:../cleanflight/lib/main/XMC4000/XMCLib/src/xmc_wdt.c ****  * @file xmc_wdt.c
   3:../cleanflight/lib/main/XMC4000/XMCLib/src/xmc_wdt.c ****  * @date 2015-06-20
   4:../cleanflight/lib/main/XMC4000/XMCLib/src/xmc_wdt.c ****  *
   5:../cleanflight/lib/main/XMC4000/XMCLib/src/xmc_wdt.c ****  * @cond
   6:../cleanflight/lib/main/XMC4000/XMCLib/src/xmc_wdt.c ****  **************************************************************************************************
   7:../cleanflight/lib/main/XMC4000/XMCLib/src/xmc_wdt.c ****  * XMClib v2.1.20 - XMC Peripheral Driver Library
   8:../cleanflight/lib/main/XMC4000/XMCLib/src/xmc_wdt.c ****  *
   9:../cleanflight/lib/main/XMC4000/XMCLib/src/xmc_wdt.c ****  * Copyright (c) 2015-2018, Infineon Technologies AG
  10:../cleanflight/lib/main/XMC4000/XMCLib/src/xmc_wdt.c ****  * All rights reserved.                        
  11:../cleanflight/lib/main/XMC4000/XMCLib/src/xmc_wdt.c ****  *                                             
  12:../cleanflight/lib/main/XMC4000/XMCLib/src/xmc_wdt.c ****  * Redistribution and use in source and binary forms, with or without modification,are permitted pr
  13:../cleanflight/lib/main/XMC4000/XMCLib/src/xmc_wdt.c ****  * following conditions are met:   
  14:../cleanflight/lib/main/XMC4000/XMCLib/src/xmc_wdt.c ****  *                                                                              
  15:../cleanflight/lib/main/XMC4000/XMCLib/src/xmc_wdt.c ****  * Redistributions of source code must retain the above copyright notice, this list of conditions a
  16:../cleanflight/lib/main/XMC4000/XMCLib/src/xmc_wdt.c ****  * disclaimer.                        
  17:../cleanflight/lib/main/XMC4000/XMCLib/src/xmc_wdt.c ****  * 
  18:../cleanflight/lib/main/XMC4000/XMCLib/src/xmc_wdt.c ****  * Redistributions in binary form must reproduce the above copyright notice, this list of condition
  19:../cleanflight/lib/main/XMC4000/XMCLib/src/xmc_wdt.c ****  * disclaimer in the documentation and/or other materials provided with the distribution.          
  20:../cleanflight/lib/main/XMC4000/XMCLib/src/xmc_wdt.c ****  * 
  21:../cleanflight/lib/main/XMC4000/XMCLib/src/xmc_wdt.c ****  * Neither the name of the copyright holders nor the names of its contributors may be used to endor
  22:../cleanflight/lib/main/XMC4000/XMCLib/src/xmc_wdt.c ****  * products derived from this software without specific prior written permission.                  
  23:../cleanflight/lib/main/XMC4000/XMCLib/src/xmc_wdt.c ****  *                                                                              
  24:../cleanflight/lib/main/XMC4000/XMCLib/src/xmc_wdt.c ****  * THIS SOFTWARE IS PROVIDED BY THE COPYRIGHT HOLDERS AND CONTRIBUTORS "AS IS" AND ANY EXPRESS OR I
  25:../cleanflight/lib/main/XMC4000/XMCLib/src/xmc_wdt.c ****  * INCLUDING, BUT NOT LIMITED TO, THE IMPLIED WARRANTIES OF MERCHANTABILITY AND FITNESS FOR A PARTI
  26:../cleanflight/lib/main/XMC4000/XMCLib/src/xmc_wdt.c ****  * DISCLAIMED. IN NO EVENT SHALL THE COPYRIGHT HOLDER OR CONTRIBUTORS BE LIABLE  FOR ANY DIRECT, IN
  27:../cleanflight/lib/main/XMC4000/XMCLib/src/xmc_wdt.c ****  * SPECIAL, EXEMPLARY, OR CONSEQUENTIAL DAMAGES (INCLUDING, BUT NOT LIMITED TO, PROCUREMENT OF SUBS
  28:../cleanflight/lib/main/XMC4000/XMCLib/src/xmc_wdt.c ****  * SERVICES; LOSS OF USE, DATA, OR PROFITS; OR BUSINESS INTERRUPTION) HOWEVER CAUSED AND ON ANY THE
  29:../cleanflight/lib/main/XMC4000/XMCLib/src/xmc_wdt.c ****  * WHETHER IN CONTRACT, STRICT LIABILITY,OR TORT (INCLUDING NEGLIGENCE OR OTHERWISE) ARISING IN ANY
  30:../cleanflight/lib/main/XMC4000/XMCLib/src/xmc_wdt.c ****  * OF THIS SOFTWARE, EVEN IF ADVISED OF THE POSSIBILITY OF SUCH DAMAGE.                            
  31:../cleanflight/lib/main/XMC4000/XMCLib/src/xmc_wdt.c ****  *                                                                              
  32:../cleanflight/lib/main/XMC4000/XMCLib/src/xmc_wdt.c ****  * To improve the quality of the software, users are encouraged to share modifications, enhancement
  33:../cleanflight/lib/main/XMC4000/XMCLib/src/xmc_wdt.c ****  * Infineon Technologies AG dave@infineon.com).                                                    
  34:../cleanflight/lib/main/XMC4000/XMCLib/src/xmc_wdt.c ****  **************************************************************************************************
  35:../cleanflight/lib/main/XMC4000/XMCLib/src/xmc_wdt.c ****  *
  36:../cleanflight/lib/main/XMC4000/XMCLib/src/xmc_wdt.c ****  * Change History
  37:../cleanflight/lib/main/XMC4000/XMCLib/src/xmc_wdt.c ****  * --------------
  38:../cleanflight/lib/main/XMC4000/XMCLib/src/xmc_wdt.c ****  *
  39:../cleanflight/lib/main/XMC4000/XMCLib/src/xmc_wdt.c ****  * 2015-02-20:
  40:../cleanflight/lib/main/XMC4000/XMCLib/src/xmc_wdt.c ****  *     - Initial <br>
  41:../cleanflight/lib/main/XMC4000/XMCLib/src/xmc_wdt.c ****  *
  42:../cleanflight/lib/main/XMC4000/XMCLib/src/xmc_wdt.c ****  * 2015-06-20:
  43:../cleanflight/lib/main/XMC4000/XMCLib/src/xmc_wdt.c ****  *     - Removed definition of GetDriverVersion API <br>
  44:../cleanflight/lib/main/XMC4000/XMCLib/src/xmc_wdt.c ****  *
  45:../cleanflight/lib/main/XMC4000/XMCLib/src/xmc_wdt.c ****  * @endcond
  46:../cleanflight/lib/main/XMC4000/XMCLib/src/xmc_wdt.c ****  */
  47:../cleanflight/lib/main/XMC4000/XMCLib/src/xmc_wdt.c ****  
  48:../cleanflight/lib/main/XMC4000/XMCLib/src/xmc_wdt.c **** /**************************************************************************************************
  49:../cleanflight/lib/main/XMC4000/XMCLib/src/xmc_wdt.c ****  * HEADER FILES
  50:../cleanflight/lib/main/XMC4000/XMCLib/src/xmc_wdt.c ****  **************************************************************************************************
  51:../cleanflight/lib/main/XMC4000/XMCLib/src/xmc_wdt.c **** #include "xmc_wdt.h"
  52:../cleanflight/lib/main/XMC4000/XMCLib/src/xmc_wdt.c **** #include "xmc_scu.h"
  53:../cleanflight/lib/main/XMC4000/XMCLib/src/xmc_wdt.c **** 
  54:../cleanflight/lib/main/XMC4000/XMCLib/src/xmc_wdt.c **** /**************************************************************************************************
  55:../cleanflight/lib/main/XMC4000/XMCLib/src/xmc_wdt.c ****  * API IMPLEMENTATION
  56:../cleanflight/lib/main/XMC4000/XMCLib/src/xmc_wdt.c ****   *************************************************************************************************
  57:../cleanflight/lib/main/XMC4000/XMCLib/src/xmc_wdt.c **** 
  58:../cleanflight/lib/main/XMC4000/XMCLib/src/xmc_wdt.c **** /* Enables watchdog clock and releases watchdog reset. */
  59:../cleanflight/lib/main/XMC4000/XMCLib/src/xmc_wdt.c **** void XMC_WDT_Enable(void)
  60:../cleanflight/lib/main/XMC4000/XMCLib/src/xmc_wdt.c **** {
  28              	 .loc 1 60 0
  29              	 .cfi_startproc
  30              	 
  31              	 
  32 0000 80B5     	 push {r7,lr}
  33              	.LCFI0:
  34              	 .cfi_def_cfa_offset 8
  35              	 .cfi_offset 7,-8
  36              	 .cfi_offset 14,-4
  37 0002 00AF     	 add r7,sp,#0
  38              	.LCFI1:
  39              	 .cfi_def_cfa_register 7
  61:../cleanflight/lib/main/XMC4000/XMCLib/src/xmc_wdt.c **** #if UC_FAMILY == XMC4
  62:../cleanflight/lib/main/XMC4000/XMCLib/src/xmc_wdt.c ****   XMC_SCU_CLOCK_EnableClock(XMC_SCU_CLOCK_WDT);
  40              	 .loc 1 62 0
  41 0004 2020     	 movs r0,#32
  42 0006 FFF7FEFF 	 bl XMC_SCU_CLOCK_EnableClock
  63:../cleanflight/lib/main/XMC4000/XMCLib/src/xmc_wdt.c **** #endif
  64:../cleanflight/lib/main/XMC4000/XMCLib/src/xmc_wdt.c **** 
  65:../cleanflight/lib/main/XMC4000/XMCLib/src/xmc_wdt.c **** #if defined(CLOCK_GATING_SUPPORTED)
  66:../cleanflight/lib/main/XMC4000/XMCLib/src/xmc_wdt.c ****   XMC_SCU_CLOCK_UngatePeripheralClock(XMC_SCU_PERIPHERAL_CLOCK_WDT);
  43              	 .loc 1 66 0
  44 000a 0348     	 ldr r0,.L2
  45 000c FFF7FEFF 	 bl XMC_SCU_CLOCK_UngatePeripheralClock
  67:../cleanflight/lib/main/XMC4000/XMCLib/src/xmc_wdt.c **** #endif
  68:../cleanflight/lib/main/XMC4000/XMCLib/src/xmc_wdt.c **** #if defined(PERIPHERAL_RESET_SUPPORTED)
  69:../cleanflight/lib/main/XMC4000/XMCLib/src/xmc_wdt.c ****   XMC_SCU_RESET_DeassertPeripheralReset(XMC_SCU_PERIPHERAL_RESET_WDT);
  46              	 .loc 1 69 0
  47 0010 0148     	 ldr r0,.L2
  48 0012 FFF7FEFF 	 bl XMC_SCU_RESET_DeassertPeripheralReset
  70:../cleanflight/lib/main/XMC4000/XMCLib/src/xmc_wdt.c **** #endif  
  71:../cleanflight/lib/main/XMC4000/XMCLib/src/xmc_wdt.c **** }
  49              	 .loc 1 71 0
  50 0016 80BD     	 pop {r7,pc}
  51              	.L3:
  52              	 .align 2
  53              	.L2:
  54 0018 02000020 	 .word 536870914
  55              	 .cfi_endproc
  56              	.LFE178:
  58              	 .section .text.XMC_WDT_Disable,"ax",%progbits
  59              	 .align 2
  60              	 .global XMC_WDT_Disable
  61              	 .thumb
  62              	 .thumb_func
  64              	XMC_WDT_Disable:
  65              	.LFB179:
  72:../cleanflight/lib/main/XMC4000/XMCLib/src/xmc_wdt.c **** 
  73:../cleanflight/lib/main/XMC4000/XMCLib/src/xmc_wdt.c **** /* Disables watchdog clock and resets watchdog. */
  74:../cleanflight/lib/main/XMC4000/XMCLib/src/xmc_wdt.c **** void XMC_WDT_Disable(void)
  75:../cleanflight/lib/main/XMC4000/XMCLib/src/xmc_wdt.c **** {
  66              	 .loc 1 75 0
  67              	 .cfi_startproc
  68              	 
  69              	 
  70 0000 80B5     	 push {r7,lr}
  71              	.LCFI2:
  72              	 .cfi_def_cfa_offset 8
  73              	 .cfi_offset 7,-8
  74              	 .cfi_offset 14,-4
  75 0002 00AF     	 add r7,sp,#0
  76              	.LCFI3:
  77              	 .cfi_def_cfa_register 7
  76:../cleanflight/lib/main/XMC4000/XMCLib/src/xmc_wdt.c **** #if defined(PERIPHERAL_RESET_SUPPORTED)
  77:../cleanflight/lib/main/XMC4000/XMCLib/src/xmc_wdt.c ****   XMC_SCU_RESET_AssertPeripheralReset(XMC_SCU_PERIPHERAL_RESET_WDT);
  78              	 .loc 1 77 0
  79 0004 0448     	 ldr r0,.L5
  80 0006 FFF7FEFF 	 bl XMC_SCU_RESET_AssertPeripheralReset
  78:../cleanflight/lib/main/XMC4000/XMCLib/src/xmc_wdt.c **** #endif  
  79:../cleanflight/lib/main/XMC4000/XMCLib/src/xmc_wdt.c **** #if defined(CLOCK_GATING_SUPPORTED)
  80:../cleanflight/lib/main/XMC4000/XMCLib/src/xmc_wdt.c ****   XMC_SCU_CLOCK_GatePeripheralClock(XMC_SCU_PERIPHERAL_CLOCK_WDT); 
  81              	 .loc 1 80 0
  82 000a 0348     	 ldr r0,.L5
  83 000c FFF7FEFF 	 bl XMC_SCU_CLOCK_GatePeripheralClock
  81:../cleanflight/lib/main/XMC4000/XMCLib/src/xmc_wdt.c **** #endif
  82:../cleanflight/lib/main/XMC4000/XMCLib/src/xmc_wdt.c **** 
  83:../cleanflight/lib/main/XMC4000/XMCLib/src/xmc_wdt.c **** #if UC_FAMILY == XMC4
  84:../cleanflight/lib/main/XMC4000/XMCLib/src/xmc_wdt.c ****   XMC_SCU_CLOCK_DisableClock(XMC_SCU_CLOCK_WDT);
  84              	 .loc 1 84 0
  85 0010 2020     	 movs r0,#32
  86 0012 FFF7FEFF 	 bl XMC_SCU_CLOCK_DisableClock
  85:../cleanflight/lib/main/XMC4000/XMCLib/src/xmc_wdt.c **** #endif
  86:../cleanflight/lib/main/XMC4000/XMCLib/src/xmc_wdt.c **** }
  87              	 .loc 1 86 0
  88 0016 80BD     	 pop {r7,pc}
  89              	.L6:
  90              	 .align 2
  91              	.L5:
  92 0018 02000020 	 .word 536870914
  93              	 .cfi_endproc
  94              	.LFE179:
  96              	 .section .text.XMC_WDT_Init,"ax",%progbits
  97              	 .align 2
  98              	 .global XMC_WDT_Init
  99              	 .thumb
 100              	 .thumb_func
 102              	XMC_WDT_Init:
 103              	.LFB180:
  87:../cleanflight/lib/main/XMC4000/XMCLib/src/xmc_wdt.c **** /* Initializes and configures watchdog with configuration data pointed by \a config. */
  88:../cleanflight/lib/main/XMC4000/XMCLib/src/xmc_wdt.c **** void XMC_WDT_Init(const XMC_WDT_CONFIG_t *const config)
  89:../cleanflight/lib/main/XMC4000/XMCLib/src/xmc_wdt.c **** {
 104              	 .loc 1 89 0
 105              	 .cfi_startproc
 106              	 
 107              	 
 108 0000 80B5     	 push {r7,lr}
 109              	.LCFI4:
 110              	 .cfi_def_cfa_offset 8
 111              	 .cfi_offset 7,-8
 112              	 .cfi_offset 14,-4
 113 0002 82B0     	 sub sp,sp,#8
 114              	.LCFI5:
 115              	 .cfi_def_cfa_offset 16
 116 0004 00AF     	 add r7,sp,#0
 117              	.LCFI6:
 118              	 .cfi_def_cfa_register 7
 119 0006 7860     	 str r0,[r7,#4]
  90:../cleanflight/lib/main/XMC4000/XMCLib/src/xmc_wdt.c ****   XMC_WDT_Enable();
 120              	 .loc 1 90 0
 121 0008 FFF7FEFF 	 bl XMC_WDT_Enable
  91:../cleanflight/lib/main/XMC4000/XMCLib/src/xmc_wdt.c ****   WDT->CTR = config->wdt_ctr;
 122              	 .loc 1 91 0
 123 000c 0B4B     	 ldr r3,.L8
 124 000e 7A68     	 ldr r2,[r7,#4]
 125 0010 9268     	 ldr r2,[r2,#8]
 126 0012 5968     	 ldr r1,[r3,#4]
 127 0014 0021     	 movs r1,#0
 128 0016 0A43     	 orrs r2,r2,r1
 129 0018 5A60     	 str r2,[r3,#4]
  92:../cleanflight/lib/main/XMC4000/XMCLib/src/xmc_wdt.c ****   WDT->WLB = config->window_lower_bound;
 130              	 .loc 1 92 0
 131 001a 084B     	 ldr r3,.L8
 132 001c 7A68     	 ldr r2,[r7,#4]
 133 001e 5268     	 ldr r2,[r2,#4]
 134 0020 1969     	 ldr r1,[r3,#16]
 135 0022 0021     	 movs r1,#0
 136 0024 0A43     	 orrs r2,r2,r1
 137 0026 1A61     	 str r2,[r3,#16]
  93:../cleanflight/lib/main/XMC4000/XMCLib/src/xmc_wdt.c ****   WDT->WUB = config->window_upper_bound;
 138              	 .loc 1 93 0
 139 0028 044B     	 ldr r3,.L8
 140 002a 7A68     	 ldr r2,[r7,#4]
 141 002c 1268     	 ldr r2,[r2]
 142 002e 5969     	 ldr r1,[r3,#20]
 143 0030 0021     	 movs r1,#0
 144 0032 0A43     	 orrs r2,r2,r1
 145 0034 5A61     	 str r2,[r3,#20]
  94:../cleanflight/lib/main/XMC4000/XMCLib/src/xmc_wdt.c **** }
 146              	 .loc 1 94 0
 147 0036 0837     	 adds r7,r7,#8
 148              	.LCFI7:
 149              	 .cfi_def_cfa_offset 8
 150 0038 BD46     	 mov sp,r7
 151              	.LCFI8:
 152              	 .cfi_def_cfa_register 13
 153              	 
 154 003a 80BD     	 pop {r7,pc}
 155              	.L9:
 156              	 .align 2
 157              	.L8:
 158 003c 00800050 	 .word 1342210048
 159              	 .cfi_endproc
 160              	.LFE180:
 162              	 .text
 163              	.Letext0:
 164              	 .file 2 "d:\\xmc\\dave-ide-4.4.2-64bit\\eclipse\\arm-gcc-49\\arm-none-eabi\\include\\machine\\_default_types.h"
 165              	 .file 3 "d:\\xmc\\dave-ide-4.4.2-64bit\\eclipse\\arm-gcc-49\\arm-none-eabi\\include\\stdint.h"
 166              	 .file 4 "D:/XMC/Projekte/Temp/CF_XMC4700/cleanflight/lib/main/XMC4000/XMC4700.h"
 167              	 .file 5 "D:/XMC/Projekte/Temp/CF_XMC4700/cleanflight/lib/main/XMC4000/XMCLib/inc/xmc4_scu.h"
 168              	 .file 6 "D:/XMC/Projekte/Temp/CF_XMC4700/cleanflight/lib/main/XMC4000/XMCLib/inc/xmc_wdt.h"
 169              	 .file 7 "D:/XMC/Projekte/Temp/CF_XMC4700/cleanflight/lib/main/CMSIS/Core/Include/core_cm4.h"
 170              	 .file 8 "D:/XMC/Projekte/Temp/CF_XMC4700/cleanflight/lib/main/XMC4000/system_XMC4700.h"
DEFINED SYMBOLS
                            *ABS*:00000000 xmc_wdt.c
    {standard input}:20     .text.XMC_WDT_Enable:00000000 $t
    {standard input}:25     .text.XMC_WDT_Enable:00000000 XMC_WDT_Enable
    {standard input}:54     .text.XMC_WDT_Enable:00000018 $d
    {standard input}:59     .text.XMC_WDT_Disable:00000000 $t
    {standard input}:64     .text.XMC_WDT_Disable:00000000 XMC_WDT_Disable
    {standard input}:92     .text.XMC_WDT_Disable:00000018 $d
    {standard input}:97     .text.XMC_WDT_Init:00000000 $t
    {standard input}:102    .text.XMC_WDT_Init:00000000 XMC_WDT_Init
    {standard input}:158    .text.XMC_WDT_Init:0000003c $d
                     .debug_frame:00000010 $d

UNDEFINED SYMBOLS
XMC_SCU_CLOCK_EnableClock
XMC_SCU_CLOCK_UngatePeripheralClock
XMC_SCU_RESET_DeassertPeripheralReset
XMC_SCU_RESET_AssertPeripheralReset
XMC_SCU_CLOCK_GatePeripheralClock
XMC_SCU_CLOCK_DisableClock
