   1              	 .syntax unified
   2              	 .cpu cortex-m4
   3              	 .eabi_attribute 27,3
   4              	 .fpu fpv4-sp-d16
   5              	 .eabi_attribute 20,1
   6              	 .eabi_attribute 21,1
   7              	 .eabi_attribute 23,3
   8              	 .eabi_attribute 24,1
   9              	 .eabi_attribute 25,1
  10              	 .eabi_attribute 26,1
  11              	 .eabi_attribute 30,6
  12              	 .eabi_attribute 34,1
  13              	 .eabi_attribute 18,4
  14              	 .thumb
  15              	 .file "barometer_dps310.c"
  16              	 .text
  17              	.Ltext0:
  18              	 .cfi_sections .debug_frame
  19              	 .section .bss.dps310,"aw",%nobits
  20              	 .align 2
  23              	dps310:
  24 0000 00000000 	 .space 46
  24      00000000 
  24      00000000 
  24      00000000 
  24      00000000 
  25 002e 0000     	 .section .bss.dps310InitDone,"aw",%nobits
  28              	dps310InitDone:
  29 0000 00       	 .space 1
  30              	 .section .bss.dps310_ut,"aw",%nobits
  31              	 .align 2
  34              	dps310_ut:
  35 0000 00000000 	 .space 4
  36              	 .section .bss.dps310_up,"aw",%nobits
  37              	 .align 2
  40              	dps310_up:
  41 0000 00000000 	 .space 4
  42              	 .global up_sc
  43              	 .section .bss.up_sc,"aw",%nobits
  44              	 .align 2
  47              	up_sc:
  48 0000 00000000 	 .space 4
  49              	 .global ut_sc
  50              	 .section .bss.ut_sc,"aw",%nobits
  51              	 .align 2
  54              	ut_sc:
  55 0000 00000000 	 .space 4
  56              	 .section .text.dps310_start_ut,"ax",%progbits
  57              	 .align 2
  58              	 .thumb
  59              	 .thumb_func
  61              	dps310_start_ut:
  62              	.LFB527:
  63              	 .file 1 "../cleanflight/src/main/drivers/barometer/barometer_dps310.c"
   1:../cleanflight/src/main/drivers/barometer/barometer_dps310.c **** /*
   2:../cleanflight/src/main/drivers/barometer/barometer_dps310.c ****  * This file is part of Cleanflight and Betaflight.
   3:../cleanflight/src/main/drivers/barometer/barometer_dps310.c ****  *
   4:../cleanflight/src/main/drivers/barometer/barometer_dps310.c ****  * Cleanflight and Betaflight are free software. You can redistribute
   5:../cleanflight/src/main/drivers/barometer/barometer_dps310.c ****  * this software and/or modify this software under the terms of the
   6:../cleanflight/src/main/drivers/barometer/barometer_dps310.c ****  * GNU General Public License as published by the Free Software
   7:../cleanflight/src/main/drivers/barometer/barometer_dps310.c ****  * Foundation, either version 3 of the License, or (at your option)
   8:../cleanflight/src/main/drivers/barometer/barometer_dps310.c ****  * any later version.
   9:../cleanflight/src/main/drivers/barometer/barometer_dps310.c ****  *
  10:../cleanflight/src/main/drivers/barometer/barometer_dps310.c ****  * Cleanflight and Betaflight are distributed in the hope that they
  11:../cleanflight/src/main/drivers/barometer/barometer_dps310.c ****  * will be useful, but WITHOUT ANY WARRANTY; without even the implied
  12:../cleanflight/src/main/drivers/barometer/barometer_dps310.c ****  * warranty of MERCHANTABILITY or FITNESS FOR A PARTICULAR PURPOSE.
  13:../cleanflight/src/main/drivers/barometer/barometer_dps310.c ****  * See the GNU General Public License for more details.
  14:../cleanflight/src/main/drivers/barometer/barometer_dps310.c ****  *
  15:../cleanflight/src/main/drivers/barometer/barometer_dps310.c ****  * You should have received a copy of the GNU General Public License
  16:../cleanflight/src/main/drivers/barometer/barometer_dps310.c ****  * along with this software.
  17:../cleanflight/src/main/drivers/barometer/barometer_dps310.c ****  *
  18:../cleanflight/src/main/drivers/barometer/barometer_dps310.c ****  * If not, see <http://www.gnu.org/licenses/>.
  19:../cleanflight/src/main/drivers/barometer/barometer_dps310.c ****  */
  20:../cleanflight/src/main/drivers/barometer/barometer_dps310.c **** 
  21:../cleanflight/src/main/drivers/barometer/barometer_dps310.c **** #include <stdbool.h>
  22:../cleanflight/src/main/drivers/barometer/barometer_dps310.c **** #include <stdint.h>
  23:../cleanflight/src/main/drivers/barometer/barometer_dps310.c **** 
  24:../cleanflight/src/main/drivers/barometer/barometer_dps310.c **** #include "platform.h"
  25:../cleanflight/src/main/drivers/barometer/barometer_dps310.c **** 
  26:../cleanflight/src/main/drivers/barometer/barometer_dps310.c **** #include "build/build_config.h"
  27:../cleanflight/src/main/drivers/barometer/barometer_dps310.c **** 
  28:../cleanflight/src/main/drivers/barometer/barometer_dps310.c **** #include "barometer.h"
  29:../cleanflight/src/main/drivers/barometer/barometer_dps310.c **** 
  30:../cleanflight/src/main/drivers/barometer/barometer_dps310.c **** #include "drivers/bus.h"
  31:../cleanflight/src/main/drivers/barometer/barometer_dps310.c **** #include "drivers/bus_i2c.h"
  32:../cleanflight/src/main/drivers/barometer/barometer_dps310.c **** #include "drivers/bus_i2c_busdev.h"
  33:../cleanflight/src/main/drivers/barometer/barometer_dps310.c **** #include "drivers/io.h"
  34:../cleanflight/src/main/drivers/barometer/barometer_dps310.c **** #include "drivers/time.h"
  35:../cleanflight/src/main/drivers/barometer/barometer_dps310.c **** 
  36:../cleanflight/src/main/drivers/barometer/barometer_dps310.c **** #include "barometer_dps310.h"
  37:../cleanflight/src/main/drivers/barometer/barometer_dps310.c **** 
  38:../cleanflight/src/main/drivers/barometer/barometer_dps310.c **** #ifdef USE_BARO
  39:../cleanflight/src/main/drivers/barometer/barometer_dps310.c **** 
  40:../cleanflight/src/main/drivers/barometer/barometer_dps310.c **** typedef struct {
  41:../cleanflight/src/main/drivers/barometer/barometer_dps310.c **** 	// coefficients to calculate physical values
  42:../cleanflight/src/main/drivers/barometer/barometer_dps310.c **** 	int32_t c00; /**< coefficients to calculate physical values */
  43:../cleanflight/src/main/drivers/barometer/barometer_dps310.c **** 	int32_t c10; /**< coefficients to calculate physical values */
  44:../cleanflight/src/main/drivers/barometer/barometer_dps310.c **** 	int32_t c20; /**< coefficients to calculate physical values */
  45:../cleanflight/src/main/drivers/barometer/barometer_dps310.c **** 	int32_t c30; /**< coefficients to calculate physical values */
  46:../cleanflight/src/main/drivers/barometer/barometer_dps310.c **** 	int32_t c01; /**< coefficients to calculate physical values */
  47:../cleanflight/src/main/drivers/barometer/barometer_dps310.c **** 	int32_t c11; /**< coefficients to calculate physical values */
  48:../cleanflight/src/main/drivers/barometer/barometer_dps310.c **** 	int32_t c21; /**< coefficients to calculate physical values */
  49:../cleanflight/src/main/drivers/barometer/barometer_dps310.c **** 	int32_t c0; /**< coefficients to calculate physical values */
  50:../cleanflight/src/main/drivers/barometer/barometer_dps310.c **** 	int32_t c1; /**< coefficients to calculate physical values */
  51:../cleanflight/src/main/drivers/barometer/barometer_dps310.c **** 	// compensation scale factors (data sheet page 15, table 9)
  52:../cleanflight/src/main/drivers/barometer/barometer_dps310.c **** 	uint32_t kP; /**< compensation scale factor for pressure measurement (data sheet page 15, table 9)
  53:../cleanflight/src/main/drivers/barometer/barometer_dps310.c **** 	uint32_t kT; /**< compensation scale factor for temperature measurement (data sheet page 15, table
  54:../cleanflight/src/main/drivers/barometer/barometer_dps310.c **** } dps310_calibration_param_t;
  55:../cleanflight/src/main/drivers/barometer/barometer_dps310.c **** 
  56:../cleanflight/src/main/drivers/barometer/barometer_dps310.c **** typedef struct {
  57:../cleanflight/src/main/drivers/barometer/barometer_dps310.c **** 	dps310_calibration_param_t cal_param;
  58:../cleanflight/src/main/drivers/barometer/barometer_dps310.c **** 	uint8_t chip_id;
  59:../cleanflight/src/main/drivers/barometer/barometer_dps310.c **** 	uint8_t dev_addr;
  60:../cleanflight/src/main/drivers/barometer/barometer_dps310.c **** } dps310_t;
  61:../cleanflight/src/main/drivers/barometer/barometer_dps310.c **** 
  62:../cleanflight/src/main/drivers/barometer/barometer_dps310.c **** #define DPS310_ID 0x10
  63:../cleanflight/src/main/drivers/barometer/barometer_dps310.c **** #define DPS310_PROM_DATA__LEN1 18
  64:../cleanflight/src/main/drivers/barometer/barometer_dps310.c **** #define DPS310_PROM_DATA__LEN2 6
  65:../cleanflight/src/main/drivers/barometer/barometer_dps310.c **** 
  66:../cleanflight/src/main/drivers/barometer/barometer_dps310.c **** #define DPS310_PSR_B2 0x00
  67:../cleanflight/src/main/drivers/barometer/barometer_dps310.c **** #define DPS310_PSR_B1 0x01
  68:../cleanflight/src/main/drivers/barometer/barometer_dps310.c **** #define DPS310_PSR_B0 0x02
  69:../cleanflight/src/main/drivers/barometer/barometer_dps310.c **** #define DPS310_TMP_B2 0x03
  70:../cleanflight/src/main/drivers/barometer/barometer_dps310.c **** #define DPS310_TMP_B1 0x04
  71:../cleanflight/src/main/drivers/barometer/barometer_dps310.c **** #define DPS310_TMP_B0 0x05
  72:../cleanflight/src/main/drivers/barometer/barometer_dps310.c **** #define DPS310_PRS_CFG 0x06 ///pressure config register
  73:../cleanflight/src/main/drivers/barometer/barometer_dps310.c **** #define DPS310_TMP_CFG 0x07 ///temperature config register
  74:../cleanflight/src/main/drivers/barometer/barometer_dps310.c **** #define DPS310_MEAS_CFG 0x08 ///Sensor Operating mode register
  75:../cleanflight/src/main/drivers/barometer/barometer_dps310.c **** #define DPS310_CFG_REG 0x09///Interrupt and FIFO-config
  76:../cleanflight/src/main/drivers/barometer/barometer_dps310.c **** #define DPS310_INT_STS 0x0A///Interrupt status register
  77:../cleanflight/src/main/drivers/barometer/barometer_dps310.c **** #define DPS310_RESET_REGISTER 0x0C///reset register of sensor
  78:../cleanflight/src/main/drivers/barometer/barometer_dps310.c **** #define DPS310_PRODUCT_ID 0x0D ///ID of Sensor
  79:../cleanflight/src/main/drivers/barometer/barometer_dps310.c **** #define DPS310_COEF_SRC 0x28///Temperature coefficient source
  80:../cleanflight/src/main/drivers/barometer/barometer_dps310.c **** #define DPS310_CAL_COEF_START_ADDR1 0x10
  81:../cleanflight/src/main/drivers/barometer/barometer_dps310.c **** #define DPS310_CAL_COEF_START_ADDR2 0x1A
  82:../cleanflight/src/main/drivers/barometer/barometer_dps310.c **** 
  83:../cleanflight/src/main/drivers/barometer/barometer_dps310.c **** //reset
  84:../cleanflight/src/main/drivers/barometer/barometer_dps310.c **** #define DPS310_SOFT_RESET 0x09///sequence to perform soft-reset
  85:../cleanflight/src/main/drivers/barometer/barometer_dps310.c **** #define DPS310_FIFO_FLUSH 0x80///flush FIFO-Buffer
  86:../cleanflight/src/main/drivers/barometer/barometer_dps310.c **** 
  87:../cleanflight/src/main/drivers/barometer/barometer_dps310.c **** //sensor operating mode and status register-config
  88:../cleanflight/src/main/drivers/barometer/barometer_dps310.c **** #define DPS310_MEAS_CTRL_IDLE 0x00
  89:../cleanflight/src/main/drivers/barometer/barometer_dps310.c **** #define DPS310_MEAS_CTRL_TEMP_SINGLE 0x02
  90:../cleanflight/src/main/drivers/barometer/barometer_dps310.c **** #define DPS310_MEAS_CTRL_PRESSURE_SINGLE 0x01
  91:../cleanflight/src/main/drivers/barometer/barometer_dps310.c **** #define DPS310_MEAS_CTRL_CONTINUES_TEMP_PRESSURE 0x07
  92:../cleanflight/src/main/drivers/barometer/barometer_dps310.c **** #define DPS310_MEAS_CTRL_CONTINUES_TEMP 0x06
  93:../cleanflight/src/main/drivers/barometer/barometer_dps310.c **** #define DPS310_MEAS_CTRL_CONTINUES_PRESSURE 0x05
  94:../cleanflight/src/main/drivers/barometer/barometer_dps310.c **** 
  95:../cleanflight/src/main/drivers/barometer/barometer_dps310.c **** //pressure-config
  96:../cleanflight/src/main/drivers/barometer/barometer_dps310.c **** #define DPS310_PM_RATE_128 0x70 ///128 messungen/sec
  97:../cleanflight/src/main/drivers/barometer/barometer_dps310.c **** #define DPS310_PM_PRC_128 0x07 ///pressure oversampling rate -128 times
  98:../cleanflight/src/main/drivers/barometer/barometer_dps310.c **** 
  99:../cleanflight/src/main/drivers/barometer/barometer_dps310.c **** #define DPS310_PM_RATE_64 0x60 ///64 messungen/sec
 100:../cleanflight/src/main/drivers/barometer/barometer_dps310.c **** #define DPS310_PM_PRC_64 0x06 ///pressure oversampling rate -64 times
 101:../cleanflight/src/main/drivers/barometer/barometer_dps310.c **** 
 102:../cleanflight/src/main/drivers/barometer/barometer_dps310.c **** #define DPS310_PM_RATE_32 0x50 ///32 messungen/sec
 103:../cleanflight/src/main/drivers/barometer/barometer_dps310.c **** #define DPS310_PM_PRC_32 0x05 ///pressure oversampling rate -32 times
 104:../cleanflight/src/main/drivers/barometer/barometer_dps310.c **** 
 105:../cleanflight/src/main/drivers/barometer/barometer_dps310.c **** #define DPS310_PM_RATE_16 0x40 ///16 messungen/sec
 106:../cleanflight/src/main/drivers/barometer/barometer_dps310.c **** #define DPS310_PM_PRC_16 0x04 ///pressure oversampling rate -16 times
 107:../cleanflight/src/main/drivers/barometer/barometer_dps310.c **** 
 108:../cleanflight/src/main/drivers/barometer/barometer_dps310.c **** #define DPS310_PM_RATE_8 0x30 ///8 messungen/sec
 109:../cleanflight/src/main/drivers/barometer/barometer_dps310.c **** #define DPS310_PM_PRC_8 0x03 ///pressure oversampling rate -8 times
 110:../cleanflight/src/main/drivers/barometer/barometer_dps310.c **** 
 111:../cleanflight/src/main/drivers/barometer/barometer_dps310.c **** #define DPS310_PM_RATE_4 0x20 ///4 messungen/sec
 112:../cleanflight/src/main/drivers/barometer/barometer_dps310.c **** #define DPS310_PM_PRC_4 0x02 ///pressure oversampling rate -4 times
 113:../cleanflight/src/main/drivers/barometer/barometer_dps310.c **** 
 114:../cleanflight/src/main/drivers/barometer/barometer_dps310.c **** #define DPS310_PM_RATE_2 0x10 ///2 messungen/sec
 115:../cleanflight/src/main/drivers/barometer/barometer_dps310.c **** #define DPS310_PM_PRC_2 0x01 ///pressure oversampling rate -2 times
 116:../cleanflight/src/main/drivers/barometer/barometer_dps310.c **** 
 117:../cleanflight/src/main/drivers/barometer/barometer_dps310.c **** #define DPS310_PM_RATE_1 0x00 ///1 messungen/sec
 118:../cleanflight/src/main/drivers/barometer/barometer_dps310.c **** #define DPS310_PM_PRC_1 0x00 ///pressure oversampling rate -1 time
 119:../cleanflight/src/main/drivers/barometer/barometer_dps310.c **** 
 120:../cleanflight/src/main/drivers/barometer/barometer_dps310.c **** //temp-config
 121:../cleanflight/src/main/drivers/barometer/barometer_dps310.c **** #define DPS310_TMP_RATE_128 0x70 ///128 messungen/sec
 122:../cleanflight/src/main/drivers/barometer/barometer_dps310.c **** #define DPS310_TMP_PRC_128 0x07 ///temp oversampling rate -128 times
 123:../cleanflight/src/main/drivers/barometer/barometer_dps310.c **** 
 124:../cleanflight/src/main/drivers/barometer/barometer_dps310.c **** #define DPS310_TMP_RATE_64 0x60 ///64 messungen/sec
 125:../cleanflight/src/main/drivers/barometer/barometer_dps310.c **** #define DPS310_TMP_PRC_64 0x06 ///temp oversampling rate -64 times
 126:../cleanflight/src/main/drivers/barometer/barometer_dps310.c **** 
 127:../cleanflight/src/main/drivers/barometer/barometer_dps310.c **** #define DPS310_TMP_RATE_32 0x50 ///32 messungen/sec
 128:../cleanflight/src/main/drivers/barometer/barometer_dps310.c **** #define DPS310_TMP_PRC_32 0x05 ///temp oversampling rate -32 times
 129:../cleanflight/src/main/drivers/barometer/barometer_dps310.c **** 
 130:../cleanflight/src/main/drivers/barometer/barometer_dps310.c **** #define DPS310_TMP_RATE_16 0x40 ///16 messungen/sec
 131:../cleanflight/src/main/drivers/barometer/barometer_dps310.c **** #define DPS310_TMP_PRC_16 0x04 ///temp oversampling rate -16 times
 132:../cleanflight/src/main/drivers/barometer/barometer_dps310.c **** 
 133:../cleanflight/src/main/drivers/barometer/barometer_dps310.c **** #define DPS310_TMP_RATE_8 0x30 ///8 messungen/sec
 134:../cleanflight/src/main/drivers/barometer/barometer_dps310.c **** #define DPS310_TMP_PRC_8 0x03 ///temp oversampling rate -8 times
 135:../cleanflight/src/main/drivers/barometer/barometer_dps310.c **** 
 136:../cleanflight/src/main/drivers/barometer/barometer_dps310.c **** #define DPS310_TMP_RATE_4 0x20 ///4 messungen/sec
 137:../cleanflight/src/main/drivers/barometer/barometer_dps310.c **** #define DPS310_TMP_PRC_4 0x02 ///temp oversampling rate -4 times
 138:../cleanflight/src/main/drivers/barometer/barometer_dps310.c **** 
 139:../cleanflight/src/main/drivers/barometer/barometer_dps310.c **** #define DPS310_TMP_RATE_2 0x10 ///2 messungen/sec
 140:../cleanflight/src/main/drivers/barometer/barometer_dps310.c **** #define DPS310_TMP_PRC_2 0x01 ///temp oversampling rate -2 times
 141:../cleanflight/src/main/drivers/barometer/barometer_dps310.c **** 
 142:../cleanflight/src/main/drivers/barometer/barometer_dps310.c **** #define DPS310_TMP_RATE_1 0x00 ///1 messungen/sec
 143:../cleanflight/src/main/drivers/barometer/barometer_dps310.c **** #define DPS310_TMP_PRC_1 0x00 ///temp oversampling rate -1 time
 144:../cleanflight/src/main/drivers/barometer/barometer_dps310.c **** 
 145:../cleanflight/src/main/drivers/barometer/barometer_dps310.c **** #define DPS310_UT_DELAY    5000
 146:../cleanflight/src/main/drivers/barometer/barometer_dps310.c **** #define DPS310_UP_DELAY    30000
 147:../cleanflight/src/main/drivers/barometer/barometer_dps310.c **** 
 148:../cleanflight/src/main/drivers/barometer/barometer_dps310.c **** STATIC_UNIT_TESTED dps310_t dps310;
 149:../cleanflight/src/main/drivers/barometer/barometer_dps310.c **** 
 150:../cleanflight/src/main/drivers/barometer/barometer_dps310.c **** static bool dps310InitDone = false;
 151:../cleanflight/src/main/drivers/barometer/barometer_dps310.c **** STATIC_UNIT_TESTED uint32_t dps310_ut;  // static result of temperature measurement
 152:../cleanflight/src/main/drivers/barometer/barometer_dps310.c **** STATIC_UNIT_TESTED int32_t dps310_up;  // static result of pressure measurement
 153:../cleanflight/src/main/drivers/barometer/barometer_dps310.c **** 
 154:../cleanflight/src/main/drivers/barometer/barometer_dps310.c **** float up_sc = 0.0f;
 155:../cleanflight/src/main/drivers/barometer/barometer_dps310.c **** float ut_sc = 0.0f;
 156:../cleanflight/src/main/drivers/barometer/barometer_dps310.c **** 
 157:../cleanflight/src/main/drivers/barometer/barometer_dps310.c **** static void dps310_start_ut(baroDev_t *baro) {
  64              	 .loc 1 157 0
  65              	 .cfi_startproc
  66              	 
  67              	 
  68 0000 80B5     	 push {r7,lr}
  69              	.LCFI0:
  70              	 .cfi_def_cfa_offset 8
  71              	 .cfi_offset 7,-8
  72              	 .cfi_offset 14,-4
  73 0002 82B0     	 sub sp,sp,#8
  74              	.LCFI1:
  75              	 .cfi_def_cfa_offset 16
  76 0004 00AF     	 add r7,sp,#0
  77              	.LCFI2:
  78              	 .cfi_def_cfa_register 7
  79 0006 7860     	 str r0,[r7,#4]
 158:../cleanflight/src/main/drivers/barometer/barometer_dps310.c **** 
 159:../cleanflight/src/main/drivers/barometer/barometer_dps310.c **** 	busWriteRegister(&baro->busdev, DPS310_MEAS_CFG, DPS310_MEAS_CTRL_TEMP_SINGLE);
  80              	 .loc 1 159 0
  81 0008 7B68     	 ldr r3,[r7,#4]
  82 000a 1846     	 mov r0,r3
  83 000c 0821     	 movs r1,#8
  84 000e 0222     	 movs r2,#2
  85 0010 FFF7FEFF 	 bl busWriteRegister
 160:../cleanflight/src/main/drivers/barometer/barometer_dps310.c **** }
  86              	 .loc 1 160 0
  87 0014 0837     	 adds r7,r7,#8
  88              	.LCFI3:
  89              	 .cfi_def_cfa_offset 8
  90 0016 BD46     	 mov sp,r7
  91              	.LCFI4:
  92              	 .cfi_def_cfa_register 13
  93              	 
  94 0018 80BD     	 pop {r7,pc}
  95              	 .cfi_endproc
  96              	.LFE527:
  98 001a 00BF     	 .section .text.dps310_get_ut,"ax",%progbits
  99              	 .align 2
 100              	 .thumb
 101              	 .thumb_func
 103              	dps310_get_ut:
 104              	.LFB528:
 161:../cleanflight/src/main/drivers/barometer/barometer_dps310.c **** 
 162:../cleanflight/src/main/drivers/barometer/barometer_dps310.c **** static void dps310_get_ut(baroDev_t *baro) {
 105              	 .loc 1 162 0
 106              	 .cfi_startproc
 107              	 
 108              	 
 109 0000 80B5     	 push {r7,lr}
 110              	.LCFI5:
 111              	 .cfi_def_cfa_offset 8
 112              	 .cfi_offset 7,-8
 113              	 .cfi_offset 14,-4
 114 0002 84B0     	 sub sp,sp,#16
 115              	.LCFI6:
 116              	 .cfi_def_cfa_offset 24
 117 0004 00AF     	 add r7,sp,#0
 118              	.LCFI7:
 119              	 .cfi_def_cfa_register 7
 120 0006 7860     	 str r0,[r7,#4]
 163:../cleanflight/src/main/drivers/barometer/barometer_dps310.c **** 
 164:../cleanflight/src/main/drivers/barometer/barometer_dps310.c **** 	uint8_t data[3];
 165:../cleanflight/src/main/drivers/barometer/barometer_dps310.c **** 
 166:../cleanflight/src/main/drivers/barometer/barometer_dps310.c **** 	uint8_t temp_ready = busReadRegister(&baro->busdev, DPS310_MEAS_CFG);
 121              	 .loc 1 166 0
 122 0008 7B68     	 ldr r3,[r7,#4]
 123 000a 1846     	 mov r0,r3
 124 000c 0821     	 movs r1,#8
 125 000e FFF7FEFF 	 bl busReadRegister
 126 0012 0346     	 mov r3,r0
 127 0014 FB73     	 strb r3,[r7,#15]
 167:../cleanflight/src/main/drivers/barometer/barometer_dps310.c **** 
 168:../cleanflight/src/main/drivers/barometer/barometer_dps310.c **** 	if (temp_ready & 0x20)
 128              	 .loc 1 168 0
 129 0016 FB7B     	 ldrb r3,[r7,#15]
 130 0018 03F02003 	 and r3,r3,#32
 131 001c 002B     	 cmp r3,#0
 132 001e 1DD0     	 beq .L2
 169:../cleanflight/src/main/drivers/barometer/barometer_dps310.c **** 	{
 170:../cleanflight/src/main/drivers/barometer/barometer_dps310.c **** 		busReadRegisterBuffer(&baro->busdev, DPS310_TMP_B2, data, 3);
 133              	 .loc 1 170 0
 134 0020 7A68     	 ldr r2,[r7,#4]
 135 0022 07F10C03 	 add r3,r7,#12
 136 0026 1046     	 mov r0,r2
 137 0028 0321     	 movs r1,#3
 138 002a 1A46     	 mov r2,r3
 139 002c 0323     	 movs r3,#3
 140 002e FFF7FEFF 	 bl busReadRegisterBuffer
 171:../cleanflight/src/main/drivers/barometer/barometer_dps310.c **** 
 172:../cleanflight/src/main/drivers/barometer/barometer_dps310.c **** 		dps310_ut = (uint32_t)data[0] << 16 | (uint32_t)data[1] << 8 | (uint32_t)data[2];
 141              	 .loc 1 172 0
 142 0032 3B7B     	 ldrb r3,[r7,#12]
 143 0034 1A04     	 lsls r2,r3,#16
 144 0036 7B7B     	 ldrb r3,[r7,#13]
 145 0038 1B02     	 lsls r3,r3,#8
 146 003a 1343     	 orrs r3,r3,r2
 147 003c BA7B     	 ldrb r2,[r7,#14]
 148 003e 1343     	 orrs r3,r3,r2
 149 0040 084A     	 ldr r2,.L4
 150 0042 1360     	 str r3,[r2]
 173:../cleanflight/src/main/drivers/barometer/barometer_dps310.c **** 		if(dps310_ut & ((uint32_t)1 << 23))
 151              	 .loc 1 173 0
 152 0044 074B     	 ldr r3,.L4
 153 0046 1B68     	 ldr r3,[r3]
 154 0048 03F40003 	 and r3,r3,#8388608
 155 004c 002B     	 cmp r3,#0
 156 004e 05D0     	 beq .L2
 174:../cleanflight/src/main/drivers/barometer/barometer_dps310.c **** 			dps310_ut -= (uint32_t)1 << 24;
 157              	 .loc 1 174 0
 158 0050 044B     	 ldr r3,.L4
 159 0052 1B68     	 ldr r3,[r3]
 160 0054 03F17F43 	 add r3,r3,#-16777216
 161 0058 024A     	 ldr r2,.L4
 162 005a 1360     	 str r3,[r2]
 163              	.L2:
 175:../cleanflight/src/main/drivers/barometer/barometer_dps310.c **** 	}
 176:../cleanflight/src/main/drivers/barometer/barometer_dps310.c **** }
 164              	 .loc 1 176 0
 165 005c 1037     	 adds r7,r7,#16
 166              	.LCFI8:
 167              	 .cfi_def_cfa_offset 8
 168 005e BD46     	 mov sp,r7
 169              	.LCFI9:
 170              	 .cfi_def_cfa_register 13
 171              	 
 172 0060 80BD     	 pop {r7,pc}
 173              	.L5:
 174 0062 00BF     	 .align 2
 175              	.L4:
 176 0064 00000000 	 .word dps310_ut
 177              	 .cfi_endproc
 178              	.LFE528:
 180              	 .section .text.dps310_start_up,"ax",%progbits
 181              	 .align 2
 182              	 .thumb
 183              	 .thumb_func
 185              	dps310_start_up:
 186              	.LFB529:
 177:../cleanflight/src/main/drivers/barometer/barometer_dps310.c **** 
 178:../cleanflight/src/main/drivers/barometer/barometer_dps310.c **** static void dps310_start_up(baroDev_t *baro) {
 187              	 .loc 1 178 0
 188              	 .cfi_startproc
 189              	 
 190              	 
 191 0000 80B5     	 push {r7,lr}
 192              	.LCFI10:
 193              	 .cfi_def_cfa_offset 8
 194              	 .cfi_offset 7,-8
 195              	 .cfi_offset 14,-4
 196 0002 82B0     	 sub sp,sp,#8
 197              	.LCFI11:
 198              	 .cfi_def_cfa_offset 16
 199 0004 00AF     	 add r7,sp,#0
 200              	.LCFI12:
 201              	 .cfi_def_cfa_register 7
 202 0006 7860     	 str r0,[r7,#4]
 179:../cleanflight/src/main/drivers/barometer/barometer_dps310.c **** 
 180:../cleanflight/src/main/drivers/barometer/barometer_dps310.c **** 	busWriteRegister(&baro->busdev, DPS310_MEAS_CFG, DPS310_MEAS_CTRL_PRESSURE_SINGLE);
 203              	 .loc 1 180 0
 204 0008 7B68     	 ldr r3,[r7,#4]
 205 000a 1846     	 mov r0,r3
 206 000c 0821     	 movs r1,#8
 207 000e 0122     	 movs r2,#1
 208 0010 FFF7FEFF 	 bl busWriteRegister
 181:../cleanflight/src/main/drivers/barometer/barometer_dps310.c **** }
 209              	 .loc 1 181 0
 210 0014 0837     	 adds r7,r7,#8
 211              	.LCFI13:
 212              	 .cfi_def_cfa_offset 8
 213 0016 BD46     	 mov sp,r7
 214              	.LCFI14:
 215              	 .cfi_def_cfa_register 13
 216              	 
 217 0018 80BD     	 pop {r7,pc}
 218              	 .cfi_endproc
 219              	.LFE529:
 221 001a 00BF     	 .section .text.dps310_get_up,"ax",%progbits
 222              	 .align 2
 223              	 .thumb
 224              	 .thumb_func
 226              	dps310_get_up:
 227              	.LFB530:
 182:../cleanflight/src/main/drivers/barometer/barometer_dps310.c **** 
 183:../cleanflight/src/main/drivers/barometer/barometer_dps310.c **** static void dps310_get_up(baroDev_t *baro) {
 228              	 .loc 1 183 0
 229              	 .cfi_startproc
 230              	 
 231              	 
 232 0000 80B5     	 push {r7,lr}
 233              	.LCFI15:
 234              	 .cfi_def_cfa_offset 8
 235              	 .cfi_offset 7,-8
 236              	 .cfi_offset 14,-4
 237 0002 84B0     	 sub sp,sp,#16
 238              	.LCFI16:
 239              	 .cfi_def_cfa_offset 24
 240 0004 00AF     	 add r7,sp,#0
 241              	.LCFI17:
 242              	 .cfi_def_cfa_register 7
 243 0006 7860     	 str r0,[r7,#4]
 184:../cleanflight/src/main/drivers/barometer/barometer_dps310.c **** 
 185:../cleanflight/src/main/drivers/barometer/barometer_dps310.c **** 	uint8_t data[3];
 186:../cleanflight/src/main/drivers/barometer/barometer_dps310.c **** 
 187:../cleanflight/src/main/drivers/barometer/barometer_dps310.c **** 	uint8_t pressure_ready = busReadRegister(&baro->busdev, DPS310_MEAS_CFG);
 244              	 .loc 1 187 0
 245 0008 7B68     	 ldr r3,[r7,#4]
 246 000a 1846     	 mov r0,r3
 247 000c 0821     	 movs r1,#8
 248 000e FFF7FEFF 	 bl busReadRegister
 249 0012 0346     	 mov r3,r0
 250 0014 FB73     	 strb r3,[r7,#15]
 188:../cleanflight/src/main/drivers/barometer/barometer_dps310.c **** 
 189:../cleanflight/src/main/drivers/barometer/barometer_dps310.c **** 	if (pressure_ready & 0x10)
 251              	 .loc 1 189 0
 252 0016 FB7B     	 ldrb r3,[r7,#15]
 253 0018 03F01003 	 and r3,r3,#16
 254 001c 002B     	 cmp r3,#0
 255 001e 1FD0     	 beq .L7
 190:../cleanflight/src/main/drivers/barometer/barometer_dps310.c **** 	{
 191:../cleanflight/src/main/drivers/barometer/barometer_dps310.c **** 		busReadRegisterBuffer(&baro->busdev, DPS310_PSR_B2, data, 3);
 256              	 .loc 1 191 0
 257 0020 7A68     	 ldr r2,[r7,#4]
 258 0022 07F10C03 	 add r3,r7,#12
 259 0026 1046     	 mov r0,r2
 260 0028 0021     	 movs r1,#0
 261 002a 1A46     	 mov r2,r3
 262 002c 0323     	 movs r3,#3
 263 002e FFF7FEFF 	 bl busReadRegisterBuffer
 192:../cleanflight/src/main/drivers/barometer/barometer_dps310.c **** 		dps310_up = (uint32_t)data[0] << 16 | (uint32_t)data[1] << 8 | (uint32_t)data[2];
 264              	 .loc 1 192 0
 265 0032 3B7B     	 ldrb r3,[r7,#12]
 266 0034 1A04     	 lsls r2,r3,#16
 267 0036 7B7B     	 ldrb r3,[r7,#13]
 268 0038 1B02     	 lsls r3,r3,#8
 269 003a 1343     	 orrs r3,r3,r2
 270 003c BA7B     	 ldrb r2,[r7,#14]
 271 003e 1343     	 orrs r3,r3,r2
 272 0040 1A46     	 mov r2,r3
 273 0042 094B     	 ldr r3,.L9
 274 0044 1A60     	 str r2,[r3]
 193:../cleanflight/src/main/drivers/barometer/barometer_dps310.c **** 		if(dps310_up & ((uint32_t)1 << 23))
 275              	 .loc 1 193 0
 276 0046 084B     	 ldr r3,.L9
 277 0048 1B68     	 ldr r3,[r3]
 278 004a 03F40003 	 and r3,r3,#8388608
 279 004e 002B     	 cmp r3,#0
 280 0050 06D0     	 beq .L7
 194:../cleanflight/src/main/drivers/barometer/barometer_dps310.c **** 			dps310_up -= (uint32_t)1 << 24;
 281              	 .loc 1 194 0
 282 0052 054B     	 ldr r3,.L9
 283 0054 1B68     	 ldr r3,[r3]
 284 0056 03F17F43 	 add r3,r3,#-16777216
 285 005a 1A46     	 mov r2,r3
 286 005c 024B     	 ldr r3,.L9
 287 005e 1A60     	 str r2,[r3]
 288              	.L7:
 195:../cleanflight/src/main/drivers/barometer/barometer_dps310.c **** 	}
 196:../cleanflight/src/main/drivers/barometer/barometer_dps310.c **** }
 289              	 .loc 1 196 0
 290 0060 1037     	 adds r7,r7,#16
 291              	.LCFI18:
 292              	 .cfi_def_cfa_offset 8
 293 0062 BD46     	 mov sp,r7
 294              	.LCFI19:
 295              	 .cfi_def_cfa_register 13
 296              	 
 297 0064 80BD     	 pop {r7,pc}
 298              	.L10:
 299 0066 00BF     	 .align 2
 300              	.L9:
 301 0068 00000000 	 .word dps310_up
 302              	 .cfi_endproc
 303              	.LFE530:
 305              	 .section .text.dps310_get_cal_param,"ax",%progbits
 306              	 .align 2
 307              	 .thumb
 308              	 .thumb_func
 310              	dps310_get_cal_param:
 311              	.LFB531:
 197:../cleanflight/src/main/drivers/barometer/barometer_dps310.c **** 
 198:../cleanflight/src/main/drivers/barometer/barometer_dps310.c **** static void dps310_get_cal_param(baroDev_t *baro) {
 312              	 .loc 1 198 0
 313              	 .cfi_startproc
 314              	 
 315              	 
 316 0000 80B5     	 push {r7,lr}
 317              	.LCFI20:
 318              	 .cfi_def_cfa_offset 8
 319              	 .cfi_offset 7,-8
 320              	 .cfi_offset 14,-4
 321 0002 88B0     	 sub sp,sp,#32
 322              	.LCFI21:
 323              	 .cfi_def_cfa_offset 40
 324 0004 00AF     	 add r7,sp,#0
 325              	.LCFI22:
 326              	 .cfi_def_cfa_register 7
 327 0006 7860     	 str r0,[r7,#4]
 199:../cleanflight/src/main/drivers/barometer/barometer_dps310.c **** 
 200:../cleanflight/src/main/drivers/barometer/barometer_dps310.c **** 	uint8_t data[DPS310_PROM_DATA__LEN1];
 201:../cleanflight/src/main/drivers/barometer/barometer_dps310.c **** 
 202:../cleanflight/src/main/drivers/barometer/barometer_dps310.c **** 	busReadRegisterBuffer(&baro->busdev, DPS310_CAL_COEF_START_ADDR1, data, DPS310_PROM_DATA__LEN1);
 328              	 .loc 1 202 0
 329 0008 7A68     	 ldr r2,[r7,#4]
 330 000a 07F10C03 	 add r3,r7,#12
 331 000e 1046     	 mov r0,r2
 332 0010 1021     	 movs r1,#16
 333 0012 1A46     	 mov r2,r3
 334 0014 1223     	 movs r3,#18
 335 0016 FFF7FEFF 	 bl busReadRegisterBuffer
 203:../cleanflight/src/main/drivers/barometer/barometer_dps310.c **** 
 204:../cleanflight/src/main/drivers/barometer/barometer_dps310.c **** 	dps310.cal_param.c0 = ((uint32_t)data[0] << 4) | (((uint32_t)data[1] >> 4) & 0x0F);
 336              	 .loc 1 204 0
 337 001a 3B7B     	 ldrb r3,[r7,#12]
 338 001c 1A01     	 lsls r2,r3,#4
 339 001e 7B7B     	 ldrb r3,[r7,#13]
 340 0020 1B09     	 lsrs r3,r3,#4
 341 0022 DBB2     	 uxtb r3,r3
 342 0024 03F00F03 	 and r3,r3,#15
 343 0028 1343     	 orrs r3,r3,r2
 344 002a 1A46     	 mov r2,r3
 345 002c 5F4B     	 ldr r3,.L21
 346 002e DA61     	 str r2,[r3,#28]
 205:../cleanflight/src/main/drivers/barometer/barometer_dps310.c **** 	if(dps310.cal_param.c0 & ((uint32_t)1 << 11))
 347              	 .loc 1 205 0
 348 0030 5E4B     	 ldr r3,.L21
 349 0032 DB69     	 ldr r3,[r3,#28]
 350 0034 03F40063 	 and r3,r3,#2048
 351 0038 002B     	 cmp r3,#0
 352 003a 06D0     	 beq .L12
 206:../cleanflight/src/main/drivers/barometer/barometer_dps310.c **** 		dps310.cal_param.c0 -= (uint32_t)1 << 12;
 353              	 .loc 1 206 0
 354 003c 5B4B     	 ldr r3,.L21
 355 003e DB69     	 ldr r3,[r3,#28]
 356 0040 A3F58053 	 sub r3,r3,#4096
 357 0044 1A46     	 mov r2,r3
 358 0046 594B     	 ldr r3,.L21
 359 0048 DA61     	 str r2,[r3,#28]
 360              	.L12:
 207:../cleanflight/src/main/drivers/barometer/barometer_dps310.c **** 
 208:../cleanflight/src/main/drivers/barometer/barometer_dps310.c **** 	dps310.cal_param.c1 = (((uint32_t)data[1] & 0x0F) << 8) | (uint32_t)data[2];
 361              	 .loc 1 208 0
 362 004a 7B7B     	 ldrb r3,[r7,#13]
 363 004c 03F00F03 	 and r3,r3,#15
 364 0050 1B02     	 lsls r3,r3,#8
 365 0052 BA7B     	 ldrb r2,[r7,#14]
 366 0054 1343     	 orrs r3,r3,r2
 367 0056 1A46     	 mov r2,r3
 368 0058 544B     	 ldr r3,.L21
 369 005a 1A62     	 str r2,[r3,#32]
 209:../cleanflight/src/main/drivers/barometer/barometer_dps310.c **** 	if(dps310.cal_param.c1 & ((uint32_t)1 << 11))
 370              	 .loc 1 209 0
 371 005c 534B     	 ldr r3,.L21
 372 005e 1B6A     	 ldr r3,[r3,#32]
 373 0060 03F40063 	 and r3,r3,#2048
 374 0064 002B     	 cmp r3,#0
 375 0066 06D0     	 beq .L13
 210:../cleanflight/src/main/drivers/barometer/barometer_dps310.c **** 		dps310.cal_param.c1 -= (uint32_t)1 << 12;
 376              	 .loc 1 210 0
 377 0068 504B     	 ldr r3,.L21
 378 006a 1B6A     	 ldr r3,[r3,#32]
 379 006c A3F58053 	 sub r3,r3,#4096
 380 0070 1A46     	 mov r2,r3
 381 0072 4E4B     	 ldr r3,.L21
 382 0074 1A62     	 str r2,[r3,#32]
 383              	.L13:
 211:../cleanflight/src/main/drivers/barometer/barometer_dps310.c **** 
 212:../cleanflight/src/main/drivers/barometer/barometer_dps310.c **** 	dps310.cal_param.c00 =   ((uint32_t)data[3] << 12) | ((uint32_t)data[4] << 4) | (((uint32_t)data[5
 384              	 .loc 1 212 0
 385 0076 FB7B     	 ldrb r3,[r7,#15]
 386 0078 1A03     	 lsls r2,r3,#12
 387 007a 3B7C     	 ldrb r3,[r7,#16]
 388 007c 1B01     	 lsls r3,r3,#4
 389 007e 1A43     	 orrs r2,r2,r3
 390 0080 7B7C     	 ldrb r3,[r7,#17]
 391 0082 1B09     	 lsrs r3,r3,#4
 392 0084 DBB2     	 uxtb r3,r3
 393 0086 03F00F03 	 and r3,r3,#15
 394 008a 1343     	 orrs r3,r3,r2
 395 008c 1A46     	 mov r2,r3
 396 008e 474B     	 ldr r3,.L21
 397 0090 1A60     	 str r2,[r3]
 213:../cleanflight/src/main/drivers/barometer/barometer_dps310.c **** 	if(dps310.cal_param.c00 & ((uint32_t)1 << 19))
 398              	 .loc 1 213 0
 399 0092 464B     	 ldr r3,.L21
 400 0094 1B68     	 ldr r3,[r3]
 401 0096 03F40023 	 and r3,r3,#524288
 402 009a 002B     	 cmp r3,#0
 403 009c 06D0     	 beq .L14
 214:../cleanflight/src/main/drivers/barometer/barometer_dps310.c **** 		dps310.cal_param.c00 -= (uint32_t)1 << 20;
 404              	 .loc 1 214 0
 405 009e 434B     	 ldr r3,.L21
 406 00a0 1B68     	 ldr r3,[r3]
 407 00a2 A3F58013 	 sub r3,r3,#1048576
 408 00a6 1A46     	 mov r2,r3
 409 00a8 404B     	 ldr r3,.L21
 410 00aa 1A60     	 str r2,[r3]
 411              	.L14:
 215:../cleanflight/src/main/drivers/barometer/barometer_dps310.c **** 
 216:../cleanflight/src/main/drivers/barometer/barometer_dps310.c **** 	dps310.cal_param.c10 =   (((uint32_t)data[5] & 0x0F) << 16)	| ((uint32_t)data[6] << 8)| (uint32_t)
 412              	 .loc 1 216 0
 413 00ac 7B7C     	 ldrb r3,[r7,#17]
 414 00ae 03F00F03 	 and r3,r3,#15
 415 00b2 1A04     	 lsls r2,r3,#16
 416 00b4 BB7C     	 ldrb r3,[r7,#18]
 417 00b6 1B02     	 lsls r3,r3,#8
 418 00b8 1343     	 orrs r3,r3,r2
 419 00ba FA7C     	 ldrb r2,[r7,#19]
 420 00bc 1343     	 orrs r3,r3,r2
 421 00be 1A46     	 mov r2,r3
 422 00c0 3A4B     	 ldr r3,.L21
 423 00c2 5A60     	 str r2,[r3,#4]
 217:../cleanflight/src/main/drivers/barometer/barometer_dps310.c **** 	if(dps310.cal_param.c10 & ((uint32_t)1<<19))
 424              	 .loc 1 217 0
 425 00c4 394B     	 ldr r3,.L21
 426 00c6 5B68     	 ldr r3,[r3,#4]
 427 00c8 03F40023 	 and r3,r3,#524288
 428 00cc 002B     	 cmp r3,#0
 429 00ce 06D0     	 beq .L15
 218:../cleanflight/src/main/drivers/barometer/barometer_dps310.c **** 		dps310.cal_param.c10 -= (uint32_t)1 << 20;
 430              	 .loc 1 218 0
 431 00d0 364B     	 ldr r3,.L21
 432 00d2 5B68     	 ldr r3,[r3,#4]
 433 00d4 A3F58013 	 sub r3,r3,#1048576
 434 00d8 1A46     	 mov r2,r3
 435 00da 344B     	 ldr r3,.L21
 436 00dc 5A60     	 str r2,[r3,#4]
 437              	.L15:
 219:../cleanflight/src/main/drivers/barometer/barometer_dps310.c **** 
 220:../cleanflight/src/main/drivers/barometer/barometer_dps310.c **** 	dps310.cal_param.c01 =   ((uint32_t)data[8] << 8) | (uint32_t)data[9];
 438              	 .loc 1 220 0
 439 00de 3B7D     	 ldrb r3,[r7,#20]
 440 00e0 1B02     	 lsls r3,r3,#8
 441 00e2 7A7D     	 ldrb r2,[r7,#21]
 442 00e4 1343     	 orrs r3,r3,r2
 443 00e6 1A46     	 mov r2,r3
 444 00e8 304B     	 ldr r3,.L21
 445 00ea 1A61     	 str r2,[r3,#16]
 221:../cleanflight/src/main/drivers/barometer/barometer_dps310.c **** 	if(dps310.cal_param.c01 & ((uint32_t)1 << 15))
 446              	 .loc 1 221 0
 447 00ec 2F4B     	 ldr r3,.L21
 448 00ee 1B69     	 ldr r3,[r3,#16]
 449 00f0 03F40043 	 and r3,r3,#32768
 450 00f4 002B     	 cmp r3,#0
 451 00f6 06D0     	 beq .L16
 222:../cleanflight/src/main/drivers/barometer/barometer_dps310.c **** 		dps310.cal_param.c01 -= (uint32_t)1 << 16;
 452              	 .loc 1 222 0
 453 00f8 2C4B     	 ldr r3,.L21
 454 00fa 1B69     	 ldr r3,[r3,#16]
 455 00fc A3F58033 	 sub r3,r3,#65536
 456 0100 1A46     	 mov r2,r3
 457 0102 2A4B     	 ldr r3,.L21
 458 0104 1A61     	 str r2,[r3,#16]
 459              	.L16:
 223:../cleanflight/src/main/drivers/barometer/barometer_dps310.c **** 
 224:../cleanflight/src/main/drivers/barometer/barometer_dps310.c **** 	dps310.cal_param.c11 =   ((uint32_t)data[10] << 8) | (uint32_t)data[11];
 460              	 .loc 1 224 0
 461 0106 BB7D     	 ldrb r3,[r7,#22]
 462 0108 1B02     	 lsls r3,r3,#8
 463 010a FA7D     	 ldrb r2,[r7,#23]
 464 010c 1343     	 orrs r3,r3,r2
 465 010e 1A46     	 mov r2,r3
 466 0110 264B     	 ldr r3,.L21
 467 0112 5A61     	 str r2,[r3,#20]
 225:../cleanflight/src/main/drivers/barometer/barometer_dps310.c **** 	if(dps310.cal_param.c11 & ((uint32_t)1 << 15))
 468              	 .loc 1 225 0
 469 0114 254B     	 ldr r3,.L21
 470 0116 5B69     	 ldr r3,[r3,#20]
 471 0118 03F40043 	 and r3,r3,#32768
 472 011c 002B     	 cmp r3,#0
 473 011e 06D0     	 beq .L17
 226:../cleanflight/src/main/drivers/barometer/barometer_dps310.c **** 		dps310.cal_param.c11 -= (uint32_t)1 << 16;
 474              	 .loc 1 226 0
 475 0120 224B     	 ldr r3,.L21
 476 0122 5B69     	 ldr r3,[r3,#20]
 477 0124 A3F58033 	 sub r3,r3,#65536
 478 0128 1A46     	 mov r2,r3
 479 012a 204B     	 ldr r3,.L21
 480 012c 5A61     	 str r2,[r3,#20]
 481              	.L17:
 227:../cleanflight/src/main/drivers/barometer/barometer_dps310.c **** 
 228:../cleanflight/src/main/drivers/barometer/barometer_dps310.c **** 	dps310.cal_param.c20 =   ((uint32_t)data[12] << 8) | (uint32_t)data[13];
 482              	 .loc 1 228 0
 483 012e 3B7E     	 ldrb r3,[r7,#24]
 484 0130 1B02     	 lsls r3,r3,#8
 485 0132 7A7E     	 ldrb r2,[r7,#25]
 486 0134 1343     	 orrs r3,r3,r2
 487 0136 1A46     	 mov r2,r3
 488 0138 1C4B     	 ldr r3,.L21
 489 013a 9A60     	 str r2,[r3,#8]
 229:../cleanflight/src/main/drivers/barometer/barometer_dps310.c **** 	if(dps310.cal_param.c20 & ((uint32_t)1 << 15))
 490              	 .loc 1 229 0
 491 013c 1B4B     	 ldr r3,.L21
 492 013e 9B68     	 ldr r3,[r3,#8]
 493 0140 03F40043 	 and r3,r3,#32768
 494 0144 002B     	 cmp r3,#0
 495 0146 06D0     	 beq .L18
 230:../cleanflight/src/main/drivers/barometer/barometer_dps310.c **** 		dps310.cal_param.c20 -= (uint32_t)1 << 16;
 496              	 .loc 1 230 0
 497 0148 184B     	 ldr r3,.L21
 498 014a 9B68     	 ldr r3,[r3,#8]
 499 014c A3F58033 	 sub r3,r3,#65536
 500 0150 1A46     	 mov r2,r3
 501 0152 164B     	 ldr r3,.L21
 502 0154 9A60     	 str r2,[r3,#8]
 503              	.L18:
 231:../cleanflight/src/main/drivers/barometer/barometer_dps310.c **** 
 232:../cleanflight/src/main/drivers/barometer/barometer_dps310.c **** 	dps310.cal_param.c21 =   ((uint32_t)data[14] << 8) | (uint32_t)data[15];
 504              	 .loc 1 232 0
 505 0156 BB7E     	 ldrb r3,[r7,#26]
 506 0158 1B02     	 lsls r3,r3,#8
 507 015a FA7E     	 ldrb r2,[r7,#27]
 508 015c 1343     	 orrs r3,r3,r2
 509 015e 1A46     	 mov r2,r3
 510 0160 124B     	 ldr r3,.L21
 511 0162 9A61     	 str r2,[r3,#24]
 233:../cleanflight/src/main/drivers/barometer/barometer_dps310.c **** 	if(dps310.cal_param.c21 & ((uint32_t)1 << 15))
 512              	 .loc 1 233 0
 513 0164 114B     	 ldr r3,.L21
 514 0166 9B69     	 ldr r3,[r3,#24]
 515 0168 03F40043 	 and r3,r3,#32768
 516 016c 002B     	 cmp r3,#0
 517 016e 06D0     	 beq .L19
 234:../cleanflight/src/main/drivers/barometer/barometer_dps310.c **** 		dps310.cal_param.c21 -= (uint32_t)1 << 16;
 518              	 .loc 1 234 0
 519 0170 0E4B     	 ldr r3,.L21
 520 0172 9B69     	 ldr r3,[r3,#24]
 521 0174 A3F58033 	 sub r3,r3,#65536
 522 0178 1A46     	 mov r2,r3
 523 017a 0C4B     	 ldr r3,.L21
 524 017c 9A61     	 str r2,[r3,#24]
 525              	.L19:
 235:../cleanflight/src/main/drivers/barometer/barometer_dps310.c **** 
 236:../cleanflight/src/main/drivers/barometer/barometer_dps310.c **** 	dps310.cal_param.c30 =   ((uint32_t)data[16] << 8) | (uint32_t)data[17];
 526              	 .loc 1 236 0
 527 017e 3B7F     	 ldrb r3,[r7,#28]
 528 0180 1B02     	 lsls r3,r3,#8
 529 0182 7A7F     	 ldrb r2,[r7,#29]
 530 0184 1343     	 orrs r3,r3,r2
 531 0186 1A46     	 mov r2,r3
 532 0188 084B     	 ldr r3,.L21
 533 018a DA60     	 str r2,[r3,#12]
 237:../cleanflight/src/main/drivers/barometer/barometer_dps310.c **** 	if(dps310.cal_param.c30 & ((uint32_t)1 << 15))
 534              	 .loc 1 237 0
 535 018c 074B     	 ldr r3,.L21
 536 018e DB68     	 ldr r3,[r3,#12]
 537 0190 03F40043 	 and r3,r3,#32768
 538 0194 002B     	 cmp r3,#0
 539 0196 06D0     	 beq .L11
 238:../cleanflight/src/main/drivers/barometer/barometer_dps310.c **** 		dps310.cal_param.c30 -= (uint32_t)1 << 16;
 540              	 .loc 1 238 0
 541 0198 044B     	 ldr r3,.L21
 542 019a DB68     	 ldr r3,[r3,#12]
 543 019c A3F58033 	 sub r3,r3,#65536
 544 01a0 1A46     	 mov r2,r3
 545 01a2 024B     	 ldr r3,.L21
 546 01a4 DA60     	 str r2,[r3,#12]
 547              	.L11:
 239:../cleanflight/src/main/drivers/barometer/barometer_dps310.c **** }
 548              	 .loc 1 239 0
 549 01a6 2037     	 adds r7,r7,#32
 550              	.LCFI23:
 551              	 .cfi_def_cfa_offset 8
 552 01a8 BD46     	 mov sp,r7
 553              	.LCFI24:
 554              	 .cfi_def_cfa_register 13
 555              	 
 556 01aa 80BD     	 pop {r7,pc}
 557              	.L22:
 558              	 .align 2
 559              	.L21:
 560 01ac 00000000 	 .word dps310
 561              	 .cfi_endproc
 562              	.LFE531:
 564              	 .global __aeabi_i2d
 565              	 .global __aeabi_dmul
 566              	 .global __aeabi_f2d
 567              	 .global __aeabi_dadd
 568              	 .global __aeabi_d2iz
 569              	 .section .text.dps310_get_temperature,"ax",%progbits
 570              	 .align 2
 571              	 .thumb
 572              	 .thumb_func
 574              	dps310_get_temperature:
 575              	.LFB532:
 240:../cleanflight/src/main/drivers/barometer/barometer_dps310.c **** 
 241:../cleanflight/src/main/drivers/barometer/barometer_dps310.c **** static int32_t dps310_get_temperature(uint32_t ut) {
 576              	 .loc 1 241 0
 577              	 .cfi_startproc
 578              	 
 579              	 
 580 0000 B0B5     	 push {r4,r5,r7,lr}
 581              	.LCFI25:
 582              	 .cfi_def_cfa_offset 16
 583              	 .cfi_offset 4,-16
 584              	 .cfi_offset 5,-12
 585              	 .cfi_offset 7,-8
 586              	 .cfi_offset 14,-4
 587 0002 84B0     	 sub sp,sp,#16
 588              	.LCFI26:
 589              	 .cfi_def_cfa_offset 32
 590 0004 00AF     	 add r7,sp,#0
 591              	.LCFI27:
 592              	 .cfi_def_cfa_register 7
 593 0006 7860     	 str r0,[r7,#4]
 242:../cleanflight/src/main/drivers/barometer/barometer_dps310.c **** 
 243:../cleanflight/src/main/drivers/barometer/barometer_dps310.c **** 	int32_t temperature;
 244:../cleanflight/src/main/drivers/barometer/barometer_dps310.c **** 
 245:../cleanflight/src/main/drivers/barometer/barometer_dps310.c **** 	// calculate physical temperature Tcomp [°C]
 246:../cleanflight/src/main/drivers/barometer/barometer_dps310.c **** 	ut_sc = (float) ut / dps310.cal_param.kT;
 594              	 .loc 1 246 0
 595 0008 7B68     	 ldr r3,[r7,#4]
 596 000a 07EE903A 	 fmsr s15,r3
 597 000e B8EE677A 	 fuitos s14,s15
 598 0012 1F4B     	 ldr r3,.L25
 599 0014 9B6A     	 ldr r3,[r3,#40]
 600 0016 07EE903A 	 fmsr s15,r3
 601 001a F8EE677A 	 fuitos s15,s15
 602 001e C7EE277A 	 fdivs s15,s14,s15
 603 0022 1C4B     	 ldr r3,.L25+4
 604 0024 C3ED007A 	 fsts s15,[r3]
 247:../cleanflight/src/main/drivers/barometer/barometer_dps310.c **** 	temperature = (int32_t)(dps310.cal_param.c0 * 0.5 + dps310.cal_param.c1 * ut_sc) ;
 605              	 .loc 1 247 0
 606 0028 194B     	 ldr r3,.L25
 607 002a DB69     	 ldr r3,[r3,#28]
 608 002c 1846     	 mov r0,r3
 609 002e FFF7FEFF 	 bl __aeabi_i2d
 610 0032 0246     	 mov r2,r0
 611 0034 0B46     	 mov r3,r1
 612 0036 1046     	 mov r0,r2
 613 0038 1946     	 mov r1,r3
 614 003a 4FF00002 	 mov r2,#0
 615 003e 164B     	 ldr r3,.L25+8
 616 0040 FFF7FEFF 	 bl __aeabi_dmul
 617 0044 0246     	 mov r2,r0
 618 0046 0B46     	 mov r3,r1
 619 0048 1446     	 mov r4,r2
 620 004a 1D46     	 mov r5,r3
 621 004c 104B     	 ldr r3,.L25
 622 004e 1B6A     	 ldr r3,[r3,#32]
 623 0050 07EE903A 	 fmsr s15,r3
 624 0054 B8EEE77A 	 fsitos s14,s15
 625 0058 0E4B     	 ldr r3,.L25+4
 626 005a D3ED007A 	 flds s15,[r3]
 627 005e 67EE277A 	 fmuls s15,s14,s15
 628 0062 17EE900A 	 fmrs r0,s15
 629 0066 FFF7FEFF 	 bl __aeabi_f2d
 630 006a 0246     	 mov r2,r0
 631 006c 0B46     	 mov r3,r1
 632 006e 2046     	 mov r0,r4
 633 0070 2946     	 mov r1,r5
 634 0072 FFF7FEFF 	 bl __aeabi_dadd
 635 0076 0246     	 mov r2,r0
 636 0078 0B46     	 mov r3,r1
 637 007a 1046     	 mov r0,r2
 638 007c 1946     	 mov r1,r3
 639 007e FFF7FEFF 	 bl __aeabi_d2iz
 640 0082 0346     	 mov r3,r0
 641 0084 FB60     	 str r3,[r7,#12]
 248:../cleanflight/src/main/drivers/barometer/barometer_dps310.c **** 
 249:../cleanflight/src/main/drivers/barometer/barometer_dps310.c **** 	return temperature;
 642              	 .loc 1 249 0
 643 0086 FB68     	 ldr r3,[r7,#12]
 250:../cleanflight/src/main/drivers/barometer/barometer_dps310.c **** }
 644              	 .loc 1 250 0
 645 0088 1846     	 mov r0,r3
 646 008a 1037     	 adds r7,r7,#16
 647              	.LCFI28:
 648              	 .cfi_def_cfa_offset 16
 649 008c BD46     	 mov sp,r7
 650              	.LCFI29:
 651              	 .cfi_def_cfa_register 13
 652              	 
 653 008e B0BD     	 pop {r4,r5,r7,pc}
 654              	.L26:
 655              	 .align 2
 656              	.L25:
 657 0090 00000000 	 .word dps310
 658 0094 00000000 	 .word ut_sc
 659 0098 0000E03F 	 .word 1071644672
 660              	 .cfi_endproc
 661              	.LFE532:
 663              	 .section .text.dps310_get_pressure,"ax",%progbits
 664              	 .align 2
 665              	 .thumb
 666              	 .thumb_func
 668              	dps310_get_pressure:
 669              	.LFB533:
 251:../cleanflight/src/main/drivers/barometer/barometer_dps310.c **** 
 252:../cleanflight/src/main/drivers/barometer/barometer_dps310.c **** static int32_t dps310_get_pressure(int32_t up) {
 670              	 .loc 1 252 0
 671              	 .cfi_startproc
 672              	 
 673              	 
 674              	 
 675 0000 80B4     	 push {r7}
 676              	.LCFI30:
 677              	 .cfi_def_cfa_offset 4
 678              	 .cfi_offset 7,-4
 679 0002 85B0     	 sub sp,sp,#20
 680              	.LCFI31:
 681              	 .cfi_def_cfa_offset 24
 682 0004 00AF     	 add r7,sp,#0
 683              	.LCFI32:
 684              	 .cfi_def_cfa_register 7
 685 0006 7860     	 str r0,[r7,#4]
 253:../cleanflight/src/main/drivers/barometer/barometer_dps310.c **** 
 254:../cleanflight/src/main/drivers/barometer/barometer_dps310.c **** 	float pressure;
 255:../cleanflight/src/main/drivers/barometer/barometer_dps310.c **** 
 256:../cleanflight/src/main/drivers/barometer/barometer_dps310.c **** 	// calculate physical pressure Pcomp [Pa]
 257:../cleanflight/src/main/drivers/barometer/barometer_dps310.c **** 	up_sc = (float) up / dps310.cal_param.kP;
 686              	 .loc 1 257 0
 687 0008 7B68     	 ldr r3,[r7,#4]
 688 000a 07EE903A 	 fmsr s15,r3
 689 000e B8EEE77A 	 fsitos s14,s15
 690 0012 364B     	 ldr r3,.L29
 691 0014 5B6A     	 ldr r3,[r3,#36]
 692 0016 07EE903A 	 fmsr s15,r3
 693 001a F8EE677A 	 fuitos s15,s15
 694 001e C7EE277A 	 fdivs s15,s14,s15
 695 0022 334B     	 ldr r3,.L29+4
 696 0024 C3ED007A 	 fsts s15,[r3]
 258:../cleanflight/src/main/drivers/barometer/barometer_dps310.c **** 
 259:../cleanflight/src/main/drivers/barometer/barometer_dps310.c **** 	//Calculate compensated pressure
 260:../cleanflight/src/main/drivers/barometer/barometer_dps310.c **** 	pressure =   dps310.cal_param.c00
 697              	 .loc 1 260 0
 698 0028 304B     	 ldr r3,.L29
 699 002a 1B68     	 ldr r3,[r3]
 261:../cleanflight/src/main/drivers/barometer/barometer_dps310.c **** 			+ up_sc * (dps310.cal_param.c10 + up_sc * (dps310.cal_param.c20 + up_sc * dps310.cal_param.c30))
 700              	 .loc 1 261 0
 701 002c 07EE903A 	 fmsr s15,r3
 702 0030 B8EEE77A 	 fsitos s14,s15
 703 0034 2D4B     	 ldr r3,.L29
 704 0036 5B68     	 ldr r3,[r3,#4]
 705 0038 07EE903A 	 fmsr s15,r3
 706 003c F8EEE76A 	 fsitos s13,s15
 707 0040 2A4B     	 ldr r3,.L29
 708 0042 9B68     	 ldr r3,[r3,#8]
 709 0044 07EE903A 	 fmsr s15,r3
 710 0048 B8EEE76A 	 fsitos s12,s15
 711 004c 274B     	 ldr r3,.L29
 712 004e DB68     	 ldr r3,[r3,#12]
 713 0050 07EE903A 	 fmsr s15,r3
 714 0054 F8EEE75A 	 fsitos s11,s15
 715 0058 254B     	 ldr r3,.L29+4
 716 005a D3ED007A 	 flds s15,[r3]
 717 005e 65EEA77A 	 fmuls s15,s11,s15
 718 0062 36EE276A 	 fadds s12,s12,s15
 719 0066 224B     	 ldr r3,.L29+4
 720 0068 D3ED007A 	 flds s15,[r3]
 721 006c 66EE277A 	 fmuls s15,s12,s15
 722 0070 76EEA76A 	 fadds s13,s13,s15
 723 0074 1E4B     	 ldr r3,.L29+4
 724 0076 D3ED007A 	 flds s15,[r3]
 725 007a 66EEA77A 	 fmuls s15,s13,s15
 726 007e 37EE277A 	 fadds s14,s14,s15
 262:../cleanflight/src/main/drivers/barometer/barometer_dps310.c **** 			+ ut_sc * (dps310.cal_param.c01 + up_sc * (dps310.cal_param.c11 + up_sc * dps310.cal_param.c21))
 727              	 .loc 1 262 0
 728 0082 1A4B     	 ldr r3,.L29
 729 0084 1B69     	 ldr r3,[r3,#16]
 730 0086 07EE903A 	 fmsr s15,r3
 731 008a F8EEE76A 	 fsitos s13,s15
 732 008e 174B     	 ldr r3,.L29
 733 0090 5B69     	 ldr r3,[r3,#20]
 734 0092 07EE903A 	 fmsr s15,r3
 735 0096 B8EEE76A 	 fsitos s12,s15
 736 009a 144B     	 ldr r3,.L29
 737 009c 9B69     	 ldr r3,[r3,#24]
 738 009e 07EE903A 	 fmsr s15,r3
 739 00a2 F8EEE75A 	 fsitos s11,s15
 740 00a6 124B     	 ldr r3,.L29+4
 741 00a8 D3ED007A 	 flds s15,[r3]
 742 00ac 65EEA77A 	 fmuls s15,s11,s15
 743 00b0 36EE276A 	 fadds s12,s12,s15
 744 00b4 0E4B     	 ldr r3,.L29+4
 745 00b6 D3ED007A 	 flds s15,[r3]
 746 00ba 66EE277A 	 fmuls s15,s12,s15
 747 00be 76EEA76A 	 fadds s13,s13,s15
 748 00c2 0C4B     	 ldr r3,.L29+8
 749 00c4 D3ED007A 	 flds s15,[r3]
 750 00c8 66EEA77A 	 fmuls s15,s13,s15
 260:../cleanflight/src/main/drivers/barometer/barometer_dps310.c **** 			+ up_sc * (dps310.cal_param.c10 + up_sc * (dps310.cal_param.c20 + up_sc * dps310.cal_param.c30))
 751              	 .loc 1 260 0
 752 00cc 77EE277A 	 fadds s15,s14,s15
 753 00d0 C7ED037A 	 fsts s15,[r7,#12]
 263:../cleanflight/src/main/drivers/barometer/barometer_dps310.c **** 	return (int32_t)pressure;
 754              	 .loc 1 263 0
 755 00d4 D7ED037A 	 flds s15,[r7,#12]
 756 00d8 FDEEE77A 	 ftosizs s15,s15
 757 00dc 17EE903A 	 fmrs r3,s15
 264:../cleanflight/src/main/drivers/barometer/barometer_dps310.c **** }
 758              	 .loc 1 264 0
 759 00e0 1846     	 mov r0,r3
 760 00e2 1437     	 adds r7,r7,#20
 761              	.LCFI33:
 762              	 .cfi_def_cfa_offset 4
 763 00e4 BD46     	 mov sp,r7
 764              	.LCFI34:
 765              	 .cfi_def_cfa_register 13
 766              	 
 767 00e6 5DF8047B 	 ldr r7,[sp],#4
 768              	.LCFI35:
 769              	 .cfi_restore 7
 770              	 .cfi_def_cfa_offset 0
 771 00ea 7047     	 bx lr
 772              	.L30:
 773              	 .align 2
 774              	.L29:
 775 00ec 00000000 	 .word dps310
 776 00f0 00000000 	 .word up_sc
 777 00f4 00000000 	 .word ut_sc
 778              	 .cfi_endproc
 779              	.LFE533:
 781              	 .section .text.dps310_calculate,"ax",%progbits
 782              	 .align 2
 783              	 .thumb
 784              	 .thumb_func
 786              	dps310_calculate:
 787              	.LFB534:
 265:../cleanflight/src/main/drivers/barometer/barometer_dps310.c **** 
 266:../cleanflight/src/main/drivers/barometer/barometer_dps310.c **** static void dps310_calculate(int32_t *pressure, int32_t *temperature)
 267:../cleanflight/src/main/drivers/barometer/barometer_dps310.c **** {
 788              	 .loc 1 267 0
 789              	 .cfi_startproc
 790              	 
 791              	 
 792 0000 80B5     	 push {r7,lr}
 793              	.LCFI36:
 794              	 .cfi_def_cfa_offset 8
 795              	 .cfi_offset 7,-8
 796              	 .cfi_offset 14,-4
 797 0002 84B0     	 sub sp,sp,#16
 798              	.LCFI37:
 799              	 .cfi_def_cfa_offset 24
 800 0004 00AF     	 add r7,sp,#0
 801              	.LCFI38:
 802              	 .cfi_def_cfa_register 7
 803 0006 7860     	 str r0,[r7,#4]
 804 0008 3960     	 str r1,[r7]
 268:../cleanflight/src/main/drivers/barometer/barometer_dps310.c **** 	int32_t temp, press;
 269:../cleanflight/src/main/drivers/barometer/barometer_dps310.c **** 
 270:../cleanflight/src/main/drivers/barometer/barometer_dps310.c **** 	temp = dps310_get_temperature(dps310_ut);
 805              	 .loc 1 270 0
 806 000a 0D4B     	 ldr r3,.L34
 807 000c 1B68     	 ldr r3,[r3]
 808 000e 1846     	 mov r0,r3
 809 0010 FFF7FEFF 	 bl dps310_get_temperature
 810 0014 F860     	 str r0,[r7,#12]
 271:../cleanflight/src/main/drivers/barometer/barometer_dps310.c **** 	press = dps310_get_pressure(dps310_up);
 811              	 .loc 1 271 0
 812 0016 0B4B     	 ldr r3,.L34+4
 813 0018 1B68     	 ldr r3,[r3]
 814 001a 1846     	 mov r0,r3
 815 001c FFF7FEFF 	 bl dps310_get_pressure
 816 0020 B860     	 str r0,[r7,#8]
 272:../cleanflight/src/main/drivers/barometer/barometer_dps310.c **** 	if (pressure)
 817              	 .loc 1 272 0
 818 0022 7B68     	 ldr r3,[r7,#4]
 819 0024 002B     	 cmp r3,#0
 820 0026 02D0     	 beq .L32
 273:../cleanflight/src/main/drivers/barometer/barometer_dps310.c **** 		*pressure = press;
 821              	 .loc 1 273 0
 822 0028 7B68     	 ldr r3,[r7,#4]
 823 002a BA68     	 ldr r2,[r7,#8]
 824 002c 1A60     	 str r2,[r3]
 825              	.L32:
 274:../cleanflight/src/main/drivers/barometer/barometer_dps310.c **** 	if (temperature)
 826              	 .loc 1 274 0
 827 002e 3B68     	 ldr r3,[r7]
 828 0030 002B     	 cmp r3,#0
 829 0032 02D0     	 beq .L31
 275:../cleanflight/src/main/drivers/barometer/barometer_dps310.c **** 		*temperature = temp;
 830              	 .loc 1 275 0
 831 0034 3B68     	 ldr r3,[r7]
 832 0036 FA68     	 ldr r2,[r7,#12]
 833 0038 1A60     	 str r2,[r3]
 834              	.L31:
 276:../cleanflight/src/main/drivers/barometer/barometer_dps310.c **** }
 835              	 .loc 1 276 0
 836 003a 1037     	 adds r7,r7,#16
 837              	.LCFI39:
 838              	 .cfi_def_cfa_offset 8
 839 003c BD46     	 mov sp,r7
 840              	.LCFI40:
 841              	 .cfi_def_cfa_register 13
 842              	 
 843 003e 80BD     	 pop {r7,pc}
 844              	.L35:
 845              	 .align 2
 846              	.L34:
 847 0040 00000000 	 .word dps310_ut
 848 0044 00000000 	 .word dps310_up
 849              	 .cfi_endproc
 850              	.LFE534:
 852              	 .section .text.dps310Detect,"ax",%progbits
 853              	 .align 2
 854              	 .global dps310Detect
 855              	 .thumb
 856              	 .thumb_func
 858              	dps310Detect:
 859              	.LFB535:
 277:../cleanflight/src/main/drivers/barometer/barometer_dps310.c **** 
 278:../cleanflight/src/main/drivers/barometer/barometer_dps310.c **** 
 279:../cleanflight/src/main/drivers/barometer/barometer_dps310.c **** bool dps310Detect(baroDev_t *baro)
 280:../cleanflight/src/main/drivers/barometer/barometer_dps310.c **** {
 860              	 .loc 1 280 0
 861              	 .cfi_startproc
 862              	 
 863              	 
 864 0000 80B5     	 push {r7,lr}
 865              	.LCFI41:
 866              	 .cfi_def_cfa_offset 8
 867              	 .cfi_offset 7,-8
 868              	 .cfi_offset 14,-4
 869 0002 84B0     	 sub sp,sp,#16
 870              	.LCFI42:
 871              	 .cfi_def_cfa_offset 24
 872 0004 00AF     	 add r7,sp,#0
 873              	.LCFI43:
 874              	 .cfi_def_cfa_register 7
 875 0006 7860     	 str r0,[r7,#4]
 281:../cleanflight/src/main/drivers/barometer/barometer_dps310.c **** 	if (dps310InitDone)
 876              	 .loc 1 281 0
 877 0008 774B     	 ldr r3,.L45
 878 000a 1B78     	 ldrb r3,[r3]
 879 000c 002B     	 cmp r3,#0
 880 000e 01D0     	 beq .L37
 282:../cleanflight/src/main/drivers/barometer/barometer_dps310.c **** 		return true;
 881              	 .loc 1 282 0
 882 0010 0123     	 movs r3,#1
 883 0012 E4E0     	 b .L38
 884              	.L37:
 283:../cleanflight/src/main/drivers/barometer/barometer_dps310.c **** 
 284:../cleanflight/src/main/drivers/barometer/barometer_dps310.c **** 	delay(10);
 885              	 .loc 1 284 0
 886 0014 0A20     	 movs r0,#10
 887 0016 FFF7FEFF 	 bl delay
 285:../cleanflight/src/main/drivers/barometer/barometer_dps310.c **** 
 286:../cleanflight/src/main/drivers/barometer/barometer_dps310.c ****     if ((baro->busdev.bustype == BUSTYPE_I2C) && (baro->busdev.busdev_u.i2c.address == 0)) {
 888              	 .loc 1 286 0
 889 001a 7B68     	 ldr r3,[r7,#4]
 890 001c 1B78     	 ldrb r3,[r3]
 891 001e 012B     	 cmp r3,#1
 892 0020 06D1     	 bne .L39
 893              	 .loc 1 286 0 is_stmt 0 discriminator 1
 894 0022 7B68     	 ldr r3,[r7,#4]
 895 0024 9B78     	 ldrb r3,[r3,#2]
 896 0026 002B     	 cmp r3,#0
 897 0028 02D1     	 bne .L39
 287:../cleanflight/src/main/drivers/barometer/barometer_dps310.c ****     	baro->busdev.busdev_u.i2c.address = BARO_I2C_ADDRESS;
 898              	 .loc 1 287 0 is_stmt 1
 899 002a 7B68     	 ldr r3,[r7,#4]
 900 002c 7722     	 movs r2,#119
 901 002e 9A70     	 strb r2,[r3,#2]
 902              	.L39:
 288:../cleanflight/src/main/drivers/barometer/barometer_dps310.c ****     }
 289:../cleanflight/src/main/drivers/barometer/barometer_dps310.c **** 
 290:../cleanflight/src/main/drivers/barometer/barometer_dps310.c **** 	uint8_t chipId = busReadRegister(&baro->busdev, DPS310_PRODUCT_ID);
 903              	 .loc 1 290 0
 904 0030 7B68     	 ldr r3,[r7,#4]
 905 0032 1846     	 mov r0,r3
 906 0034 0D21     	 movs r1,#13
 907 0036 FFF7FEFF 	 bl busReadRegister
 908 003a 0346     	 mov r3,r0
 909 003c FB73     	 strb r3,[r7,#15]
 291:../cleanflight/src/main/drivers/barometer/barometer_dps310.c **** 
 292:../cleanflight/src/main/drivers/barometer/barometer_dps310.c **** 	if (chipId == DPS310_ID)
 910              	 .loc 1 292 0
 911 003e FB7B     	 ldrb r3,[r7,#15]
 912 0040 102B     	 cmp r3,#16
 913 0042 40F0CB80 	 bne .L40
 914              	.LBB2:
 293:../cleanflight/src/main/drivers/barometer/barometer_dps310.c **** 	{
 294:../cleanflight/src/main/drivers/barometer/barometer_dps310.c **** 		busWriteRegister(&baro->busdev, DPS310_RESET_REGISTER, DPS310_SOFT_RESET);
 915              	 .loc 1 294 0
 916 0046 7B68     	 ldr r3,[r7,#4]
 917 0048 1846     	 mov r0,r3
 918 004a 0C21     	 movs r1,#12
 919 004c 0922     	 movs r2,#9
 920 004e FFF7FEFF 	 bl busWriteRegister
 295:../cleanflight/src/main/drivers/barometer/barometer_dps310.c **** 		delay(50);
 921              	 .loc 1 295 0
 922 0052 3220     	 movs r0,#50
 923 0054 FFF7FEFF 	 bl delay
 296:../cleanflight/src/main/drivers/barometer/barometer_dps310.c **** 
 297:../cleanflight/src/main/drivers/barometer/barometer_dps310.c **** 		dps310_get_cal_param(baro);
 924              	 .loc 1 297 0
 925 0058 7868     	 ldr r0,[r7,#4]
 926 005a FFF7FEFF 	 bl dps310_get_cal_param
 298:../cleanflight/src/main/drivers/barometer/barometer_dps310.c **** 
 299:../cleanflight/src/main/drivers/barometer/barometer_dps310.c **** 		busWriteRegister(&baro->busdev, DPS310_MEAS_CFG, DPS310_MEAS_CTRL_IDLE);
 927              	 .loc 1 299 0
 928 005e 7B68     	 ldr r3,[r7,#4]
 929 0060 1846     	 mov r0,r3
 930 0062 0821     	 movs r1,#8
 931 0064 0022     	 movs r2,#0
 932 0066 FFF7FEFF 	 bl busWriteRegister
 300:../cleanflight/src/main/drivers/barometer/barometer_dps310.c **** 		busWriteRegister(&baro->busdev, DPS310_RESET_REGISTER, DPS310_FIFO_FLUSH);
 933              	 .loc 1 300 0
 934 006a 7B68     	 ldr r3,[r7,#4]
 935 006c 1846     	 mov r0,r3
 936 006e 0C21     	 movs r1,#12
 937 0070 8022     	 movs r2,#128
 938 0072 FFF7FEFF 	 bl busWriteRegister
 301:../cleanflight/src/main/drivers/barometer/barometer_dps310.c **** 		busWriteRegister(&baro->busdev, DPS310_CFG_REG, 0x04);
 939              	 .loc 1 301 0
 940 0076 7B68     	 ldr r3,[r7,#4]
 941 0078 1846     	 mov r0,r3
 942 007a 0921     	 movs r1,#9
 943 007c 0422     	 movs r2,#4
 944 007e FFF7FEFF 	 bl busWriteRegister
 302:../cleanflight/src/main/drivers/barometer/barometer_dps310.c **** 
 303:../cleanflight/src/main/drivers/barometer/barometer_dps310.c **** 		uint8_t T_config =  DPS310_TMP_PRC_1;
 945              	 .loc 1 303 0
 946 0082 0023     	 movs r3,#0
 947 0084 BB73     	 strb r3,[r7,#14]
 304:../cleanflight/src/main/drivers/barometer/barometer_dps310.c **** 		dps310.cal_param.kT = 524288;
 948              	 .loc 1 304 0
 949 0086 594B     	 ldr r3,.L45+4
 950 0088 4FF40022 	 mov r2,#524288
 951 008c 9A62     	 str r2,[r3,#40]
 305:../cleanflight/src/main/drivers/barometer/barometer_dps310.c **** 
 306:../cleanflight/src/main/drivers/barometer/barometer_dps310.c **** 		uint8_t data = busReadRegister(&baro->busdev, DPS310_COEF_SRC);
 952              	 .loc 1 306 0
 953 008e 7B68     	 ldr r3,[r7,#4]
 954 0090 1846     	 mov r0,r3
 955 0092 2821     	 movs r1,#40
 956 0094 FFF7FEFF 	 bl busReadRegister
 957 0098 0346     	 mov r3,r0
 958 009a 7B73     	 strb r3,[r7,#13]
 307:../cleanflight/src/main/drivers/barometer/barometer_dps310.c **** 
 308:../cleanflight/src/main/drivers/barometer/barometer_dps310.c **** 		if (data & 0x80)
 959              	 .loc 1 308 0
 960 009c 7B7B     	 ldrb r3,[r7,#13]
 961 009e 5BB2     	 sxtb r3,r3
 962 00a0 002B     	 cmp r3,#0
 963 00a2 0ADA     	 bge .L41
 309:../cleanflight/src/main/drivers/barometer/barometer_dps310.c **** 			busWriteRegister(&baro->busdev, DPS310_TMP_CFG, 0x80| T_config);		// use external sensor (MEMS)
 964              	 .loc 1 309 0
 965 00a4 7A68     	 ldr r2,[r7,#4]
 966 00a6 BB7B     	 ldrb r3,[r7,#14]
 967 00a8 63F07F03 	 orn r3,r3,#127
 968 00ac DBB2     	 uxtb r3,r3
 969 00ae 1046     	 mov r0,r2
 970 00b0 0721     	 movs r1,#7
 971 00b2 1A46     	 mov r2,r3
 972 00b4 FFF7FEFF 	 bl busWriteRegister
 973 00b8 06E0     	 b .L42
 974              	.L41:
 310:../cleanflight/src/main/drivers/barometer/barometer_dps310.c **** 		else
 311:../cleanflight/src/main/drivers/barometer/barometer_dps310.c **** 			busWriteRegister(&baro->busdev, DPS310_TMP_CFG, T_config);			// use internal sensor (ASIC)
 975              	 .loc 1 311 0
 976 00ba 7A68     	 ldr r2,[r7,#4]
 977 00bc BB7B     	 ldrb r3,[r7,#14]
 978 00be 1046     	 mov r0,r2
 979 00c0 0721     	 movs r1,#7
 980 00c2 1A46     	 mov r2,r3
 981 00c4 FFF7FEFF 	 bl busWriteRegister
 982              	.L42:
 312:../cleanflight/src/main/drivers/barometer/barometer_dps310.c **** 
 313:../cleanflight/src/main/drivers/barometer/barometer_dps310.c **** 		uint8_t P_config =  DPS310_PM_PRC_16;
 983              	 .loc 1 313 0
 984 00c8 0423     	 movs r3,#4
 985 00ca 3B73     	 strb r3,[r7,#12]
 314:../cleanflight/src/main/drivers/barometer/barometer_dps310.c **** 		dps310.cal_param.kP = 253952;
 986              	 .loc 1 314 0
 987 00cc 474B     	 ldr r3,.L45+4
 988 00ce 4FF47832 	 mov r2,#253952
 989 00d2 5A62     	 str r2,[r3,#36]
 315:../cleanflight/src/main/drivers/barometer/barometer_dps310.c **** 
 316:../cleanflight/src/main/drivers/barometer/barometer_dps310.c **** 		busWriteRegister(&baro->busdev, DPS310_PRS_CFG, P_config);
 990              	 .loc 1 316 0
 991 00d4 7A68     	 ldr r2,[r7,#4]
 992 00d6 3B7B     	 ldrb r3,[r7,#12]
 993 00d8 1046     	 mov r0,r2
 994 00da 0621     	 movs r1,#6
 995 00dc 1A46     	 mov r2,r3
 996 00de FFF7FEFF 	 bl busWriteRegister
 997              	.L43:
 317:../cleanflight/src/main/drivers/barometer/barometer_dps310.c **** 
 318:../cleanflight/src/main/drivers/barometer/barometer_dps310.c **** 		do
 319:../cleanflight/src/main/drivers/barometer/barometer_dps310.c **** 		{
 320:../cleanflight/src/main/drivers/barometer/barometer_dps310.c **** 			busWriteRegister(&baro->busdev, DPS310_MEAS_CFG, DPS310_MEAS_CTRL_TEMP_SINGLE);
 998              	 .loc 1 320 0 discriminator 1
 999 00e2 7B68     	 ldr r3,[r7,#4]
 1000 00e4 1846     	 mov r0,r3
 1001 00e6 0821     	 movs r1,#8
 1002 00e8 0222     	 movs r2,#2
 1003 00ea FFF7FEFF 	 bl busWriteRegister
 321:../cleanflight/src/main/drivers/barometer/barometer_dps310.c **** 			delay(10);
 1004              	 .loc 1 321 0 discriminator 1
 1005 00ee 0A20     	 movs r0,#10
 1006 00f0 FFF7FEFF 	 bl delay
 322:../cleanflight/src/main/drivers/barometer/barometer_dps310.c **** 			data = busReadRegister(&baro->busdev, DPS310_MEAS_CFG);
 1007              	 .loc 1 322 0 discriminator 1
 1008 00f4 7B68     	 ldr r3,[r7,#4]
 1009 00f6 1846     	 mov r0,r3
 1010 00f8 0821     	 movs r1,#8
 1011 00fa FFF7FEFF 	 bl busReadRegister
 1012 00fe 0346     	 mov r3,r0
 1013 0100 7B73     	 strb r3,[r7,#13]
 323:../cleanflight/src/main/drivers/barometer/barometer_dps310.c **** 
 324:../cleanflight/src/main/drivers/barometer/barometer_dps310.c **** 		} while((data & 0x20) == 0);
 1014              	 .loc 1 324 0 discriminator 1
 1015 0102 7B7B     	 ldrb r3,[r7,#13]
 1016 0104 03F02003 	 and r3,r3,#32
 1017 0108 002B     	 cmp r3,#0
 1018 010a EAD0     	 beq .L43
 325:../cleanflight/src/main/drivers/barometer/barometer_dps310.c **** 
 326:../cleanflight/src/main/drivers/barometer/barometer_dps310.c **** 		busWriteRegister(&baro->busdev, DPS310_MEAS_CFG, DPS310_MEAS_CTRL_IDLE);
 1019              	 .loc 1 326 0
 1020 010c 7B68     	 ldr r3,[r7,#4]
 1021 010e 1846     	 mov r0,r3
 1022 0110 0821     	 movs r1,#8
 1023 0112 0022     	 movs r2,#0
 1024 0114 FFF7FEFF 	 bl busWriteRegister
 327:../cleanflight/src/main/drivers/barometer/barometer_dps310.c **** 
 328:../cleanflight/src/main/drivers/barometer/barometer_dps310.c **** 		// fix possible hardware problem
 329:../cleanflight/src/main/drivers/barometer/barometer_dps310.c **** 		busWriteRegister(&baro->busdev, 0x0E, 0xA5);
 1025              	 .loc 1 329 0
 1026 0118 7B68     	 ldr r3,[r7,#4]
 1027 011a 1846     	 mov r0,r3
 1028 011c 0E21     	 movs r1,#14
 1029 011e A522     	 movs r2,#165
 1030 0120 FFF7FEFF 	 bl busWriteRegister
 330:../cleanflight/src/main/drivers/barometer/barometer_dps310.c **** 		busWriteRegister(&baro->busdev, 0x0F, 0x96);
 1031              	 .loc 1 330 0
 1032 0124 7B68     	 ldr r3,[r7,#4]
 1033 0126 1846     	 mov r0,r3
 1034 0128 0F21     	 movs r1,#15
 1035 012a 9622     	 movs r2,#150
 1036 012c FFF7FEFF 	 bl busWriteRegister
 331:../cleanflight/src/main/drivers/barometer/barometer_dps310.c **** 		busWriteRegister(&baro->busdev, 0x62, 0x02);
 1037              	 .loc 1 331 0
 1038 0130 7B68     	 ldr r3,[r7,#4]
 1039 0132 1846     	 mov r0,r3
 1040 0134 6221     	 movs r1,#98
 1041 0136 0222     	 movs r2,#2
 1042 0138 FFF7FEFF 	 bl busWriteRegister
 332:../cleanflight/src/main/drivers/barometer/barometer_dps310.c **** 		busWriteRegister(&baro->busdev, 0x0E, 0x00);
 1043              	 .loc 1 332 0
 1044 013c 7B68     	 ldr r3,[r7,#4]
 1045 013e 1846     	 mov r0,r3
 1046 0140 0E21     	 movs r1,#14
 1047 0142 0022     	 movs r2,#0
 1048 0144 FFF7FEFF 	 bl busWriteRegister
 333:../cleanflight/src/main/drivers/barometer/barometer_dps310.c **** 		busWriteRegister(&baro->busdev, 0x0F, 0x00);
 1049              	 .loc 1 333 0
 1050 0148 7B68     	 ldr r3,[r7,#4]
 1051 014a 1846     	 mov r0,r3
 1052 014c 0F21     	 movs r1,#15
 1053 014e 0022     	 movs r2,#0
 1054 0150 FFF7FEFF 	 bl busWriteRegister
 1055              	.L44:
 334:../cleanflight/src/main/drivers/barometer/barometer_dps310.c **** 
 335:../cleanflight/src/main/drivers/barometer/barometer_dps310.c **** 		do
 336:../cleanflight/src/main/drivers/barometer/barometer_dps310.c **** 		{
 337:../cleanflight/src/main/drivers/barometer/barometer_dps310.c **** 			busWriteRegister(&baro->busdev, DPS310_MEAS_CFG, DPS310_MEAS_CTRL_TEMP_SINGLE);
 1056              	 .loc 1 337 0 discriminator 1
 1057 0154 7B68     	 ldr r3,[r7,#4]
 1058 0156 1846     	 mov r0,r3
 1059 0158 0821     	 movs r1,#8
 1060 015a 0222     	 movs r2,#2
 1061 015c FFF7FEFF 	 bl busWriteRegister
 338:../cleanflight/src/main/drivers/barometer/barometer_dps310.c **** 			delay(10);
 1062              	 .loc 1 338 0 discriminator 1
 1063 0160 0A20     	 movs r0,#10
 1064 0162 FFF7FEFF 	 bl delay
 339:../cleanflight/src/main/drivers/barometer/barometer_dps310.c **** 			data = busReadRegister(&baro->busdev, DPS310_MEAS_CFG);
 1065              	 .loc 1 339 0 discriminator 1
 1066 0166 7B68     	 ldr r3,[r7,#4]
 1067 0168 1846     	 mov r0,r3
 1068 016a 0821     	 movs r1,#8
 1069 016c FFF7FEFF 	 bl busReadRegister
 1070 0170 0346     	 mov r3,r0
 1071 0172 7B73     	 strb r3,[r7,#13]
 340:../cleanflight/src/main/drivers/barometer/barometer_dps310.c **** 
 341:../cleanflight/src/main/drivers/barometer/barometer_dps310.c **** 		} while((data & 0x20) == 0);
 1072              	 .loc 1 341 0 discriminator 1
 1073 0174 7B7B     	 ldrb r3,[r7,#13]
 1074 0176 03F02003 	 and r3,r3,#32
 1075 017a 002B     	 cmp r3,#0
 1076 017c EAD0     	 beq .L44
 342:../cleanflight/src/main/drivers/barometer/barometer_dps310.c **** 
 343:../cleanflight/src/main/drivers/barometer/barometer_dps310.c **** 		busWriteRegister(&baro->busdev, DPS310_MEAS_CFG, DPS310_MEAS_CTRL_IDLE);
 1077              	 .loc 1 343 0
 1078 017e 7B68     	 ldr r3,[r7,#4]
 1079 0180 1846     	 mov r0,r3
 1080 0182 0821     	 movs r1,#8
 1081 0184 0022     	 movs r2,#0
 1082 0186 FFF7FEFF 	 bl busWriteRegister
 344:../cleanflight/src/main/drivers/barometer/barometer_dps310.c **** 
 345:../cleanflight/src/main/drivers/barometer/barometer_dps310.c **** 		baro->ut_delay = DPS310_UT_DELAY;
 1083              	 .loc 1 345 0
 1084 018a 7B68     	 ldr r3,[r7,#4]
 1085 018c 0022     	 movs r2,#0
 1086 018e 62F07702 	 orn r2,r2,#119
 1087 0192 5A72     	 strb r2,[r3,#9]
 1088 0194 0022     	 movs r2,#0
 1089 0196 42F01302 	 orr r2,r2,#19
 1090 019a 9A72     	 strb r2,[r3,#10]
 346:../cleanflight/src/main/drivers/barometer/barometer_dps310.c **** 		baro->start_ut = dps310_start_ut;
 1091              	 .loc 1 346 0
 1092 019c 7B68     	 ldr r3,[r7,#4]
 1093 019e 144A     	 ldr r2,.L45+8
 1094 01a0 C3F80D20 	 str r2,[r3,#13]
 347:../cleanflight/src/main/drivers/barometer/barometer_dps310.c **** 		baro->get_ut = dps310_get_ut;
 1095              	 .loc 1 347 0
 1096 01a4 7B68     	 ldr r3,[r7,#4]
 1097 01a6 134A     	 ldr r2,.L45+12
 1098 01a8 C3F81120 	 str r2,[r3,#17]
 348:../cleanflight/src/main/drivers/barometer/barometer_dps310.c **** 
 349:../cleanflight/src/main/drivers/barometer/barometer_dps310.c **** 		baro->up_delay = DPS310_UP_DELAY;
 1099              	 .loc 1 349 0
 1100 01ac 7B68     	 ldr r3,[r7,#4]
 1101 01ae 0022     	 movs r2,#0
 1102 01b0 42F03002 	 orr r2,r2,#48
 1103 01b4 DA72     	 strb r2,[r3,#11]
 1104 01b6 0022     	 movs r2,#0
 1105 01b8 42F07502 	 orr r2,r2,#117
 1106 01bc 1A73     	 strb r2,[r3,#12]
 350:../cleanflight/src/main/drivers/barometer/barometer_dps310.c **** 		baro->start_up = dps310_start_up;
 1107              	 .loc 1 350 0
 1108 01be 7B68     	 ldr r3,[r7,#4]
 1109 01c0 0D4A     	 ldr r2,.L45+16
 1110 01c2 C3F81520 	 str r2,[r3,#21]
 351:../cleanflight/src/main/drivers/barometer/barometer_dps310.c **** 		baro->get_up = dps310_get_up;
 1111              	 .loc 1 351 0
 1112 01c6 7B68     	 ldr r3,[r7,#4]
 1113 01c8 0C4A     	 ldr r2,.L45+20
 1114 01ca C3F81920 	 str r2,[r3,#25]
 352:../cleanflight/src/main/drivers/barometer/barometer_dps310.c **** 
 353:../cleanflight/src/main/drivers/barometer/barometer_dps310.c **** 		baro->calculate = dps310_calculate;
 1115              	 .loc 1 353 0
 1116 01ce 7B68     	 ldr r3,[r7,#4]
 1117 01d0 0B4A     	 ldr r2,.L45+24
 1118 01d2 C3F81D20 	 str r2,[r3,#29]
 354:../cleanflight/src/main/drivers/barometer/barometer_dps310.c **** 
 355:../cleanflight/src/main/drivers/barometer/barometer_dps310.c **** 		dps310InitDone = true;
 1119              	 .loc 1 355 0
 1120 01d6 044B     	 ldr r3,.L45
 1121 01d8 0122     	 movs r2,#1
 1122 01da 1A70     	 strb r2,[r3]
 1123              	.L40:
 1124              	.LBE2:
 356:../cleanflight/src/main/drivers/barometer/barometer_dps310.c **** 	}
 357:../cleanflight/src/main/drivers/barometer/barometer_dps310.c ****     return true;
 1125              	 .loc 1 357 0
 1126 01dc 0123     	 movs r3,#1
 1127              	.L38:
 358:../cleanflight/src/main/drivers/barometer/barometer_dps310.c **** }
 1128              	 .loc 1 358 0
 1129 01de 1846     	 mov r0,r3
 1130 01e0 1037     	 adds r7,r7,#16
 1131              	.LCFI44:
 1132              	 .cfi_def_cfa_offset 8
 1133 01e2 BD46     	 mov sp,r7
 1134              	.LCFI45:
 1135              	 .cfi_def_cfa_register 13
 1136              	 
 1137 01e4 80BD     	 pop {r7,pc}
 1138              	.L46:
 1139 01e6 00BF     	 .align 2
 1140              	.L45:
 1141 01e8 00000000 	 .word dps310InitDone
 1142 01ec 00000000 	 .word dps310
 1143 01f0 00000000 	 .word dps310_start_ut
 1144 01f4 00000000 	 .word dps310_get_ut
 1145 01f8 00000000 	 .word dps310_start_up
 1146 01fc 00000000 	 .word dps310_get_up
 1147 0200 00000000 	 .word dps310_calculate
 1148              	 .cfi_endproc
 1149              	.LFE535:
 1151              	 .text
 1152              	.Letext0:
 1153              	 .file 2 "d:\\xmc\\dave-ide-4.4.2-64bit\\eclipse\\arm-gcc-49\\arm-none-eabi\\include\\machine\\_default_types.h"
 1154              	 .file 3 "d:\\xmc\\dave-ide-4.4.2-64bit\\eclipse\\arm-gcc-49\\arm-none-eabi\\include\\stdint.h"
 1155              	 .file 4 "D:/XMC/Projekte/Temp/CF_XMC4700/cleanflight/lib/main/XMC4000/xmc4700.h"
 1156              	 .file 5 "D:/XMC/Projekte/Temp/CF_XMC4700/cleanflight/lib/main/XMC4000/XMCLib/inc/xmc_usic.h"
 1157              	 .file 6 "D:/XMC/Projekte/Temp/CF_XMC4700/cleanflight/src/main/platform.h"
 1158              	 .file 7 "D:/XMC/Projekte/Temp/CF_XMC4700/cleanflight/src/main/drivers/io_types.h"
 1159              	 .file 8 "D:/XMC/Projekte/Temp/CF_XMC4700/cleanflight/src/main/drivers/bus_i2c.h"
 1160              	 .file 9 "D:/XMC/Projekte/Temp/CF_XMC4700/cleanflight/src/main/drivers/bus.h"
 1161              	 .file 10 "../cleanflight/src/main/drivers/barometer/barometer.h"
 1162              	 .file 11 "D:/XMC/Projekte/Temp/CF_XMC4700/cleanflight/src/main/drivers/resource.h"
 1163              	 .file 12 "D:/XMC/Projekte/Temp/CF_XMC4700/cleanflight/src/main/common/time.h"
 1164              	 .file 13 "D:/XMC/Projekte/Temp/CF_XMC4700/cleanflight/lib/main/CMSIS/Core/Include/core_cm4.h"
 1165              	 .file 14 "D:/XMC/Projekte/Temp/CF_XMC4700/cleanflight/lib/main/XMC4000/system_XMC4700.h"
DEFINED SYMBOLS
                            *ABS*:00000000 barometer_dps310.c
    {standard input}:20     .bss.dps310:00000000 $d
    {standard input}:23     .bss.dps310:00000000 dps310
    {standard input}:28     .bss.dps310InitDone:00000000 dps310InitDone
    {standard input}:29     .bss.dps310InitDone:00000000 $d
    {standard input}:31     .bss.dps310_ut:00000000 $d
    {standard input}:34     .bss.dps310_ut:00000000 dps310_ut
    {standard input}:37     .bss.dps310_up:00000000 $d
    {standard input}:40     .bss.dps310_up:00000000 dps310_up
    {standard input}:47     .bss.up_sc:00000000 up_sc
    {standard input}:44     .bss.up_sc:00000000 $d
    {standard input}:54     .bss.ut_sc:00000000 ut_sc
    {standard input}:51     .bss.ut_sc:00000000 $d
    {standard input}:57     .text.dps310_start_ut:00000000 $t
    {standard input}:61     .text.dps310_start_ut:00000000 dps310_start_ut
    {standard input}:99     .text.dps310_get_ut:00000000 $t
    {standard input}:103    .text.dps310_get_ut:00000000 dps310_get_ut
    {standard input}:176    .text.dps310_get_ut:00000064 $d
    {standard input}:181    .text.dps310_start_up:00000000 $t
    {standard input}:185    .text.dps310_start_up:00000000 dps310_start_up
    {standard input}:222    .text.dps310_get_up:00000000 $t
    {standard input}:226    .text.dps310_get_up:00000000 dps310_get_up
    {standard input}:301    .text.dps310_get_up:00000068 $d
    {standard input}:306    .text.dps310_get_cal_param:00000000 $t
    {standard input}:310    .text.dps310_get_cal_param:00000000 dps310_get_cal_param
    {standard input}:560    .text.dps310_get_cal_param:000001ac $d
    {standard input}:570    .text.dps310_get_temperature:00000000 $t
    {standard input}:574    .text.dps310_get_temperature:00000000 dps310_get_temperature
    {standard input}:657    .text.dps310_get_temperature:00000090 $d
    {standard input}:664    .text.dps310_get_pressure:00000000 $t
    {standard input}:668    .text.dps310_get_pressure:00000000 dps310_get_pressure
    {standard input}:775    .text.dps310_get_pressure:000000ec $d
    {standard input}:782    .text.dps310_calculate:00000000 $t
    {standard input}:786    .text.dps310_calculate:00000000 dps310_calculate
    {standard input}:847    .text.dps310_calculate:00000040 $d
    {standard input}:853    .text.dps310Detect:00000000 $t
    {standard input}:858    .text.dps310Detect:00000000 dps310Detect
    {standard input}:1141   .text.dps310Detect:000001e8 $d
                     .debug_frame:00000010 $d

UNDEFINED SYMBOLS
busWriteRegister
busReadRegister
busReadRegisterBuffer
__aeabi_i2d
__aeabi_dmul
__aeabi_f2d
__aeabi_dadd
__aeabi_d2iz
delay
