   1              	 .syntax unified
   2              	 .cpu cortex-m4
   3              	 .eabi_attribute 27,3
   4              	 .fpu fpv4-sp-d16
   5              	 .eabi_attribute 20,1
   6              	 .eabi_attribute 21,1
   7              	 .eabi_attribute 23,3
   8              	 .eabi_attribute 24,1
   9              	 .eabi_attribute 25,1
  10              	 .eabi_attribute 26,1
  11              	 .eabi_attribute 30,6
  12              	 .eabi_attribute 34,1
  13              	 .eabi_attribute 18,4
  14              	 .thumb
  15              	 .file "rcdevice.c"
  16              	 .text
  17              	.Ltext0:
  18              	 .cfi_sections .debug_frame
  19              	 .comm rcdeviceConfig_System,5,4
  20              	 .comm rcdeviceConfig_Copy,5,4
  21              	 .global rcdeviceConfig_Registry
  22              	 .section .pg_registry,"a",%progbits
  23              	 .align 2
  26              	rcdeviceConfig_Registry:
  27 0000 1B02     	 .short 539
  28 0002 0500     	 .short 5
  29 0004 00000000 	 .word rcdeviceConfig_System
  30 0008 00000000 	 .word rcdeviceConfig_Copy
  31 000c 00000000 	 .word 0
  32 0010 00000000 	 .word pgResetFn_rcdeviceConfig
  33              	 .section .text.pgResetFn_rcdeviceConfig,"ax",%progbits
  34              	 .align 2
  35              	 .global pgResetFn_rcdeviceConfig
  36              	 .thumb
  37              	 .thumb_func
  39              	pgResetFn_rcdeviceConfig:
  40              	.LFB529:
  41              	 .file 1 "../cleanflight/src/main/pg/rcdevice.c"
   1:../cleanflight/src/main/pg/rcdevice.c **** /*
   2:../cleanflight/src/main/pg/rcdevice.c ****  * This file is part of Cleanflight and Betaflight.
   3:../cleanflight/src/main/pg/rcdevice.c ****  *
   4:../cleanflight/src/main/pg/rcdevice.c ****  * Cleanflight and Betaflight are free software. You can redistribute
   5:../cleanflight/src/main/pg/rcdevice.c ****  * this software and/or modify this software under the terms of the
   6:../cleanflight/src/main/pg/rcdevice.c ****  * GNU General Public License as published by the Free Software
   7:../cleanflight/src/main/pg/rcdevice.c ****  * Foundation, either version 3 of the License, or (at your option)
   8:../cleanflight/src/main/pg/rcdevice.c ****  * any later version.
   9:../cleanflight/src/main/pg/rcdevice.c ****  *
  10:../cleanflight/src/main/pg/rcdevice.c ****  * Cleanflight and Betaflight are distributed in the hope that they
  11:../cleanflight/src/main/pg/rcdevice.c ****  * will be useful, but WITHOUT ANY WARRANTY; without even the implied
  12:../cleanflight/src/main/pg/rcdevice.c ****  * warranty of MERCHANTABILITY or FITNESS FOR A PARTICULAR PURPOSE.
  13:../cleanflight/src/main/pg/rcdevice.c ****  * See the GNU General Public License for more details.
  14:../cleanflight/src/main/pg/rcdevice.c ****  *
  15:../cleanflight/src/main/pg/rcdevice.c ****  * You should have received a copy of the GNU General Public License
  16:../cleanflight/src/main/pg/rcdevice.c ****  * along with this software.
  17:../cleanflight/src/main/pg/rcdevice.c ****  *
  18:../cleanflight/src/main/pg/rcdevice.c ****  * If not, see <http://www.gnu.org/licenses/>.
  19:../cleanflight/src/main/pg/rcdevice.c ****  */
  20:../cleanflight/src/main/pg/rcdevice.c **** 
  21:../cleanflight/src/main/pg/rcdevice.c **** #include "pg/pg_ids.h"
  22:../cleanflight/src/main/pg/rcdevice.c **** #include "pg/rcdevice.h"
  23:../cleanflight/src/main/pg/rcdevice.c **** 
  24:../cleanflight/src/main/pg/rcdevice.c **** PG_REGISTER_WITH_RESET_FN(rcdeviceConfig_t, rcdeviceConfig, PG_RCDEVICE_CONFIG, 0);
  25:../cleanflight/src/main/pg/rcdevice.c **** 
  26:../cleanflight/src/main/pg/rcdevice.c **** void pgResetFn_rcdeviceConfig(rcdeviceConfig_t *rcdeviceConfig)
  27:../cleanflight/src/main/pg/rcdevice.c **** {
  42              	 .loc 1 27 0
  43              	 .cfi_startproc
  44              	 
  45              	 
  46              	 
  47 0000 80B4     	 push {r7}
  48              	.LCFI0:
  49              	 .cfi_def_cfa_offset 4
  50              	 .cfi_offset 7,-4
  51 0002 83B0     	 sub sp,sp,#12
  52              	.LCFI1:
  53              	 .cfi_def_cfa_offset 16
  54 0004 00AF     	 add r7,sp,#0
  55              	.LCFI2:
  56              	 .cfi_def_cfa_register 7
  57 0006 7860     	 str r0,[r7,#4]
  28:../cleanflight/src/main/pg/rcdevice.c ****     rcdeviceConfig->initDeviceAttempts = 4;
  58              	 .loc 1 28 0
  59 0008 7B68     	 ldr r3,[r7,#4]
  60 000a 0422     	 movs r2,#4
  61 000c 1A70     	 strb r2,[r3]
  29:../cleanflight/src/main/pg/rcdevice.c ****     rcdeviceConfig->initDeviceAttemptInterval = 1000;
  62              	 .loc 1 29 0
  63 000e 7B68     	 ldr r3,[r7,#4]
  64 0010 0022     	 movs r2,#0
  65 0012 62F01702 	 orn r2,r2,#23
  66 0016 5A70     	 strb r2,[r3,#1]
  67 0018 0022     	 movs r2,#0
  68 001a 42F00302 	 orr r2,r2,#3
  69 001e 9A70     	 strb r2,[r3,#2]
  70 0020 0022     	 movs r2,#0
  71 0022 DA70     	 strb r2,[r3,#3]
  72 0024 0022     	 movs r2,#0
  73 0026 1A71     	 strb r2,[r3,#4]
  30:../cleanflight/src/main/pg/rcdevice.c **** }...
  74              	 .loc 1 30 0
  75 0028 0C37     	 adds r7,r7,#12
  76              	.LCFI3:
  77              	 .cfi_def_cfa_offset 4
  78 002a BD46     	 mov sp,r7
  79              	.LCFI4:
  80              	 .cfi_def_cfa_register 13
  81              	 
  82 002c 5DF8047B 	 ldr r7,[sp],#4
  83              	.LCFI5:
  84              	 .cfi_restore 7
  85              	 .cfi_def_cfa_offset 0
  86 0030 7047     	 bx lr
  87              	 .cfi_endproc
  88              	.LFE529:
  90 0032 00BF     	 .text
  91              	.Letext0:
  92              	 .file 2 "d:\\xmc\\dave-ide-4.4.2-64bit\\eclipse\\arm-gcc-49\\arm-none-eabi\\include\\machine\\_default_types.h"
  93              	 .file 3 "d:\\xmc\\dave-ide-4.4.2-64bit\\eclipse\\arm-gcc-49\\arm-none-eabi\\include\\stdint.h"
  94              	 .file 4 "D:/XMC/Projekte/Temp/CF_XMC4700/cleanflight/src/main/pg/pg.h"
  95              	 .file 5 "D:/XMC/Projekte/Temp/CF_XMC4700/cleanflight/lib/main/XMC4000/XMCLib/inc/xmc_usic.h"
  96              	 .file 6 "D:/XMC/Projekte/Temp/CF_XMC4700/cleanflight/src/main/common/time.h"
  97              	 .file 7 "D:/XMC/Projekte/Temp/CF_XMC4700/cleanflight/src/main/pg/rcdevice.h"
  98              	 .file 8 "D:/XMC/Projekte/Temp/CF_XMC4700/cleanflight/lib/main/CMSIS/Core/Include/core_cm4.h"
  99              	 .file 9 "D:/XMC/Projekte/Temp/CF_XMC4700/cleanflight/lib/main/XMC4000/system_XMC4700.h"
DEFINED SYMBOLS
                            *ABS*:00000000 rcdevice.c
                            *COM*:00000005 rcdeviceConfig_System
                            *COM*:00000005 rcdeviceConfig_Copy
    {standard input}:26     .pg_registry:00000000 rcdeviceConfig_Registry
    {standard input}:23     .pg_registry:00000000 $d
    {standard input}:39     .text.pgResetFn_rcdeviceConfig:00000000 pgResetFn_rcdeviceConfig
    {standard input}:34     .text.pgResetFn_rcdeviceConfig:00000000 $t
                     .debug_frame:00000010 $d

NO UNDEFINED SYMBOLS
