   1              	 .syntax unified
   2              	 .cpu cortex-m4
   3              	 .eabi_attribute 27,3
   4              	 .fpu fpv4-sp-d16
   5              	 .eabi_attribute 20,1
   6              	 .eabi_attribute 21,1
   7              	 .eabi_attribute 23,3
   8              	 .eabi_attribute 24,1
   9              	 .eabi_attribute 25,1
  10              	 .eabi_attribute 26,1
  11              	 .eabi_attribute 30,6
  12              	 .eabi_attribute 34,1
  13              	 .eabi_attribute 18,4
  14              	 .thumb
  15              	 .file "rx_pwm.c"
  16              	 .text
  17              	.Ltext0:
  18              	 .cfi_sections .debug_frame
  19              	 .comm pwmConfig_System,9,4
  20              	 .comm pwmConfig_Copy,9,4
  21              	 .global pwmConfig_Registry
  22              	 .section .pg_registry,"a",%progbits
  23              	 .align 2
  26              	pwmConfig_Registry:
  27 0000 FC01     	 .short 508
  28 0002 0900     	 .short 9
  29 0004 00000000 	 .word pwmConfig_System
  30 0008 00000000 	 .word pwmConfig_Copy
  31 000c 00000000 	 .word 0
  32 0010 00000000 	 .word pgResetFn_pwmConfig
  33              	 .section .text.pgResetFn_pwmConfig,"ax",%progbits
  34              	 .align 2
  35              	 .global pgResetFn_pwmConfig
  36              	 .thumb
  37              	 .thumb_func
  39              	pgResetFn_pwmConfig:
  40              	.LFB528:
  41              	 .file 1 "../cleanflight/src/main/pg/rx_pwm.c"
   1:../cleanflight/src/main/pg/rx_pwm.c **** /*
   2:../cleanflight/src/main/pg/rx_pwm.c ****  * This file is part of Cleanflight and Betaflight.
   3:../cleanflight/src/main/pg/rx_pwm.c ****  *
   4:../cleanflight/src/main/pg/rx_pwm.c ****  * Cleanflight and Betaflight are free software. You can redistribute
   5:../cleanflight/src/main/pg/rx_pwm.c ****  * this software and/or modify this software under the terms of the
   6:../cleanflight/src/main/pg/rx_pwm.c ****  * GNU General Public License as published by the Free Software
   7:../cleanflight/src/main/pg/rx_pwm.c ****  * Foundation, either version 3 of the License, or (at your option)
   8:../cleanflight/src/main/pg/rx_pwm.c ****  * any later version.
   9:../cleanflight/src/main/pg/rx_pwm.c ****  *
  10:../cleanflight/src/main/pg/rx_pwm.c ****  * Cleanflight and Betaflight are distributed in the hope that they
  11:../cleanflight/src/main/pg/rx_pwm.c ****  * will be useful, but WITHOUT ANY WARRANTY; without even the implied
  12:../cleanflight/src/main/pg/rx_pwm.c ****  * warranty of MERCHANTABILITY or FITNESS FOR A PARTICULAR PURPOSE.
  13:../cleanflight/src/main/pg/rx_pwm.c ****  * See the GNU General Public License for more details.
  14:../cleanflight/src/main/pg/rx_pwm.c ****  *
  15:../cleanflight/src/main/pg/rx_pwm.c ****  * You should have received a copy of the GNU General Public License
  16:../cleanflight/src/main/pg/rx_pwm.c ****  * along with this software.
  17:../cleanflight/src/main/pg/rx_pwm.c ****  *
  18:../cleanflight/src/main/pg/rx_pwm.c ****  * If not, see <http://www.gnu.org/licenses/>.
  19:../cleanflight/src/main/pg/rx_pwm.c ****  */
  20:../cleanflight/src/main/pg/rx_pwm.c **** 
  21:../cleanflight/src/main/pg/rx_pwm.c **** #include "platform.h"
  22:../cleanflight/src/main/pg/rx_pwm.c **** 
  23:../cleanflight/src/main/pg/rx_pwm.c **** #if defined(USE_PWM) || defined(USE_PPM)
  24:../cleanflight/src/main/pg/rx_pwm.c **** 
  25:../cleanflight/src/main/pg/rx_pwm.c **** #include "drivers/io.h"
  26:../cleanflight/src/main/pg/rx_pwm.c **** #include "drivers/nvic.h"
  27:../cleanflight/src/main/pg/rx_pwm.c **** #include "drivers/rx/rx_pwm.h"
  28:../cleanflight/src/main/pg/rx_pwm.c **** #include "drivers/timer.h"
  29:../cleanflight/src/main/pg/rx_pwm.c **** 
  30:../cleanflight/src/main/pg/rx_pwm.c **** #include "pg/pg.h"
  31:../cleanflight/src/main/pg/rx_pwm.c **** #include "pg/pg_ids.h"
  32:../cleanflight/src/main/pg/rx_pwm.c **** 
  33:../cleanflight/src/main/pg/rx_pwm.c **** #include "rx_pwm.h"
  34:../cleanflight/src/main/pg/rx_pwm.c **** 
  35:../cleanflight/src/main/pg/rx_pwm.c **** #ifdef USE_PWM
  36:../cleanflight/src/main/pg/rx_pwm.c **** PG_REGISTER_WITH_RESET_FN(pwmConfig_t, pwmConfig, PG_PWM_CONFIG, 0);
  37:../cleanflight/src/main/pg/rx_pwm.c **** 
  38:../cleanflight/src/main/pg/rx_pwm.c **** void pgResetFn_pwmConfig(pwmConfig_t *pwmConfig)
  39:../cleanflight/src/main/pg/rx_pwm.c **** {
  42              	 .loc 1 39 0
  43              	 .cfi_startproc
  44              	 
  45              	 
  46 0000 80B5     	 push {r7,lr}
  47              	.LCFI0:
  48              	 .cfi_def_cfa_offset 8
  49              	 .cfi_offset 7,-8
  50              	 .cfi_offset 14,-4
  51 0002 84B0     	 sub sp,sp,#16
  52              	.LCFI1:
  53              	 .cfi_def_cfa_offset 24
  54 0004 00AF     	 add r7,sp,#0
  55              	.LCFI2:
  56              	 .cfi_def_cfa_register 7
  57 0006 7860     	 str r0,[r7,#4]
  40:../cleanflight/src/main/pg/rx_pwm.c ****     pwmConfig->inputFilteringMode = INPUT_FILTERING_DISABLED;
  58              	 .loc 1 40 0
  59 0008 7B68     	 ldr r3,[r7,#4]
  60 000a 0022     	 movs r2,#0
  61 000c 1A72     	 strb r2,[r3,#8]
  62              	.LBB2:
  41:../cleanflight/src/main/pg/rx_pwm.c ****     for (unsigned inputIndex = 0; inputIndex < PWM_INPUT_PORT_COUNT; inputIndex++) {
  63              	 .loc 1 41 0
  64 000e 0023     	 movs r3,#0
  65 0010 FB60     	 str r3,[r7,#12]
  66 0012 0FE0     	 b .L2
  67              	.L3:
  42:../cleanflight/src/main/pg/rx_pwm.c ****         pwmConfig->ioTags[inputIndex] = timerioTagGetByUsage(TIM_USE_PWM, inputIndex);
  68              	 .loc 1 42 0 discriminator 3
  69 0014 FB68     	 ldr r3,[r7,#12]
  70 0016 DBB2     	 uxtb r3,r3
  71 0018 0220     	 movs r0,#2
  72 001a 1946     	 mov r1,r3
  73 001c FFF7FEFF 	 bl timerioTagGetByUsage
  74 0020 0346     	 mov r3,r0
  75 0022 1946     	 mov r1,r3
  76 0024 7A68     	 ldr r2,[r7,#4]
  77 0026 FB68     	 ldr r3,[r7,#12]
  78 0028 1344     	 add r3,r3,r2
  79 002a 0A46     	 mov r2,r1
  80 002c 1A70     	 strb r2,[r3]
  41:../cleanflight/src/main/pg/rx_pwm.c ****     for (unsigned inputIndex = 0; inputIndex < PWM_INPUT_PORT_COUNT; inputIndex++) {
  81              	 .loc 1 41 0 discriminator 3
  82 002e FB68     	 ldr r3,[r7,#12]
  83 0030 0133     	 adds r3,r3,#1
  84 0032 FB60     	 str r3,[r7,#12]
  85              	.L2:
  41:../cleanflight/src/main/pg/rx_pwm.c ****     for (unsigned inputIndex = 0; inputIndex < PWM_INPUT_PORT_COUNT; inputIndex++) {
  86              	 .loc 1 41 0 is_stmt 0 discriminator 1
  87 0034 FB68     	 ldr r3,[r7,#12]
  88 0036 072B     	 cmp r3,#7
  89 0038 ECD9     	 bls .L3
  90              	.LBE2:
  43:../cleanflight/src/main/pg/rx_pwm.c ****     }
  44:../cleanflight/src/main/pg/rx_pwm.c **** }
  91              	 .loc 1 44 0 is_stmt 1
  92 003a 1037     	 adds r7,r7,#16
  93              	.LCFI3:
  94              	 .cfi_def_cfa_offset 8
  95 003c BD46     	 mov sp,r7
  96              	.LCFI4:
  97              	 .cfi_def_cfa_register 13
  98              	 
  99 003e 80BD     	 pop {r7,pc}
 100              	 .cfi_endproc
 101              	.LFE528:
 103              	 .comm ppmConfig_System,1,4
 104              	 .comm ppmConfig_Copy,1,4
 105              	 .global ppmConfig_Registry
 106              	 .section .pg_registry
 107              	 .align 2
 110              	ppmConfig_Registry:
 111 0014 FB01     	 .short 507
 112 0016 0100     	 .short 1
 113 0018 00000000 	 .word ppmConfig_System
 114 001c 00000000 	 .word ppmConfig_Copy
 115 0020 00000000 	 .word 0
 116 0024 00000000 	 .word pgResetFn_ppmConfig
 117              	 .section .text.pgResetFn_ppmConfig,"ax",%progbits
 118              	 .align 2
 119              	 .global pgResetFn_ppmConfig
 120              	 .thumb
 121              	 .thumb_func
 123              	pgResetFn_ppmConfig:
 124              	.LFB529:
  45:../cleanflight/src/main/pg/rx_pwm.c **** #endif
  46:../cleanflight/src/main/pg/rx_pwm.c **** 
  47:../cleanflight/src/main/pg/rx_pwm.c **** #ifdef USE_PPM
  48:../cleanflight/src/main/pg/rx_pwm.c **** PG_REGISTER_WITH_RESET_FN(ppmConfig_t, ppmConfig, PG_PPM_CONFIG, 0);
  49:../cleanflight/src/main/pg/rx_pwm.c **** 
  50:../cleanflight/src/main/pg/rx_pwm.c **** void pgResetFn_ppmConfig(ppmConfig_t *ppmConfig)
  51:../cleanflight/src/main/pg/rx_pwm.c **** {
 125              	 .loc 1 51 0
 126              	 .cfi_startproc
 127              	 
 128              	 
 129 0000 80B5     	 push {r7,lr}
 130              	.LCFI5:
 131              	 .cfi_def_cfa_offset 8
 132              	 .cfi_offset 7,-8
 133              	 .cfi_offset 14,-4
 134 0002 82B0     	 sub sp,sp,#8
 135              	.LCFI6:
 136              	 .cfi_def_cfa_offset 16
 137 0004 00AF     	 add r7,sp,#0
 138              	.LCFI7:
 139              	 .cfi_def_cfa_register 7
 140 0006 7860     	 str r0,[r7,#4]
  52:../cleanflight/src/main/pg/rx_pwm.c ****     ppmConfig->ioTag = timerioTagGetByUsage(TIM_USE_PPM, 0);
 141              	 .loc 1 52 0
 142 0008 0120     	 movs r0,#1
 143 000a 0021     	 movs r1,#0
 144 000c FFF7FEFF 	 bl timerioTagGetByUsage
 145 0010 0346     	 mov r3,r0
 146 0012 1A46     	 mov r2,r3
 147 0014 7B68     	 ldr r3,[r7,#4]
 148 0016 1A70     	 strb r2,[r3]
  53:../cleanflight/src/main/pg/rx_pwm.c **** }
 149              	 .loc 1 53 0
 150 0018 0837     	 adds r7,r7,#8
 151              	.LCFI8:
 152              	 .cfi_def_cfa_offset 8
 153 001a BD46     	 mov sp,r7
 154              	.LCFI9:
 155              	 .cfi_def_cfa_register 13
 156              	 
 157 001c 80BD     	 pop {r7,pc}
 158              	 .cfi_endproc
 159              	.LFE529:
 161 001e 00BF     	 .text
 162              	.Letext0:
 163              	 .file 2 "d:\\xmc\\dave-ide-4.4.2-64bit\\eclipse\\arm-gcc-49\\arm-none-eabi\\include\\machine\\_default_types.h"
 164              	 .file 3 "d:\\xmc\\dave-ide-4.4.2-64bit\\eclipse\\arm-gcc-49\\arm-none-eabi\\include\\stdint.h"
 165              	 .file 4 "D:/XMC/Projekte/Temp/CF_XMC4700/cleanflight/lib/main/XMC4000/XMCLib/inc/xmc_usic.h"
 166              	 .file 5 "D:/XMC/Projekte/Temp/CF_XMC4700/cleanflight/src/main/drivers/io_types.h"
 167              	 .file 6 "D:/XMC/Projekte/Temp/CF_XMC4700/cleanflight/src/main/drivers/resource.h"
 168              	 .file 7 "D:/XMC/Projekte/Temp/CF_XMC4700/cleanflight/src/main/drivers/rx/rx_pwm.h"
 169              	 .file 8 "D:/XMC/Projekte/Temp/CF_XMC4700/cleanflight/src/main/drivers/timer.h"
 170              	 .file 9 "D:/XMC/Projekte/Temp/CF_XMC4700/cleanflight/src/main/pg/pg.h"
 171              	 .file 10 "../cleanflight/src/main/pg/rx_pwm.h"
 172              	 .file 11 "D:/XMC/Projekte/Temp/CF_XMC4700/cleanflight/lib/main/CMSIS/Core/Include/core_cm4.h"
 173              	 .file 12 "D:/XMC/Projekte/Temp/CF_XMC4700/cleanflight/lib/main/XMC4000/system_XMC4700.h"
DEFINED SYMBOLS
                            *ABS*:00000000 rx_pwm.c
                            *COM*:00000009 pwmConfig_System
                            *COM*:00000009 pwmConfig_Copy
    {standard input}:26     .pg_registry:00000000 pwmConfig_Registry
    {standard input}:23     .pg_registry:00000000 $d
    {standard input}:39     .text.pgResetFn_pwmConfig:00000000 pgResetFn_pwmConfig
    {standard input}:34     .text.pgResetFn_pwmConfig:00000000 $t
                            *COM*:00000001 ppmConfig_System
                            *COM*:00000001 ppmConfig_Copy
    {standard input}:110    .pg_registry:00000014 ppmConfig_Registry
    {standard input}:123    .text.pgResetFn_ppmConfig:00000000 pgResetFn_ppmConfig
    {standard input}:118    .text.pgResetFn_ppmConfig:00000000 $t
                     .debug_frame:00000010 $d

UNDEFINED SYMBOLS
timerioTagGetByUsage
