   1              	 .syntax unified
   2              	 .cpu cortex-m4
   3              	 .eabi_attribute 27,3
   4              	 .fpu fpv4-sp-d16
   5              	 .eabi_attribute 20,1
   6              	 .eabi_attribute 21,1
   7              	 .eabi_attribute 23,3
   8              	 .eabi_attribute 24,1
   9              	 .eabi_attribute 25,1
  10              	 .eabi_attribute 26,1
  11              	 .eabi_attribute 30,6
  12              	 .eabi_attribute 34,1
  13              	 .eabi_attribute 18,4
  14              	 .thumb
  15              	 .file "sdcard.c"
  16              	 .text
  17              	.Ltext0:
  18              	 .cfi_sections .debug_frame
  19              	 .comm sdcardConfig_System,8,4
  20              	 .comm sdcardConfig_Copy,8,4
  21              	 .global sdcardConfig_Registry
  22              	 .section .pg_registry,"a",%progbits
  23              	 .align 2
  26              	sdcardConfig_Registry:
  27 0000 FF01     	 .short 511
  28 0002 0800     	 .short 8
  29 0004 00000000 	 .word sdcardConfig_System
  30 0008 00000000 	 .word sdcardConfig_Copy
  31 000c 00000000 	 .word 0
  32 0010 00000000 	 .word pgResetFn_sdcardConfig
  33              	 .section .text.pgResetFn_sdcardConfig,"ax",%progbits
  34              	 .align 2
  35              	 .global pgResetFn_sdcardConfig
  36              	 .thumb
  37              	 .thumb_func
  39              	pgResetFn_sdcardConfig:
  40              	.LFB526:
  41              	 .file 1 "../cleanflight/src/main/pg/sdcard.c"
   1:../cleanflight/src/main/pg/sdcard.c **** /*
   2:../cleanflight/src/main/pg/sdcard.c ****  * This file is part of Cleanflight and Betaflight.
   3:../cleanflight/src/main/pg/sdcard.c ****  *
   4:../cleanflight/src/main/pg/sdcard.c ****  * Cleanflight and Betaflight are free software. You can redistribute
   5:../cleanflight/src/main/pg/sdcard.c ****  * this software and/or modify this software under the terms of the
   6:../cleanflight/src/main/pg/sdcard.c ****  * GNU General Public License as published by the Free Software
   7:../cleanflight/src/main/pg/sdcard.c ****  * Foundation, either version 3 of the License, or (at your option)
   8:../cleanflight/src/main/pg/sdcard.c ****  * any later version.
   9:../cleanflight/src/main/pg/sdcard.c ****  *
  10:../cleanflight/src/main/pg/sdcard.c ****  * Cleanflight and Betaflight are distributed in the hope that they
  11:../cleanflight/src/main/pg/sdcard.c ****  * will be useful, but WITHOUT ANY WARRANTY; without even the implied
  12:../cleanflight/src/main/pg/sdcard.c ****  * warranty of MERCHANTABILITY or FITNESS FOR A PARTICULAR PURPOSE.
  13:../cleanflight/src/main/pg/sdcard.c ****  * See the GNU General Public License for more details.
  14:../cleanflight/src/main/pg/sdcard.c ****  *
  15:../cleanflight/src/main/pg/sdcard.c ****  * You should have received a copy of the GNU General Public License
  16:../cleanflight/src/main/pg/sdcard.c ****  * along with this software.
  17:../cleanflight/src/main/pg/sdcard.c ****  *
  18:../cleanflight/src/main/pg/sdcard.c ****  * If not, see <http://www.gnu.org/licenses/>.
  19:../cleanflight/src/main/pg/sdcard.c ****  */
  20:../cleanflight/src/main/pg/sdcard.c **** 
  21:../cleanflight/src/main/pg/sdcard.c **** #include <stdbool.h>
  22:../cleanflight/src/main/pg/sdcard.c **** #include <stdint.h>
  23:../cleanflight/src/main/pg/sdcard.c **** 
  24:../cleanflight/src/main/pg/sdcard.c **** #include "platform.h"
  25:../cleanflight/src/main/pg/sdcard.c **** 
  26:../cleanflight/src/main/pg/sdcard.c **** #ifdef USE_SDCARD
  27:../cleanflight/src/main/pg/sdcard.c **** 
  28:../cleanflight/src/main/pg/sdcard.c **** #include "pg/pg.h"
  29:../cleanflight/src/main/pg/sdcard.c **** #include "pg/pg_ids.h"
  30:../cleanflight/src/main/pg/sdcard.c **** 
  31:../cleanflight/src/main/pg/sdcard.c **** #include "sdcard.h"
  32:../cleanflight/src/main/pg/sdcard.c **** #include "drivers/bus_spi.h"
  33:../cleanflight/src/main/pg/sdcard.c **** #include "drivers/io.h"
  34:../cleanflight/src/main/pg/sdcard.c **** #include "drivers/dma.h"
  35:../cleanflight/src/main/pg/sdcard.c **** 
  36:../cleanflight/src/main/pg/sdcard.c **** PG_REGISTER_WITH_RESET_FN(sdcardConfig_t, sdcardConfig, PG_SDCARD_CONFIG, 0);
  37:../cleanflight/src/main/pg/sdcard.c **** 
  38:../cleanflight/src/main/pg/sdcard.c **** void pgResetFn_sdcardConfig(sdcardConfig_t *config)
  39:../cleanflight/src/main/pg/sdcard.c **** {
  42              	 .loc 1 39 0
  43              	 .cfi_startproc
  44              	 
  45              	 
  46 0000 80B5     	 push {r7,lr}
  47              	.LCFI0:
  48              	 .cfi_def_cfa_offset 8
  49              	 .cfi_offset 7,-8
  50              	 .cfi_offset 14,-4
  51 0002 82B0     	 sub sp,sp,#8
  52              	.LCFI1:
  53              	 .cfi_def_cfa_offset 16
  54 0004 00AF     	 add r7,sp,#0
  55              	.LCFI2:
  56              	 .cfi_def_cfa_register 7
  57 0006 7860     	 str r0,[r7,#4]
  40:../cleanflight/src/main/pg/sdcard.c ****     config->useDma = false;
  58              	 .loc 1 40 0
  59 0008 7B68     	 ldr r3,[r7,#4]
  60 000a 0022     	 movs r2,#0
  61 000c 1A70     	 strb r2,[r3]
  41:../cleanflight/src/main/pg/sdcard.c **** #ifdef SDCARD_SPI_INSTANCE
  42:../cleanflight/src/main/pg/sdcard.c ****     config->enabled = 1;
  62              	 .loc 1 42 0
  63 000e 7B68     	 ldr r3,[r7,#4]
  64 0010 0122     	 movs r2,#1
  65 0012 5A70     	 strb r2,[r3,#1]
  43:../cleanflight/src/main/pg/sdcard.c ****     config->device = spiDeviceByInstance(SDCARD_SPI_INSTANCE);
  66              	 .loc 1 43 0
  67 0014 0948     	 ldr r0,.L2
  68 0016 FFF7FEFF 	 bl spiDeviceByInstance
  69 001a 0346     	 mov r3,r0
  70 001c DAB2     	 uxtb r2,r3
  71 001e 7B68     	 ldr r3,[r7,#4]
  72 0020 9A70     	 strb r2,[r3,#2]
  44:../cleanflight/src/main/pg/sdcard.c **** #elif defined(USE_SDCARD_SDIO)
  45:../cleanflight/src/main/pg/sdcard.c ****     config->enabled = 1;
  46:../cleanflight/src/main/pg/sdcard.c **** #else
  47:../cleanflight/src/main/pg/sdcard.c ****     config->enabled = 0;
  48:../cleanflight/src/main/pg/sdcard.c ****     config->device = 0;
  49:../cleanflight/src/main/pg/sdcard.c **** #endif
  50:../cleanflight/src/main/pg/sdcard.c **** #ifdef SDCARD_DETECT_PIN
  51:../cleanflight/src/main/pg/sdcard.c ****     config->cardDetectTag = IO_TAG(SDCARD_DETECT_PIN);
  73              	 .loc 1 51 0
  74 0022 7B68     	 ldr r3,[r7,#4]
  75 0024 2A22     	 movs r2,#42
  76 0026 DA70     	 strb r2,[r3,#3]
  52:../cleanflight/src/main/pg/sdcard.c **** #else
  53:../cleanflight/src/main/pg/sdcard.c ****     config->cardDetectTag = IO_TAG_NONE;
  54:../cleanflight/src/main/pg/sdcard.c **** #endif
  55:../cleanflight/src/main/pg/sdcard.c **** #ifdef SDCARD_SPI_CS_PIN
  56:../cleanflight/src/main/pg/sdcard.c ****     config->chipSelectTag = IO_TAG(SDCARD_SPI_CS_PIN);
  77              	 .loc 1 56 0
  78 0028 7B68     	 ldr r3,[r7,#4]
  79 002a 5122     	 movs r2,#81
  80 002c 1A71     	 strb r2,[r3,#4]
  57:../cleanflight/src/main/pg/sdcard.c **** #else
  58:../cleanflight/src/main/pg/sdcard.c ****     config->chipSelectTag = IO_TAG_NONE;
  59:../cleanflight/src/main/pg/sdcard.c **** #endif
  60:../cleanflight/src/main/pg/sdcard.c **** 
  61:../cleanflight/src/main/pg/sdcard.c **** #ifdef SDCARD_DETECT_INVERTED
  62:../cleanflight/src/main/pg/sdcard.c ****     config->cardDetectInverted = 1;
  81              	 .loc 1 62 0
  82 002e 7B68     	 ldr r3,[r7,#4]
  83 0030 0122     	 movs r2,#1
  84 0032 5A71     	 strb r2,[r3,#5]
  63:../cleanflight/src/main/pg/sdcard.c **** #else
  64:../cleanflight/src/main/pg/sdcard.c ****     config->cardDetectInverted = 0;
  65:../cleanflight/src/main/pg/sdcard.c **** #endif
  66:../cleanflight/src/main/pg/sdcard.c **** 
  67:../cleanflight/src/main/pg/sdcard.c **** #if defined(SDCARD_DMA_STREAM_TX_FULL)
  68:../cleanflight/src/main/pg/sdcard.c ****     config->dmaIdentifier = (uint8_t)dmaGetIdentifier(SDCARD_DMA_STREAM_TX_FULL);
  69:../cleanflight/src/main/pg/sdcard.c **** #elif defined(SDCARD_DMA_CHANNEL_TX)
  70:../cleanflight/src/main/pg/sdcard.c ****     config->dmaIdentifier = (uint8_t)dmaGetIdentifier(SDCARD_DMA_CHANNEL_TX);
  71:../cleanflight/src/main/pg/sdcard.c **** #elif defined(SDIO_DMA)
  72:../cleanflight/src/main/pg/sdcard.c ****     config->dmaIdentifier = (uint8_t)dmaGetIdentifier(SDIO_DMA);
  73:../cleanflight/src/main/pg/sdcard.c ****     config->useDma = true;
  74:../cleanflight/src/main/pg/sdcard.c **** #endif
  75:../cleanflight/src/main/pg/sdcard.c **** 
  76:../cleanflight/src/main/pg/sdcard.c **** #if defined(SDCARD_DMA_CHANNEL)
  77:../cleanflight/src/main/pg/sdcard.c ****     config->dmaChannel = SDCARD_DMA_CHANNEL;
  78:../cleanflight/src/main/pg/sdcard.c **** #endif
  79:../cleanflight/src/main/pg/sdcard.c **** }
  85              	 .loc 1 79 0
  86 0034 0837     	 adds r7,r7,#8
  87              	.LCFI3:
  88              	 .cfi_def_cfa_offset 8
  89 0036 BD46     	 mov sp,r7
  90              	.LCFI4:
  91              	 .cfi_def_cfa_register 13
  92              	 
  93 0038 80BD     	 pop {r7,pc}
  94              	.L3:
  95 003a 00BF     	 .align 2
  96              	.L2:
  97 003c 00020340 	 .word 1073938944
  98              	 .cfi_endproc
  99              	.LFE526:
 101              	 .text
 102              	.Letext0:
 103              	 .file 2 "d:\\xmc\\dave-ide-4.4.2-64bit\\eclipse\\arm-gcc-49\\arm-none-eabi\\include\\machine\\_default_types.h"
 104              	 .file 3 "d:\\xmc\\dave-ide-4.4.2-64bit\\eclipse\\arm-gcc-49\\arm-none-eabi\\include\\stdint.h"
 105              	 .file 4 "D:/XMC/Projekte/Temp/CF_XMC4700/cleanflight/lib/main/XMC4000/xmc4700.h"
 106              	 .file 5 "D:/XMC/Projekte/Temp/CF_XMC4700/cleanflight/lib/main/XMC4000/XMCLib/inc/xmc_usic.h"
 107              	 .file 6 "D:/XMC/Projekte/Temp/CF_XMC4700/cleanflight/src/main/pg/pg.h"
 108              	 .file 7 "D:/XMC/Projekte/Temp/CF_XMC4700/cleanflight/src/main/drivers/resource.h"
 109              	 .file 8 "D:/XMC/Projekte/Temp/CF_XMC4700/cleanflight/src/main/drivers/io_types.h"
 110              	 .file 9 "../cleanflight/src/main/pg/sdcard.h"
 111              	 .file 10 "D:/XMC/Projekte/Temp/CF_XMC4700/cleanflight/lib/main/CMSIS/Core/Include/core_cm4.h"
 112              	 .file 11 "D:/XMC/Projekte/Temp/CF_XMC4700/cleanflight/lib/main/XMC4000/system_XMC4700.h"
DEFINED SYMBOLS
                            *ABS*:00000000 sdcard.c
                            *COM*:00000008 sdcardConfig_System
                            *COM*:00000008 sdcardConfig_Copy
    {standard input}:26     .pg_registry:00000000 sdcardConfig_Registry
    {standard input}:23     .pg_registry:00000000 $d
    {standard input}:39     .text.pgResetFn_sdcardConfig:00000000 pgResetFn_sdcardConfig
    {standard input}:34     .text.pgResetFn_sdcardConfig:00000000 $t
    {standard input}:97     .text.pgResetFn_sdcardConfig:0000003c $d
                     .debug_frame:00000010 $d

UNDEFINED SYMBOLS
spiDeviceByInstance
